[2026-02-10 10:44:07,853] INFO      [HARSHIT] Starting adapter
[2026-02-10 10:44:07,853] INFO      [HARSHIT] Adapter INIT | Zerodha adapter starting
[2026-02-10 10:44:07,854] INFO      [HARSHIT] LOGIN_START | Starting Zerodha login
[2026-02-10 10:44:12,615] INFO      [HARSHIT] LOGIN_SUCCESS | Access token received: 1JibF4TzEEzITSEedCu9dbAG917UhEc3
[2026-02-10 10:44:12,615] INFO      [HARSHIT] [INSTRUMENTS] CSV already exists
[2026-02-10 10:44:12,770] INFO      [HARSHIT] [INSTRUMENTS] Loaded 169005 rows
[2026-02-10 10:44:12,771] INFO      [HARSHIT] INSTRUMENTS_READY | Instruments loaded
[2026-02-10 10:44:12,771] INFO      [HARSHIT] Adapter READY | Zerodha adapter initialized
[2026-02-10 10:44:12,771] INFO      [HARSHIT] WS_START | Starting Zerodha WebSocket
[2026-02-10 10:44:12,855] INFO      [HARSHIT] Adapter connected successfully
[2026-02-10 10:44:12,939] INFO      [HARSHIT] [WS] Connected to Zerodha
[2026-02-10 10:44:37,107] INFO      [HARSHIT] COMMAND | action=PLACE_ORDER payload={'Account': '', 'ExchangeClientID': 'HARSHIT', 'ExchangeSegment': 'NSECM', 'ExchangeInstrumentID': 17376, 'SymbolName': 'EXCEL', 'ExchangeInstrumentName': 'EXCEL', 'ProductType': 'CNC', 'OrderType': 'MARKET', 'OrderSide': 'Buy', 'TimeInForce': 'GFD', 'DisclosedQuantity': 0, 'OrderQuantity': 1, 'LimitPrice': 0.0, 'StopPrice': 0.0, 'BlitzAppOrderID': 3156569616, 'AlgoID': '123456789', 'AlgoCategory': '123654789123', 'IsFictiveOrder': 'False'}
[2026-02-10 10:44:37,108] INFO      [HARSHIT] CACHE_TEMP | blitz_id=3156569616
[2026-02-10 10:44:37,109] INFO      [HARSHIT] ZERODHA_REST_OUT | payload={'tradingsymbol': 'EXCEL', 'exchange': 'NSE', 'transaction_type': 'BUY', 'order_type': 'MARKET', 'quantity': 1, 'product': 'CNC', 'price': 0.0, 'trigger_price': 0.0, 'validity': 'DAY', 'disclosed_quantity': 0}
[2026-02-10 10:44:37,233] INFO      [HARSHIT] ZERODHA_REST_IN | payload={'status': 'success', 'data': {'order_id': '260210150717589'}}
[2026-02-10 10:44:37,233] INFO      [HARSHIT] ORDER_PLACED | blitz=3156569616 zerodha=260210150717589
[2026-02-10 10:44:37,345] INFO      [HARSHIT] ZERODHA_WS_RESPONSE | payload={'account_id': 'RGZ539', 'unfilled_quantity': 0, 'checksum': '', 'placed_by': 'RGZ539', 'order_id': '260210150717589', 'exchange_order_id': '1100000028590552', 'parent_order_id': None, 'status': 'OPEN', 'status_message': None, 'status_message_raw': None, 'order_timestamp': '2026-02-10 10:44:37', 'exchange_update_timestamp': '2026-02-10 10:44:37', 'exchange_timestamp': '2026-02-10 10:44:37', 'variety': 'regular', 'exchange': 'NSE', 'tradingsymbol': 'EXCEL', 'instrument_token': 4448257, 'order_type': 'MARKET', 'transaction_type': 'BUY', 'validity': 'DAY', 'product': 'CNC', 'quantity': 1, 'disclosed_quantity': 0, 'price': 0, 'trigger_price': 0, 'average_price': 0, 'filled_quantity': 0, 'pending_quantity': 1, 'cancelled_quantity': 0, 'market_protection': 0, 'meta': {}, 'tag': None, 'guid': '205871XMqktHxhpiJMa'}
[2026-02-10 10:44:37,346] INFO      [HARSHIT] BLITZ_RESPONSE | order_id=260210150717589 payload={'SequenceNumber': 0, 'Account': '', 'ExchangeClientID': 'HARSHIT', 'BlitzAppOrderID': 3156569616, 'ExchangeOrderID': '260210150717589', 'ExchangeSegment': 'NSECM', 'ExchangeInstrumentID': 17376, 'OrderSide': 'Buy', 'OrderType': 'MARKET', 'ProductType': 'CNC', 'TimeInForce': 'GFD', 'OrderPrice': 0.0, 'OrderQuantity': 1, 'OrderStopPrice': 0.0, 'OrderStatus': 'New', 'OrderAverageTradedPrice': 0, 'LeavesQuantity': 4, 'CumulativeQuantity': 2, 'OrderDisclosedQuantity': 0, 'OrderGeneratedDateTime': None, 'ExchangeTransactTime': '2026-02-10 10:44:37', 'LastUpdateDateTime': '2026-02-10 10:44:37', 'CancelRejectReason': '', 'LastTradedPrice': 0.0, 'LastTradedQuantity': 0, 'LastExecutionTransactTime': None, 'ExecutionID': None}
[2026-02-10 10:44:37,590] INFO      [HARSHIT] [WS] NEW order published | order_id=260210150717589
[2026-02-10 10:44:37,592] INFO      [HARSHIT] ZERODHA_WS_RESPONSE | payload={'account_id': 'RGZ539', 'unfilled_quantity': 0, 'checksum': '', 'placed_by': 'RGZ539', 'order_id': '260210150717589', 'exchange_order_id': '1100000028590552', 'parent_order_id': None, 'status': 'COMPLETE', 'status_message': None, 'status_message_raw': None, 'order_timestamp': '2026-02-10 10:44:37', 'exchange_update_timestamp': '2026-02-10 10:44:37', 'exchange_timestamp': '2026-02-10 10:44:37', 'variety': 'regular', 'exchange': 'NSE', 'tradingsymbol': 'EXCEL', 'instrument_token': 4448257, 'order_type': 'MARKET', 'transaction_type': 'BUY', 'validity': 'DAY', 'product': 'CNC', 'quantity': 1, 'disclosed_quantity': 0, 'price': 0, 'trigger_price': 0, 'average_price': 1.22, 'filled_quantity': 1, 'pending_quantity': 0, 'cancelled_quantity': 0, 'market_protection': 0, 'meta': {}, 'tag': None, 'guid': '205871XMqktHxhpiJMa'}
[2026-02-10 10:44:37,592] INFO      [HARSHIT] BLITZ_RESPONSE | order_id=260210150717589 payload={'SequenceNumber': 0, 'Account': '', 'ExchangeClientID': 'HARSHIT', 'BlitzAppOrderID': 3156569616, 'ExchangeOrderID': '260210150717589', 'ExchangeSegment': 'NSECM', 'ExchangeInstrumentID': 17376, 'OrderSide': 'Buy', 'OrderType': 'MARKET', 'ProductType': 'CNC', 'TimeInForce': 'GFD', 'OrderPrice': 0.0, 'OrderQuantity': 1, 'OrderStopPrice': 0.0, 'OrderStatus': 'Filled', 'OrderAverageTradedPrice': 1.22, 'LeavesQuantity': 4, 'CumulativeQuantity': 2, 'OrderDisclosedQuantity': 0, 'OrderGeneratedDateTime': None, 'ExchangeTransactTime': '2026-02-10 10:44:37', 'LastUpdateDateTime': '2026-02-10 10:44:37', 'CancelRejectReason': '', 'LastTradedPrice': 0.0, 'LastTradedQuantity': 0, 'LastExecutionTransactTime': None, 'ExecutionID': None}
[2026-02-10 10:46:42,084] INFO      [HARSHIT] Adapter STOP | Zerodha adapter stopped
