[2026-02-09 16:27:12,466] INFO      [HARSHIT] Starting adapter
[2026-02-09 16:27:12,466] INFO      [HARSHIT] Adapter INIT | Zerodha adapter starting
[2026-02-09 16:27:12,469] INFO      [HARSHIT] LOGIN_START | Starting Zerodha login
[2026-02-09 16:27:15,986] INFO      [HARSHIT] LOGIN_SUCCESS | Access token received: GdE4NvUYCikawIzyZuaLVEe6Mrz04XcZ
[2026-02-09 16:27:15,986] INFO      [HARSHIT] [INSTRUMENTS] CSV already exists
[2026-02-09 16:27:16,115] INFO      [HARSHIT] [INSTRUMENTS] Loaded 169005 rows
[2026-02-09 16:27:16,115] INFO      [HARSHIT] INSTRUMENTS_READY | Instruments loaded
[2026-02-09 16:27:16,115] INFO      [HARSHIT] Adapter READY | Zerodha adapter initialized
[2026-02-09 16:27:16,115] INFO      [HARSHIT] WS_START | Starting Zerodha WebSocket
[2026-02-09 16:27:16,122] INFO      [HARSHIT] WS_HEARTBEAT_START | Monitoring every 30s
[2026-02-09 16:27:16,199] INFO      [HARSHIT] Adapter connected successfully
[2026-02-09 16:27:16,235] INFO      [HARSHIT] WS_CONNECTED | Connected to Zerodha
[2026-02-09 16:38:17,163] INFO      [HARSHIT] Adapter STOP | Stopping Zerodha adapter
[2026-02-09 16:38:17,164] INFO      [HARSHIT] WS_STOP | Closing Zerodha WebSocket
[2026-02-09 16:38:17,164] INFO      [HARSHIT] WS_HEARTBEAT_STOP | Stopping heartbeat monitor
[2026-02-09 16:38:17,164] INFO      [HARSHIT] WS_STOPPED | WebSocket closed and cleaned up
[2026-02-09 16:38:17,164] INFO      [HARSHIT] Adapter STOPPED | Zerodha adapter stopped successfully
[2026-02-09 16:38:17,371] WARNING   [HARSHIT] WS_CLOSED | code=None reason=None
[2026-02-09 16:38:17,371] INFO      [HARSHIT] WS_DISCONNECT_INTENTIONAL | Not reconnecting
[2026-02-09 16:42:33,206] INFO      [HARSHIT] Starting adapter
[2026-02-09 16:42:33,207] INFO      [HARSHIT] Adapter INIT | Zerodha adapter starting
[2026-02-09 16:42:33,207] INFO      [HARSHIT] LOGIN_START | Starting Zerodha login
[2026-02-09 16:42:46,476] ERROR     [HARSHIT] LOGIN_FAILED | Invalid credentials
[2026-02-09 16:44:15,681] INFO      [HARSHIT] Starting adapter
[2026-02-09 16:44:15,683] INFO      [HARSHIT] Adapter INIT | Zerodha adapter starting
[2026-02-09 16:44:15,685] INFO      [HARSHIT] LOGIN_START | Starting Zerodha login
[2026-02-09 16:44:20,928] INFO      [HARSHIT] LOGIN_SUCCESS | Access token received: GdE4NvUYCikawIzyZuaLVEe6Mrz04XcZ
[2026-02-09 16:44:20,928] INFO      [HARSHIT] [INSTRUMENTS] CSV already exists
[2026-02-09 16:44:20,928] INFO      [HARSHIT] INSTRUMENTS_READY | Instruments loaded
[2026-02-09 16:44:20,928] INFO      [HARSHIT] Adapter READY | Zerodha adapter initialized
[2026-02-09 16:44:20,928] INFO      [HARSHIT] WS_START | Starting Zerodha WebSocket
[2026-02-09 16:44:20,931] INFO      [HARSHIT] WS_HEARTBEAT_START | Monitoring every 30s
[2026-02-09 16:44:21,013] INFO      [HARSHIT] Adapter connected successfully
[2026-02-09 16:44:45,087] INFO      [HARSHIT] COMMAND | action=PLACE_ORDER payload={'Account': '', 'ExchangeClientID': 'HARSHIT', 'ExchangeSegment': 'NSECM', 'ExchangeInstrumentID': 14366, 'SymbolName': 'IDEA', 'ExchangeInstrumentName': 'IDEA', 'ProductType': 'MIS', 'OrderType': 'LIMIT', 'OrderSide': 'Buy', 'TimeInForce': 'GFD', 'DisclosedQuantity': 0, 'OrderQuantity': 1, 'LimitPrice': 6.96, 'StopPrice': 0.0, 'BlitzAppOrderID': 3156800278, 'AlgoID': '123456789', 'AlgoCategory': '123654789123', 'IsFictiveOrder': 'False'}
[2026-02-09 16:44:45,087] INFO      [HARSHIT] CACHE_TEMP | blitz_id=3156800278
[2026-02-09 16:44:45,089] INFO      [HARSHIT] ZERODHA_REST_OUT | payload={'tradingsymbol': 'IDEA', 'exchange': 'NSE', 'transaction_type': 'BUY', 'order_type': 'LIMIT', 'quantity': 1, 'product': 'MIS', 'price': 6.96, 'trigger_price': 0.0, 'validity': 'DAY', 'disclosed_quantity': 0}
[2026-02-09 16:44:45,220] INFO      [HARSHIT] ZERODHA_REST_IN | payload={'status': 'error', 'message': 'Your order price is lower than the current [lower circuit limit](https://support.zerodha.com/category/trading-and-markets/trading-faqs/articles/what-does-circuit-limits-i-e-price-bands-mean) of 10.01. You can place an order within the range or [use GTT](https://support.zerodha.com/category/trading-and-markets/gtt/articles/what-is-the-good-till-triggered-gtt-feature) for long-standing orders.', 'data': None, 'error_type': 'InputException'}
[2026-02-09 16:44:50,936] WARNING   [HARSHIT] WS_HEARTBEAT_FAILED | Connection lost, triggering reconnect
[2026-02-09 16:44:50,937] WARNING   [HARSHIT] WS_CLOSED | code=1006 reason=Heartbeat detected connection loss
[2026-02-09 16:44:50,937] INFO      [HARSHIT] WS_DISCONNECT_UNEXPECTED | Triggering auto-reconnect
[2026-02-09 16:44:50,938] WARNING   [HARSHIT] WS_RECONNECT_ATTEMPT | attempt=1/10 delay=1s
[2026-02-09 16:44:51,940] INFO      [HARSHIT] WS_RECONNECTING | Starting reconnection
[2026-02-09 16:45:20,949] WARNING   [HARSHIT] WS_HEARTBEAT_FAILED | Connection lost, triggering reconnect
[2026-02-09 16:45:20,954] WARNING   [HARSHIT] WS_CLOSED | code=1006 reason=Heartbeat detected connection loss
[2026-02-09 16:45:20,954] INFO      [HARSHIT] WS_DISCONNECT_UNEXPECTED | Triggering auto-reconnect
[2026-02-09 16:45:20,954] WARNING   [HARSHIT] WS_RECONNECT_ATTEMPT | attempt=2/10 delay=2s
[2026-02-09 16:45:22,961] INFO      [HARSHIT] WS_RECONNECTING | Starting reconnection
[2026-02-09 16:45:50,960] WARNING   [HARSHIT] WS_HEARTBEAT_FAILED | Connection lost, triggering reconnect
[2026-02-09 16:45:50,964] WARNING   [HARSHIT] WS_CLOSED | code=1006 reason=Heartbeat detected connection loss
[2026-02-09 16:45:50,965] INFO      [HARSHIT] WS_DISCONNECT_UNEXPECTED | Triggering auto-reconnect
[2026-02-09 16:45:50,965] WARNING   [HARSHIT] WS_RECONNECT_ATTEMPT | attempt=3/10 delay=4s
[2026-02-09 16:45:54,971] INFO      [HARSHIT] WS_RECONNECTING | Starting reconnection
[2026-02-09 16:46:09,719] INFO      [HARSHIT] Adapter STOP | Stopping Zerodha adapter
[2026-02-09 16:46:09,720] INFO      [HARSHIT] WS_STOP | Closing Zerodha WebSocket
[2026-02-09 16:46:09,720] INFO      [HARSHIT] WS_HEARTBEAT_STOP | Stopping heartbeat monitor
[2026-02-09 16:46:09,720] INFO      [HARSHIT] WS_STOPPED | WebSocket closed and cleaned up
[2026-02-09 16:46:09,720] INFO      [HARSHIT] Adapter STOPPED | Zerodha adapter stopped successfully
