[2026-02-12 15:45:23,342] INFO      [HARSHIT] Starting adapter
[2026-02-12 15:45:23,342] INFO      [HARSHIT] Adapter INIT | Zerodha adapter starting
[2026-02-12 15:45:23,343] INFO      [HARSHIT] LOGIN_START | Starting Zerodha login
[2026-02-12 15:45:33,614] ERROR     [HARSHIT] LOGIN_FAILED | Invalid credentials
[2026-02-12 15:53:24,300] INFO      [HARSHIT] Starting adapter
[2026-02-12 15:53:24,302] INFO      [HARSHIT] Adapter INIT | Zerodha adapter starting
[2026-02-12 15:53:24,303] INFO      [HARSHIT] LOGIN_START | Starting Zerodha login
[2026-02-12 15:53:34,052] ERROR     [HARSHIT] LOGIN_FAILED | Invalid credentials
[2026-02-12 15:59:21,639] INFO      [HARSHIT] Starting adapter
[2026-02-12 15:59:21,641] INFO      [HARSHIT] Adapter INIT | Zerodha adapter starting
[2026-02-12 15:59:21,642] INFO      [HARSHIT] LOGIN_START | Starting Zerodha login
[2026-02-12 15:59:26,715] INFO      [HARSHIT] LOGIN_SUCCESS | Access token received: uzPVN331i1Dk8CIdm5QX1cf2ThJn4QGU
[2026-02-12 15:59:26,716] INFO      [HARSHIT] [INSTRUMENTS] CSV already exists
[2026-02-12 15:59:26,875] INFO      [HARSHIT] [INSTRUMENTS] Loaded 169364 rows
[2026-02-12 15:59:26,875] INFO      [HARSHIT] INSTRUMENTS_READY | Instruments loaded
[2026-02-12 15:59:26,875] INFO      [HARSHIT] Adapter READY | Zerodha adapter initialized
[2026-02-12 15:59:26,875] INFO      [HARSHIT] WS_START | Starting Zerodha WebSocket
[2026-02-12 15:59:26,949] INFO      [HARSHIT] Adapter connected successfully
[2026-02-12 15:59:27,058] INFO      [HARSHIT] [WS] Connected to Zerodha
[2026-02-12 15:59:34,481] INFO      [HARSHIT] COMMAND | action=PLACE_ORDER payload={'Account': '', 'ExchangeClientID': 'HARSHIT', 'ExchangeSegment': 'NSECM', 'ExchangeInstrumentID': 14366, 'SymbolName': 'IDEA', 'ExchangeInstrumentName': 'IDEA', 'ProductType': 'MIS', 'OrderType': 'MARKET', 'OrderSide': 'Buy', 'TimeInForce': 'GFD', 'DisclosedQuantity': 0, 'OrderQuantity': 1, 'LimitPrice': 0.0, 'StopPrice': 0.0, 'BlitzAppOrderID': 3156655013, 'AlgoID': '123456789', 'AlgoCategory': '123654789123', 'IsFictiveOrder': 'False'}
[2026-02-12 15:59:34,482] INFO      [HARSHIT] CACHE_TEMP | blitz_id=3156655013
[2026-02-12 15:59:34,483] INFO      [HARSHIT] ZERODHA_REST_OUT | payload={'tradingsymbol': 'IDEA', 'exchange': 'NSE', 'transaction_type': 'BUY', 'order_type': 'MARKET', 'quantity': 1, 'product': 'MIS', 'price': 0.0, 'trigger_price': 0.0, 'validity': 'DAY', 'disclosed_quantity': 0}
[2026-02-12 15:59:34,672] INFO      [HARSHIT] ZERODHA_REST_IN | payload={'status': 'error', 'message': 'Intraday orders (MIS) are allowed only till 3.25 PM. Try placing a CNC order.', 'data': None, 'error_type': 'InputException'}
[2026-02-12 16:00:18,028] INFO      [HARSHIT] [WS] Stopping WebSocket connection
[2026-02-12 16:00:18,030] INFO      [HARSHIT] [WS] State cleared
[2026-02-12 16:00:18,030] INFO      [HARSHIT] Adapter STOP | Zerodha adapter stopped
[2026-02-12 16:00:23,510] INFO      [HARSHIT] Starting adapter
[2026-02-12 16:00:23,511] INFO      [HARSHIT] Adapter INIT | Zerodha adapter starting
[2026-02-12 16:00:23,513] INFO      [HARSHIT] LOGIN_START | Starting Zerodha login
[2026-02-12 16:00:27,096] INFO      [HARSHIT] LOGIN_SUCCESS | Access token received: uzPVN331i1Dk8CIdm5QX1cf2ThJn4QGU
[2026-02-12 16:00:27,099] INFO      [HARSHIT] [INSTRUMENTS] CSV already exists
[2026-02-12 16:00:27,099] INFO      [HARSHIT] INSTRUMENTS_READY | Instruments loaded
[2026-02-12 16:00:27,099] INFO      [HARSHIT] Adapter READY | Zerodha adapter initialized
[2026-02-12 16:00:27,099] INFO      [HARSHIT] WS_START | Starting Zerodha WebSocket
[2026-02-12 16:00:27,157] INFO      [HARSHIT] Adapter connected successfully
[2026-02-12 16:00:32,640] INFO      [HARSHIT] COMMAND | action=PLACE_ORDER payload={'Account': '', 'ExchangeClientID': 'HARSHIT', 'ExchangeSegment': 'NSECM', 'ExchangeInstrumentID': 14366, 'SymbolName': 'IDEA', 'ExchangeInstrumentName': 'IDEA', 'ProductType': 'MIS', 'OrderType': 'MARKET', 'OrderSide': 'Buy', 'TimeInForce': 'GFD', 'DisclosedQuantity': 0, 'OrderQuantity': 1, 'LimitPrice': 0.0, 'StopPrice': 0.0, 'BlitzAppOrderID': 3156655014, 'AlgoID': '123456789', 'AlgoCategory': '123654789123', 'IsFictiveOrder': 'False'}
[2026-02-12 16:00:32,641] INFO      [HARSHIT] CACHE_TEMP | blitz_id=3156655014
[2026-02-12 16:00:32,641] INFO      [HARSHIT] ZERODHA_REST_OUT | payload={'tradingsymbol': 'IDEA', 'exchange': 'NSE', 'transaction_type': 'BUY', 'order_type': 'MARKET', 'quantity': 1, 'product': 'MIS', 'price': 0.0, 'trigger_price': 0.0, 'validity': 'DAY', 'disclosed_quantity': 0}
[2026-02-12 16:00:32,766] INFO      [HARSHIT] ZERODHA_REST_IN | payload={'status': 'error', 'message': 'Your order could not be converted to a After Market Order (AMO).', 'data': {'hints': ['switch_to_amo']}, 'error_type': 'InputException'}
[2026-02-12 16:04:17,561] INFO      [HARSHIT] COMMAND | action=PLACE_ORDER payload={'Account': '', 'ExchangeClientID': 'HARSHIT', 'ExchangeSegment': 'NSECM', 'ExchangeInstrumentID': 14366, 'SymbolName': 'IDEA', 'ExchangeInstrumentName': 'IDEA', 'ProductType': 'MIS', 'OrderType': 'MARKET', 'OrderSide': 'Buy', 'TimeInForce': 'GFD', 'DisclosedQuantity': 0, 'OrderQuantity': 1, 'LimitPrice': 0.0, 'StopPrice': 0.0, 'BlitzAppOrderID': 3156655017, 'AlgoID': '123456789', 'AlgoCategory': '123654789123', 'IsFictiveOrder': 'False'}
[2026-02-12 16:04:17,563] INFO      [HARSHIT] CACHE_TEMP | blitz_id=3156655017
[2026-02-12 16:04:17,563] INFO      [HARSHIT] ZERODHA_REST_OUT | payload={'tradingsymbol': 'IDEA', 'exchange': 'NSE', 'transaction_type': 'BUY', 'order_type': 'MARKET', 'quantity': 1, 'product': 'MIS', 'price': 0.0, 'trigger_price': 0.0, 'validity': 'DAY', 'disclosed_quantity': 0}
[2026-02-12 16:04:17,699] INFO      [HARSHIT] ZERODHA_REST_IN | payload={'status': 'error', 'message': 'Your order could not be converted to a After Market Order (AMO).', 'data': {'hints': ['switch_to_amo']}, 'error_type': 'InputException'}
[2026-02-12 16:05:01,493] INFO      [HARSHIT] COMMAND | action=PLACE_ORDER payload={'Account': '', 'ExchangeClientID': 'HARSHIT', 'ExchangeSegment': 'NSECM', 'ExchangeInstrumentID': 14366, 'SymbolName': 'IDEA', 'ExchangeInstrumentName': 'IDEA', 'ProductType': 'MIS', 'OrderType': 'MARKET', 'OrderSide': 'Buy', 'TimeInForce': 'GFD', 'DisclosedQuantity': 0, 'OrderQuantity': 1, 'LimitPrice': 0.0, 'StopPrice': 0.0, 'BlitzAppOrderID': 3156655019, 'AlgoID': '123456789', 'AlgoCategory': '123654789123', 'IsFictiveOrder': 'False'}
[2026-02-12 16:05:01,495] INFO      [HARSHIT] CACHE_TEMP | blitz_id=3156655019
[2026-02-12 16:05:01,495] INFO      [HARSHIT] ZERODHA_REST_OUT | payload={'tradingsymbol': 'IDEA', 'exchange': 'NSE', 'transaction_type': 'BUY', 'order_type': 'MARKET', 'quantity': 1, 'product': 'MIS', 'price': 0.0, 'trigger_price': 0.0, 'validity': 'DAY', 'disclosed_quantity': 0}
[2026-02-12 16:05:01,661] INFO      [HARSHIT] ZERODHA_REST_IN | payload={'status': 'error', 'message': 'Your order could not be converted to a After Market Order (AMO).', 'data': {'hints': ['switch_to_amo']}, 'error_type': 'InputException'}
[2026-02-12 16:05:14,729] INFO      [HARSHIT] [WS] Stopping WebSocket connection
[2026-02-12 16:05:14,730] INFO      [HARSHIT] [WS] State cleared
[2026-02-12 16:05:14,731] INFO      [HARSHIT] Adapter STOP | Zerodha adapter stopped
[2026-02-12 16:05:23,221] INFO      [HARSHIT] Starting adapter
[2026-02-12 16:05:23,222] INFO      [HARSHIT] Adapter INIT | Zerodha adapter starting
[2026-02-12 16:05:23,224] INFO      [HARSHIT] LOGIN_START | Starting Zerodha login
[2026-02-12 16:05:27,959] INFO      [HARSHIT] LOGIN_SUCCESS | Access token received: uzPVN331i1Dk8CIdm5QX1cf2ThJn4QGU
[2026-02-12 16:05:27,960] INFO      [HARSHIT] [INSTRUMENTS] CSV already exists
[2026-02-12 16:05:27,960] INFO      [HARSHIT] INSTRUMENTS_READY | Instruments loaded
[2026-02-12 16:05:27,960] INFO      [HARSHIT] Adapter READY | Zerodha adapter initialized
[2026-02-12 16:05:27,960] INFO      [HARSHIT] WS_START | Starting Zerodha WebSocket
[2026-02-12 16:05:28,037] INFO      [HARSHIT] Adapter connected successfully
[2026-02-12 16:05:33,921] INFO      [HARSHIT] COMMAND | action=PLACE_ORDER payload={'Account': '', 'ExchangeClientID': 'HARSHIT', 'ExchangeSegment': 'NSECM', 'ExchangeInstrumentID': 14366, 'SymbolName': 'IDEA', 'ExchangeInstrumentName': 'IDEA', 'ProductType': 'MIS', 'OrderType': 'MARKET', 'OrderSide': 'Buy', 'TimeInForce': 'GFD', 'DisclosedQuantity': 0, 'OrderQuantity': 1, 'LimitPrice': 0.0, 'StopPrice': 0.0, 'BlitzAppOrderID': 3156655020, 'AlgoID': '123456789', 'AlgoCategory': '123654789123', 'IsFictiveOrder': 'False'}
[2026-02-12 16:05:33,922] INFO      [HARSHIT] CACHE_TEMP | blitz_id=3156655020
[2026-02-12 16:05:33,923] INFO      [HARSHIT] ZERODHA_REST_OUT | payload={'tradingsymbol': 'IDEA', 'exchange': 'NSE', 'transaction_type': 'BUY', 'order_type': 'MARKET', 'quantity': 1, 'product': 'MIS', 'price': 0.0, 'trigger_price': 0.0, 'validity': 'DAY', 'disclosed_quantity': 0}
[2026-02-12 16:05:34,086] INFO      [HARSHIT] ZERODHA_REST_IN | payload={'status': 'error', 'message': 'Your order could not be converted to a After Market Order (AMO).', 'data': {'hints': ['switch_to_amo']}, 'error_type': 'InputException'}
[2026-02-12 16:09:12,025] INFO      [HARSHIT] COMMAND | action=PLACE_ORDER payload={'Account': '', 'ExchangeClientID': 'HARSHIT', 'ExchangeSegment': 'NSECM', 'ExchangeInstrumentID': 14366, 'SymbolName': 'IDEA', 'ExchangeInstrumentName': 'IDEA', 'ProductType': 'MIS', 'OrderType': 'MARKET', 'OrderSide': 'Buy', 'TimeInForce': 'GFD', 'DisclosedQuantity': 0, 'OrderQuantity': 1, 'LimitPrice': 0.0, 'StopPrice': 0.0, 'BlitzAppOrderID': 3156655023, 'AlgoID': '123456789', 'AlgoCategory': '123654789123', 'IsFictiveOrder': 'False'}
[2026-02-12 16:09:12,026] INFO      [HARSHIT] CACHE_TEMP | blitz_id=3156655023
[2026-02-12 16:09:12,026] INFO      [HARSHIT] ZERODHA_REST_OUT | payload={'tradingsymbol': 'IDEA', 'exchange': 'NSE', 'transaction_type': 'BUY', 'order_type': 'MARKET', 'quantity': 1, 'product': 'MIS', 'price': 0.0, 'trigger_price': 0.0, 'validity': 'DAY', 'disclosed_quantity': 0}
[2026-02-12 16:09:12,166] INFO      [HARSHIT] ZERODHA_REST_IN | payload={'status': 'error', 'message': 'Your order could not be converted to a After Market Order (AMO).', 'data': {'hints': ['switch_to_amo']}, 'error_type': 'InputException'}
[2026-02-12 16:09:19,164] INFO      [HARSHIT] COMMAND | action=PLACE_ORDER payload={'Account': '', 'ExchangeClientID': 'HARSHIT', 'ExchangeSegment': 'NSECM', 'ExchangeInstrumentID': 17376, 'SymbolName': 'EXCEL', 'ExchangeInstrumentName': 'EXCEL', 'ProductType': 'CNC', 'OrderType': 'MARKET', 'OrderSide': 'Buy', 'TimeInForce': 'GFD', 'DisclosedQuantity': 0, 'OrderQuantity': 1, 'LimitPrice': 0.0, 'StopPrice': 0.0, 'BlitzAppOrderID': 3156655024, 'AlgoID': '123456789', 'AlgoCategory': '123654789123', 'IsFictiveOrder': 'False'}
[2026-02-12 16:09:19,165] INFO      [HARSHIT] CACHE_TEMP | blitz_id=3156655024
[2026-02-12 16:09:19,165] INFO      [HARSHIT] ZERODHA_REST_OUT | payload={'tradingsymbol': 'EXCEL', 'exchange': 'NSE', 'transaction_type': 'BUY', 'order_type': 'MARKET', 'quantity': 1, 'product': 'CNC', 'price': 0.0, 'trigger_price': 0.0, 'validity': 'DAY', 'disclosed_quantity': 0}
[2026-02-12 16:09:19,316] INFO      [HARSHIT] ZERODHA_REST_IN | payload={'status': 'error', 'message': 'Your order could not be converted to a After Market Order (AMO).', 'data': {'hints': ['switch_to_amo']}, 'error_type': 'InputException'}
[2026-02-12 16:16:11,601] INFO      [HARSHIT] COMMAND | action=PLACE_ORDER payload={'Account': '', 'ExchangeClientID': 'HARSHIT', 'ExchangeSegment': 'NSECM', 'ExchangeInstrumentID': 14366, 'SymbolName': 'IDEA', 'ExchangeInstrumentName': 'IDEA', 'ProductType': 'MIS', 'OrderType': 'MARKET', 'OrderSide': 'Buy', 'TimeInForce': 'GFD', 'DisclosedQuantity': 0, 'OrderQuantity': 1, 'LimitPrice': 0.0, 'StopPrice': 0.0, 'BlitzAppOrderID': 3156655025, 'AlgoID': '123456789', 'AlgoCategory': '123654789123', 'IsFictiveOrder': 'False'}
[2026-02-12 16:16:11,603] INFO      [HARSHIT] CACHE_TEMP | blitz_id=3156655025
[2026-02-12 16:16:11,603] INFO      [HARSHIT] ZERODHA_REST_OUT | payload={'tradingsymbol': 'IDEA', 'exchange': 'NSE', 'transaction_type': 'BUY', 'order_type': 'MARKET', 'quantity': 1, 'product': 'MIS', 'price': 0.0, 'trigger_price': 0.0, 'validity': 'DAY', 'disclosed_quantity': 0}
[2026-02-12 16:16:11,905] INFO      [HARSHIT] ZERODHA_REST_IN | payload={'status': 'error', 'message': 'Your order could not be converted to a After Market Order (AMO).', 'data': {'hints': ['switch_to_amo']}, 'error_type': 'InputException'}
[2026-02-12 16:38:34,534] INFO      [HARSHIT] COMMAND | action=PLACE_ORDER payload={'Account': '', 'ExchangeClientID': 'HARSHIT', 'ExchangeSegment': 'NSECM', 'ExchangeInstrumentID': 14366, 'SymbolName': 'IDEA', 'ExchangeInstrumentName': 'IDEA', 'ProductType': 'MIS', 'OrderType': 'MARKET', 'OrderSide': 'Buy', 'TimeInForce': 'GFD', 'DisclosedQuantity': 0, 'OrderQuantity': 1, 'LimitPrice': 0.0, 'StopPrice': 0.0, 'BlitzAppOrderID': 3156655028, 'AlgoID': '123456789', 'AlgoCategory': '123654789123', 'IsFictiveOrder': 'False'}
[2026-02-12 16:38:34,536] INFO      [HARSHIT] CACHE_TEMP | blitz_id=3156655028
[2026-02-12 16:38:34,536] INFO      [HARSHIT] ZERODHA_REST_OUT | payload={'tradingsymbol': 'IDEA', 'exchange': 'NSE', 'transaction_type': 'BUY', 'order_type': 'MARKET', 'quantity': 1, 'product': 'MIS', 'price': 0.0, 'trigger_price': 0.0, 'validity': 'DAY', 'disclosed_quantity': 0}
[2026-02-12 16:38:34,659] INFO      [HARSHIT] ZERODHA_REST_IN | payload={'status': 'error', 'message': 'Your order could not be converted to a After Market Order (AMO).', 'data': {'hints': ['switch_to_amo']}, 'error_type': 'InputException'}
[2026-02-12 16:43:26,480] INFO      [HARSHIT] COMMAND | action=PLACE_ORDER payload={'Account': '', 'ExchangeClientID': 'HARSHIT', 'ExchangeSegment': 'NSECM', 'ExchangeInstrumentID': 14366, 'SymbolName': 'IDEA', 'ExchangeInstrumentName': 'IDEA', 'ProductType': 'MIS', 'OrderType': 'MARKET', 'OrderSide': 'Buy', 'TimeInForce': 'GFD', 'DisclosedQuantity': 0, 'OrderQuantity': 1, 'LimitPrice': 0.0, 'StopPrice': 0.0, 'BlitzAppOrderID': 3156655060, 'AlgoID': '123456789', 'AlgoCategory': '123654789123', 'IsFictiveOrder': 'False'}
[2026-02-12 16:43:26,482] INFO      [HARSHIT] CACHE_TEMP | blitz_id=3156655060
[2026-02-12 16:43:26,482] INFO      [HARSHIT] ZERODHA_REST_OUT | payload={'tradingsymbol': 'IDEA', 'exchange': 'NSE', 'transaction_type': 'BUY', 'order_type': 'MARKET', 'quantity': 1, 'product': 'MIS', 'price': 0.0, 'trigger_price': 0.0, 'validity': 'DAY', 'disclosed_quantity': 0}
[2026-02-12 16:43:26,614] INFO      [HARSHIT] ZERODHA_REST_IN | payload={'status': 'error', 'message': 'Your order could not be converted to a After Market Order (AMO).', 'data': {'hints': ['switch_to_amo']}, 'error_type': 'InputException'}
[2026-02-12 16:45:02,413] INFO      [HARSHIT] COMMAND | action=PLACE_ORDER payload={'Account': '', 'ExchangeClientID': 'HARSHIT', 'ExchangeSegment': 'NSECM', 'ExchangeInstrumentID': 14366, 'SymbolName': 'IDEA', 'ExchangeInstrumentName': 'IDEA', 'ProductType': 'MIS', 'OrderType': 'MARKET', 'OrderSide': 'Buy', 'TimeInForce': 'GFD', 'DisclosedQuantity': 0, 'OrderQuantity': 1, 'LimitPrice': 0.0, 'StopPrice': 0.0, 'BlitzAppOrderID': 3156655063, 'AlgoID': '123456789', 'AlgoCategory': '123654789123', 'IsFictiveOrder': 'False'}
[2026-02-12 16:45:02,413] INFO      [HARSHIT] CACHE_TEMP | blitz_id=3156655063
[2026-02-12 16:45:02,414] INFO      [HARSHIT] ZERODHA_REST_OUT | payload={'tradingsymbol': 'IDEA', 'exchange': 'NSE', 'transaction_type': 'BUY', 'order_type': 'MARKET', 'quantity': 1, 'product': 'MIS', 'price': 0.0, 'trigger_price': 0.0, 'validity': 'DAY', 'disclosed_quantity': 0}
[2026-02-12 16:45:02,556] INFO      [HARSHIT] ZERODHA_REST_IN | payload={'status': 'error', 'message': 'Your order could not be converted to a After Market Order (AMO).', 'data': {'hints': ['switch_to_amo']}, 'error_type': 'InputException'}
