[2026-02-10 10:31:23,496] INFO      [HARSHIT] Starting adapter
[2026-02-10 10:31:23,496] INFO      [HARSHIT] Adapter INIT | Zerodha adapter starting
[2026-02-10 10:31:23,497] INFO      [HARSHIT] LOGIN_START | Starting Zerodha login
[2026-02-10 10:31:28,376] INFO      [HARSHIT] LOGIN_SUCCESS | Access token received: 1JibF4TzEEzITSEedCu9dbAG917UhEc3
[2026-02-10 10:31:28,377] INFO      [HARSHIT] [INSTRUMENTS] CSV already exists
[2026-02-10 10:31:28,534] INFO      [HARSHIT] [INSTRUMENTS] Loaded 169005 rows
[2026-02-10 10:31:28,534] INFO      [HARSHIT] INSTRUMENTS_READY | Instruments loaded
[2026-02-10 10:31:28,534] INFO      [HARSHIT] Adapter READY | Zerodha adapter initialized
[2026-02-10 10:31:28,534] INFO      [HARSHIT] WS_START | Starting Zerodha WebSocket
[2026-02-10 10:31:28,621] INFO      [HARSHIT] Adapter connected successfully
[2026-02-10 10:31:28,688] INFO      [HARSHIT] [WS] Connected to Zerodha
[2026-02-10 10:31:40,083] INFO      [HARSHIT] COMMAND | action=PLACE_ORDER payload={'Account': '', 'ExchangeClientID': 'HARSHIT', 'ExchangeSegment': 'NSECM', 'ExchangeInstrumentID': 17376, 'SymbolName': 'EXCEL', 'ExchangeInstrumentName': 'EXCEL', 'ProductType': 'CNC', 'OrderType': 'MARKET', 'OrderSide': 'Buy', 'TimeInForce': 'GFD', 'DisclosedQuantity': 0, 'OrderQuantity': 1, 'LimitPrice': 0.0, 'StopPrice': 0.0, 'BlitzAppOrderID': 3156569602, 'AlgoID': '123456789', 'AlgoCategory': '123654789123', 'IsFictiveOrder': 'False'}
[2026-02-10 10:31:40,086] INFO      [HARSHIT] CACHE_TEMP | blitz_id=3156569602
[2026-02-10 10:31:40,087] INFO      [HARSHIT] ZERODHA_REST_OUT | payload={'tradingsymbol': 'EXCEL', 'exchange': 'NSE', 'transaction_type': 'BUY', 'order_type': 'MARKET', 'quantity': 1, 'product': 'CNC', 'price': 0.0, 'trigger_price': 0.0, 'validity': 'DAY', 'disclosed_quantity': 0}
[2026-02-10 10:31:40,226] INFO      [HARSHIT] ZERODHA_REST_IN | payload={'status': 'success', 'data': {'order_id': '260210150657030'}}
[2026-02-10 10:31:40,226] INFO      [HARSHIT] ORDER_PLACED | blitz=3156569602 zerodha=260210150657030
[2026-02-10 10:31:40,254] INFO      [HARSHIT] ZERODHA_WS_RESPONSE | payload={'account_id': 'RGZ539', 'unfilled_quantity': 0, 'checksum': '', 'placed_by': 'RGZ539', 'order_id': '260210150657030', 'exchange_order_id': '1100000025919016', 'parent_order_id': None, 'status': 'OPEN', 'status_message': None, 'status_message_raw': None, 'order_timestamp': '2026-02-10 10:31:40', 'exchange_update_timestamp': '2026-02-10 10:31:40', 'exchange_timestamp': '2026-02-10 10:31:40', 'variety': 'regular', 'exchange': 'NSE', 'tradingsymbol': 'EXCEL', 'instrument_token': 4448257, 'order_type': 'MARKET', 'transaction_type': 'BUY', 'validity': 'DAY', 'product': 'CNC', 'quantity': 1, 'disclosed_quantity': 0, 'price': 0, 'trigger_price': 0, 'average_price': 0, 'filled_quantity': 0, 'pending_quantity': 1, 'cancelled_quantity': 0, 'market_protection': 0, 'meta': {}, 'tag': None, 'guid': '205871XjYam9oj51XUz'}
[2026-02-10 10:31:40,255] INFO      [HARSHIT] BLITZ_RESPONSE | order_id=260210150657030 payload={'SequenceNumber': 0, 'Account': '', 'ExchangeClientID': 'HARSHIT', 'BlitzAppOrderID': 3156569602, 'ExchangeOrderID': '260210150657030', 'ExchangeSegment': 'NSECM', 'ExchangeInstrumentID': 17376, 'OrderSide': 'Buy', 'OrderType': 'MARKET', 'ProductType': 'CNC', 'TimeInForce': 'GFD', 'OrderPrice': 0.0, 'OrderQuantity': 1, 'OrderStopPrice': 0.0, 'OrderStatus': 'New', 'OrderAverageTradedPrice': 0, 'LeavesQuantity': 4, 'CumulativeQuantity': 3, 'OrderDisclosedQuantity': 0, 'OrderGeneratedDateTime': None, 'ExchangeTransactTime': '2026-02-10 10:31:40', 'LastUpdateDateTime': '2026-02-10 10:31:40', 'CancelRejectReason': '', 'LastTradedPrice': 0.0, 'LastTradedQuantity': 0, 'LastExecutionTransactTime': None, 'ExecutionID': None}
[2026-02-10 10:31:40,578] INFO      [HARSHIT] [WS] NEW order published | order_id=260210150657030
[2026-02-10 10:31:40,580] INFO      [HARSHIT] ZERODHA_WS_RESPONSE | payload={'account_id': 'RGZ539', 'unfilled_quantity': 0, 'checksum': '', 'placed_by': 'RGZ539', 'order_id': '260210150657030', 'exchange_order_id': '1100000025919016', 'parent_order_id': None, 'status': 'COMPLETE', 'status_message': None, 'status_message_raw': None, 'order_timestamp': '2026-02-10 10:31:40', 'exchange_update_timestamp': '2026-02-10 10:31:40', 'exchange_timestamp': '2026-02-10 10:31:40', 'variety': 'regular', 'exchange': 'NSE', 'tradingsymbol': 'EXCEL', 'instrument_token': 4448257, 'order_type': 'MARKET', 'transaction_type': 'BUY', 'validity': 'DAY', 'product': 'CNC', 'quantity': 1, 'disclosed_quantity': 0, 'price': 0, 'trigger_price': 0, 'average_price': 1.23, 'filled_quantity': 1, 'pending_quantity': 0, 'cancelled_quantity': 0, 'market_protection': 0, 'meta': {}, 'tag': None, 'guid': '205871XjYam9oj51XUz'}
[2026-02-10 10:31:40,581] INFO      [HARSHIT] BLITZ_RESPONSE | order_id=260210150657030 payload={'SequenceNumber': 0, 'Account': '', 'ExchangeClientID': 'HARSHIT', 'BlitzAppOrderID': 3156569602, 'ExchangeOrderID': '260210150657030', 'ExchangeSegment': 'NSECM', 'ExchangeInstrumentID': 17376, 'OrderSide': 'Buy', 'OrderType': 'MARKET', 'ProductType': 'CNC', 'TimeInForce': 'GFD', 'OrderPrice': 0.0, 'OrderQuantity': 1, 'OrderStopPrice': 0.0, 'OrderStatus': 'Filled', 'OrderAverageTradedPrice': 1.23, 'LeavesQuantity': 4, 'CumulativeQuantity': 3, 'OrderDisclosedQuantity': 0, 'OrderGeneratedDateTime': None, 'ExchangeTransactTime': '2026-02-10 10:31:40', 'LastUpdateDateTime': '2026-02-10 10:31:40', 'CancelRejectReason': '', 'LastTradedPrice': 0.0, 'LastTradedQuantity': 0, 'LastExecutionTransactTime': None, 'ExecutionID': None}
[2026-02-10 10:34:09,534] INFO      [HARSHIT] Adapter STOP | Zerodha adapter stopped
