[2026-02-09 15:08:03,924] INFO      [HARSHIT] Starting adapter
[2026-02-09 15:08:03,925] INFO      [HARSHIT] Adapter INIT | Zerodha adapter starting
[2026-02-09 15:08:03,925] INFO      [HARSHIT] LOGIN_START | Starting Zerodha login
[2026-02-09 15:08:07,895] INFO      [HARSHIT] LOGIN_SUCCESS | Access token received: GdE4NvUYCikawIzyZuaLVEe6Mrz04XcZ
[2026-02-09 15:08:07,896] INFO      [HARSHIT] [INSTRUMENTS] CSV already exists
[2026-02-09 15:08:08,018] INFO      [HARSHIT] [INSTRUMENTS] Loaded 169005 rows
[2026-02-09 15:08:08,018] INFO      [HARSHIT] INSTRUMENTS_READY | Instruments loaded
[2026-02-09 15:08:08,018] INFO      [HARSHIT] Adapter READY | Zerodha adapter initialized
[2026-02-09 15:08:08,018] INFO      [HARSHIT] WS_START | Starting Zerodha WebSocket
[2026-02-09 15:08:08,164] INFO      [HARSHIT] Adapter connected successfully
[2026-02-09 15:08:08,249] INFO      [HARSHIT] [WS] Connected to Zerodha
[2026-02-09 15:08:19,187] INFO      [HARSHIT] COMMAND | action=PLACE_ORDER payload={'Account': '', 'ExchangeClientID': 'HARSHIT', 'ExchangeSegment': 'NSECM', 'ExchangeInstrumentID': 14366, 'SymbolName': 'IDEA', 'ExchangeInstrumentName': 'IDEA', 'ProductType': 'MIS', 'OrderType': 'LIMIT', 'OrderSide': 'Buy', 'TimeInForce': 'GFD', 'DisclosedQuantity': 0, 'OrderQuantity': 1, 'LimitPrice': 10.5, 'StopPrice': 0.0, 'BlitzAppOrderID': 3156800267, 'AlgoID': '123456789', 'AlgoCategory': '123654789123', 'IsFictiveOrder': 'False'}
[2026-02-09 15:08:19,189] INFO      [HARSHIT] CACHE_TEMP | blitz_id=3156800267
[2026-02-09 15:08:19,190] INFO      [HARSHIT] ZERODHA_REST_OUT | payload={'tradingsymbol': 'IDEA', 'exchange': 'NSE', 'transaction_type': 'BUY', 'order_type': 'LIMIT', 'quantity': 1, 'product': 'MIS', 'price': 10.5, 'trigger_price': 0.0, 'validity': 'DAY', 'disclosed_quantity': 0}
[2026-02-09 15:08:19,325] INFO      [HARSHIT] ZERODHA_REST_IN | payload={'status': 'success', 'data': {'order_id': '260209151464027'}}
[2026-02-09 15:08:19,325] INFO      [HARSHIT] ORDER_PLACED | blitz=3156800267 zerodha=260209151464027
[2026-02-09 15:08:19,345] INFO      [HARSHIT] ZERODHA_WS_RESPONSE | payload={'account_id': 'RGZ539', 'unfilled_quantity': 0, 'checksum': '', 'placed_by': 'RGZ539', 'order_id': '260209151464027', 'exchange_order_id': '1100000094179926', 'parent_order_id': None, 'status': 'OPEN', 'status_message': None, 'status_message_raw': None, 'order_timestamp': '2026-02-09 15:08:19', 'exchange_update_timestamp': '2026-02-09 15:08:19', 'exchange_timestamp': '2026-02-09 15:08:19', 'variety': 'regular', 'exchange': 'NSE', 'tradingsymbol': 'IDEA', 'instrument_token': 3677697, 'order_type': 'LIMIT', 'transaction_type': 'BUY', 'validity': 'DAY', 'product': 'MIS', 'quantity': 1, 'disclosed_quantity': 0, 'price': 10.5, 'trigger_price': 0, 'average_price': 0, 'filled_quantity': 0, 'pending_quantity': 1, 'cancelled_quantity': 0, 'market_protection': 0, 'meta': {}, 'tag': None, 'guid': '205871XeCeo9QlOfNhJ'}
[2026-02-09 15:08:19,346] INFO      [HARSHIT] BLITZ_RESPONSE | order_id=260209151464027 payload={'SequenceNumber': 0, 'Account': '', 'ExchangeClientID': 'HARSHIT', 'BlitzAppOrderID': 3156800267, 'ExchangeOrderID': '260209151464027', 'ExchangeSegment': 'NSECM', 'ExchangeInstrumentID': 14366, 'OrderSide': 'Buy', 'OrderType': 'LIMIT', 'ProductType': 'MIS', 'TimeInForce': 'GFD', 'OrderPrice': 10.5, 'OrderQuantity': 1, 'OrderStopPrice': 0.0, 'OrderStatus': 'New', 'OrderAverageTradedPrice': 0, 'LeavesQuantity': 1, 'CumulativeQuantity': 0, 'OrderDisclosedQuantity': 0, 'OrderGeneratedDateTime': None, 'ExchangeTransactTime': '2026-02-09 15:08:19', 'LastUpdateDateTime': '2026-02-09 15:08:19', 'CancelRejectReason': '', 'LastTradedPrice': 0.0, 'LastTradedQuantity': 0, 'LastExecutionTransactTime': None, 'ExecutionID': None}
[2026-02-09 15:08:19,644] INFO      [HARSHIT] [WS] NEW order published | order_id=260209151464027
[2026-02-09 15:08:25,027] INFO      [HARSHIT] COMMAND | action=CANCEL_ORDER payload={'Account': '', 'ExchangeClientID': 'HARSHIT', 'ExchangeSegment': 'NSECM', 'ExchangeInstrumentID': 14366, 'SymbolName': 'IDEA', 'ExchangeInstrumentName': 'IDEA', 'LeavesQuantity': 1, 'CummulativeQuantity': 0, 'LastOrderModifiedTime': 1770629899, 'BlitzAppOrderID': 3156800267, 'ExchangeOrderID': '260209151464027'}
[2026-02-09 15:08:25,028] INFO      [HARSHIT] ZERODHA_CANCEL_REQUEST | order_id=260209151464027
[2026-02-09 15:08:25,202] INFO      [HARSHIT] ZERODHA_CANCEL_RESPONSE | order_id=260209151464027 payload={'status': 'success', 'data': {'order_id': '260209151464027'}}
[2026-02-09 15:08:25,203] INFO      [HARSHIT] ORDER_CANCELLED | blitz=3156800267 zerodha=260209151464027
[2026-02-09 15:08:25,223] INFO      [HARSHIT] ZERODHA_WS_RESPONSE | payload={'account_id': 'RGZ539', 'unfilled_quantity': 0, 'checksum': '', 'placed_by': 'RGZ539', 'order_id': '260209151464027', 'exchange_order_id': '1100000094179926', 'parent_order_id': None, 'status': 'CANCELLED', 'status_message': None, 'status_message_raw': None, 'order_timestamp': '2026-02-09 15:08:25', 'exchange_update_timestamp': '2026-02-09 15:08:25', 'exchange_timestamp': '2026-02-09 15:08:25', 'variety': 'regular', 'exchange': 'NSE', 'tradingsymbol': 'IDEA', 'instrument_token': 3677697, 'order_type': 'LIMIT', 'transaction_type': 'BUY', 'validity': 'DAY', 'product': 'MIS', 'quantity': 1, 'disclosed_quantity': 0, 'price': 10.5, 'trigger_price': 0, 'average_price': 0, 'filled_quantity': 0, 'pending_quantity': 0, 'cancelled_quantity': 1, 'market_protection': 0, 'meta': {}, 'tag': None, 'guid': '1770629905-187716-RGZ539-ADMINAPI'}
[2026-02-09 15:08:25,223] INFO      [HARSHIT] BLITZ_RESPONSE | order_id=260209151464027 payload={'SequenceNumber': 0, 'Account': '', 'ExchangeClientID': 'HARSHIT', 'BlitzAppOrderID': 3156800267, 'ExchangeOrderID': '260209151464027', 'ExchangeSegment': 'NSECM', 'ExchangeInstrumentID': 14366, 'OrderSide': 'Buy', 'OrderType': 'LIMIT', 'ProductType': 'MIS', 'TimeInForce': 'GFD', 'OrderPrice': 10.5, 'OrderQuantity': 1, 'OrderStopPrice': 0.0, 'OrderStatus': 'Cancelled', 'OrderAverageTradedPrice': 0, 'LeavesQuantity': 0, 'CumulativeQuantity': 0, 'OrderDisclosedQuantity': 0, 'OrderGeneratedDateTime': None, 'ExchangeTransactTime': '2026-02-09 15:08:25', 'LastUpdateDateTime': '2026-02-09 15:08:25', 'CancelRejectReason': '', 'LastTradedPrice': 0.0, 'LastTradedQuantity': 0, 'LastExecutionTransactTime': None, 'ExecutionID': None}
[2026-02-09 15:08:25,277] INFO      [HARSHIT] [WS] CANCEL published | order_id=260209151464027
[2026-02-09 15:08:25,277] INFO      [HARSHIT] ZERODHA_WS_RESPONSE | payload={'account_id': 'RGZ539', 'unfilled_quantity': 0, 'checksum': '', 'placed_by': 'RGZ539', 'order_id': '260209151464027', 'exchange_order_id': '1100000094179926', 'parent_order_id': None, 'status': 'CANCELLED', 'status_message': None, 'status_message_raw': None, 'order_timestamp': '2026-02-09 15:08:25', 'exchange_update_timestamp': '2026-02-09 15:08:25', 'exchange_timestamp': '2026-02-09 15:08:25', 'variety': 'regular', 'exchange': 'NSE', 'tradingsymbol': 'IDEA', 'instrument_token': 3677697, 'order_type': 'LIMIT', 'transaction_type': 'BUY', 'validity': 'DAY', 'product': 'MIS', 'quantity': 1, 'disclosed_quantity': 0, 'price': 10.5, 'trigger_price': 0, 'average_price': 0, 'filled_quantity': 0, 'pending_quantity': 1, 'cancelled_quantity': 1, 'market_protection': 0, 'meta': {}, 'tag': None, 'guid': '205871XeCeo9QlOfNhJ'}
[2026-02-09 15:08:35,107] INFO      [HARSHIT] Adapter STOP | Zerodha adapter stopped
[2026-02-09 15:08:35,282] WARNING   [HARSHIT] [WS] Closed: None None
[2026-02-09 15:08:39,186] INFO      [HARSHIT] Starting adapter
[2026-02-09 15:08:39,187] INFO      [HARSHIT] Adapter INIT | Zerodha adapter starting
[2026-02-09 15:08:39,189] INFO      [HARSHIT] LOGIN_START | Starting Zerodha login
[2026-02-09 15:08:44,980] INFO      [HARSHIT] LOGIN_SUCCESS | Access token received: GdE4NvUYCikawIzyZuaLVEe6Mrz04XcZ
[2026-02-09 15:08:44,982] INFO      [HARSHIT] [INSTRUMENTS] CSV already exists
[2026-02-09 15:08:44,982] INFO      [HARSHIT] INSTRUMENTS_READY | Instruments loaded
[2026-02-09 15:08:44,982] INFO      [HARSHIT] Adapter READY | Zerodha adapter initialized
[2026-02-09 15:08:44,982] INFO      [HARSHIT] WS_START | Starting Zerodha WebSocket
[2026-02-09 15:08:45,038] INFO      [HARSHIT] Adapter connected successfully
[2026-02-09 15:08:52,886] INFO      [HARSHIT] COMMAND | action=PLACE_ORDER payload={'Account': '', 'ExchangeClientID': 'HARSHIT', 'ExchangeSegment': 'NSECM', 'ExchangeInstrumentID': 14366, 'SymbolName': 'IDEA', 'ExchangeInstrumentName': 'IDEA', 'ProductType': 'MIS', 'OrderType': 'LIMIT', 'OrderSide': 'Buy', 'TimeInForce': 'GFD', 'DisclosedQuantity': 0, 'OrderQuantity': 1, 'LimitPrice': 10.4, 'StopPrice': 0.0, 'BlitzAppOrderID': 3156800268, 'AlgoID': '123456789', 'AlgoCategory': '123654789123', 'IsFictiveOrder': 'False'}
[2026-02-09 15:08:52,887] WARNING   [HARSHIT] WS_NOT_READY | delaying PLACE_ORDER
[2026-02-09 15:08:52,887] INFO      [HARSHIT] WS_START | Starting Zerodha WebSocket
[2026-02-09 15:08:52,890] INFO      [HARSHIT] CACHE_TEMP | blitz_id=3156800268
[2026-02-09 15:08:52,890] INFO      [HARSHIT] ZERODHA_REST_OUT | payload={'tradingsymbol': 'IDEA', 'exchange': 'NSE', 'transaction_type': 'BUY', 'order_type': 'LIMIT', 'quantity': 1, 'product': 'MIS', 'price': 10.4, 'trigger_price': 0.0, 'validity': 'DAY', 'disclosed_quantity': 0}
[2026-02-09 15:08:53,033] INFO      [HARSHIT] ZERODHA_REST_IN | payload={'status': 'success', 'data': {'order_id': '260209151466151'}}
[2026-02-09 15:08:53,034] INFO      [HARSHIT] ORDER_PLACED | blitz=3156800268 zerodha=260209151466151
[2026-02-09 15:13:29,810] INFO      [HARSHIT] Adapter STOP | Zerodha adapter stopped
