[2026-02-13 10:53:18,473] INFO      [HARSHIT] Starting adapter
[2026-02-13 10:53:18,473] INFO      [HARSHIT] Adapter INIT | Zerodha adapter starting
[2026-02-13 10:53:18,474] INFO      [HARSHIT] LOGIN_START | Starting Zerodha login
[2026-02-13 10:53:22,883] INFO      [HARSHIT] LOGIN_SUCCESS | Access token received: XjPgaitAptgMCHSV26DNT3K37YX4Wnsl
[2026-02-13 10:53:22,884] INFO      [HARSHIT] [INSTRUMENTS] CSV already exists
[2026-02-13 10:53:23,026] INFO      [HARSHIT] [INSTRUMENTS] Loaded 170461 rows
[2026-02-13 10:53:23,026] INFO      [HARSHIT] INSTRUMENTS_READY | Instruments loaded
[2026-02-13 10:53:23,026] INFO      [HARSHIT] Adapter READY | Zerodha adapter initialized
[2026-02-13 10:53:23,026] INFO      [HARSHIT] WS_START | Starting Zerodha WebSocket
[2026-02-13 10:53:23,097] INFO      [HARSHIT] Adapter connected successfully
[2026-02-13 10:53:23,192] INFO      [HARSHIT] [WEBSOCKET] Connected to Zerodha
[2026-02-13 10:53:33,587] INFO      [HARSHIT] [BLITZ-INBOUND] | action=PLACE_ORDER payload={'Account': '', 'ExchangeClientID': 'HARSHIT', 'ExchangeSegment': 'NSEFO', 'ExchangeInstrumentID': 65123, 'SymbolName': 'NIFTY', 'ExchangeInstrumentName': 'NIFTY 24FEB2026 CE 28100', 'ProductType': 'MIS', 'OrderType': 'LIMIT', 'OrderSide': 'Buy', 'TimeInForce': 'GFD', 'DisclosedQuantity': 0, 'OrderQuantity': 65, 'LimitPrice': 0.1, 'StopPrice': 0.0, 'BlitzAppOrderID': 3156556655, 'AlgoID': '123456789', 'AlgoCategory': '123654789123', 'IsFictiveOrder': 'False'}
[2026-02-13 10:53:33,588] INFO      [HARSHIT] CACHE_TEMP | blitz_id=3156556655
[2026-02-13 10:53:33,599] INFO      [HARSHIT] [TPOMS-OUTBOUND] | payload={'tradingsymbol': 'NIFTY26FEB28100CE', 'exchange': 'NFO', 'transaction_type': 'BUY', 'order_type': 'LIMIT', 'quantity': 65, 'product': 'MIS', 'price': 0.1, 'trigger_price': 0.0, 'validity': 'DAY', 'disclosed_quantity': 0}
[2026-02-13 10:53:33,728] INFO      [HARSHIT] [TPOMS-INBOUND] | payload={'status': 'success', 'data': {'order_id': '2022179818627850240'}}
[2026-02-13 10:53:33,728] INFO      [HARSHIT] ORDER_PLACED | blitz=3156556655 zerodha=2022179818627850240
[2026-02-13 10:53:33,776] INFO      [HARSHIT] [TPOMS-INBOUND][WebSocket] Incoming message: {'account_id': 'RGZ539', 'unfilled_quantity': 0, 'checksum': '', 'placed_by': 'RGZ539', 'order_id': '2022179818627850240', 'exchange_order_id': '1200000079276133', 'parent_order_id': None, 'status': 'OPEN', 'status_message': None, 'status_message_raw': None, 'order_timestamp': '2026-02-13 10:53:33', 'exchange_update_timestamp': '2026-02-13 10:53:33', 'exchange_timestamp': '2026-02-13 10:53:33', 'variety': 'regular', 'exchange': 'NFO', 'tradingsymbol': 'NIFTY26FEB28100CE', 'instrument_token': 16671490, 'order_type': 'LIMIT', 'transaction_type': 'BUY', 'validity': 'DAY', 'product': 'MIS', 'quantity': 65, 'disclosed_quantity': 0, 'price': 0.1, 'trigger_price': 0, 'average_price': 0, 'filled_quantity': 0, 'pending_quantity': 65, 'cancelled_quantity': 0, 'market_protection': 0, 'meta': {}, 'tag': None, 'guid': None}
[2026-02-13 10:53:33,777] INFO      [HARSHIT] [BLITZ-OUTBOUND] | order_id=2022179818627850240 payload={'SequenceNumber': 0, 'Account': '', 'ExchangeClientID': 'HARSHIT', 'BlitzAppOrderID': 3156556655, 'ExchangeOrderID': '2022179818627850240', 'ExchangeSegment': 'NSEFO', 'ExchangeInstrumentID': 65123, 'OrderSide': 'Buy', 'OrderType': 'LIMIT', 'ProductType': 'MIS', 'TimeInForce': 'GFD', 'OrderPrice': 0.1, 'OrderQuantity': 65, 'OrderStopPrice': 0.0, 'OrderStatus': 'New', 'OrderAverageTradedPrice': 0, 'LeavesQuantity': 65, 'CumulativeQuantity': 0, 'OrderDisclosedQuantity': 0, 'OrderGeneratedDateTime': None, 'ExchangeTransactTime': '2026-02-13 10:53:33', 'LastUpdateDateTime': '2026-02-13 10:53:33', 'CancelRejectReason': '', 'LastTradedPrice': 0, 'LastTradedQuantity': 0, 'LastExecutionTransactTime': '2026-02-13 10:53:33', 'ExecutionID': '1200000079276133'}
[2026-02-13 10:53:34,138] INFO      [HARSHIT] NEW order published | order_id=2022179818627850240
[2026-02-13 10:53:38,048] INFO      [HARSHIT] [BLITZ-INBOUND] | action=CANCEL_ORDER payload={'Account': '', 'ExchangeClientID': 'HARSHIT', 'ExchangeSegment': 'NSEFO', 'ExchangeInstrumentID': 65123, 'SymbolName': 'NIFTY', 'ExchangeInstrumentName': 'NIFTY 24FEB2026 CE 28100', 'LeavesQuantity': 65, 'CummulativeQuantity': 0, 'LastOrderModifiedTime': 1770960213, 'BlitzAppOrderID': 3156556655, 'ExchangeOrderID': '2022179818627850240'}
[2026-02-13 10:53:38,049] INFO      [HARSHIT] [TPOMS-OUTBOUND] | order_id=2022179818627850240
[2026-02-13 10:53:38,281] INFO      [HARSHIT] [TPOMS-INBOUND] | order_id=2022179818627850240 payload={'status': 'success', 'data': {'order_id': '2022179818627850240'}}
[2026-02-13 10:53:38,281] INFO      [HARSHIT] [BLITZ-OUTBOUND] | payload={'SequenceNumber': 0, 'Account': '', 'ExchangeClientID': 'HARSHIT', 'BlitzAppOrderID': 3156556655, 'ExchangeOrderID': '2022179818627850240', 'ExchangeSegment': 'NSEFO', 'ExchangeInstrumentID': 65123, 'OrderSide': 'Buy', 'OrderType': 'LIMIT', 'ProductType': 'MIS', 'TimeInForce': 'GFD', 'OrderPrice': 0.1, 'OrderQuantity': 65, 'OrderStopPrice': 0.0, 'OrderStatus': 'Cancelled', 'OrderAverageTradedPrice': '', 'LeavesQuantity': 0, 'CumulativeQuantity': 0, 'OrderDisclosedQuantity': 0, 'OrderGeneratedDateTime': '', 'ExchangeTransactTime': '', 'LastUpdateDateTime': '', 'CancelRejectReason': '', 'LastTradedPrice': 0.0, 'LastTradedQuantity': 0, 'LastExecutionTransactTime': '', 'ExecutionID': ''}
[2026-02-13 10:53:38,325] INFO      [HARSHIT] [TPOMS-INBOUND][WebSocket] Incoming message: {'account_id': 'RGZ539', 'unfilled_quantity': 0, 'checksum': '', 'placed_by': 'RGZ539', 'order_id': '2022179818627850240', 'exchange_order_id': '1200000079276133', 'parent_order_id': None, 'status': 'CANCELLED', 'status_message': None, 'status_message_raw': None, 'order_timestamp': '2026-02-13 10:53:38', 'exchange_update_timestamp': '2026-02-13 10:53:38', 'exchange_timestamp': '2026-02-13 10:53:38', 'variety': 'regular', 'exchange': 'NFO', 'tradingsymbol': 'NIFTY26FEB28100CE', 'instrument_token': 16671490, 'order_type': 'LIMIT', 'transaction_type': 'BUY', 'validity': 'DAY', 'product': 'MIS', 'quantity': 65, 'disclosed_quantity': 0, 'price': 0.1, 'trigger_price': 0, 'average_price': 0, 'filled_quantity': 0, 'pending_quantity': 65, 'cancelled_quantity': 0, 'market_protection': 0, 'meta': {}, 'tag': None, 'guid': None}
[2026-02-13 10:53:38,344] INFO      [HARSHIT] [ORDER_CANCELLED] | blitz=3156556655 zerodha=2022179818627850240
[2026-02-13 10:54:32,000] INFO      [HARSHIT] [BLITZ-INBOUND] | action=PLACE_ORDER payload={'Account': '', 'ExchangeClientID': 'HARSHIT', 'ExchangeSegment': 'NSEFO', 'ExchangeInstrumentID': 65123, 'SymbolName': 'NIFTY', 'ExchangeInstrumentName': 'NIFTY 24FEB2026 CE 28100', 'ProductType': 'CNC', 'OrderType': 'LIMIT', 'OrderSide': 'Buy', 'TimeInForce': 'GFD', 'DisclosedQuantity': 0, 'OrderQuantity': 65, 'LimitPrice': 0.1, 'StopPrice': 0.0, 'BlitzAppOrderID': 3156556656, 'AlgoID': '123456789', 'AlgoCategory': '123654789123', 'IsFictiveOrder': 'False'}
[2026-02-13 10:54:32,002] INFO      [HARSHIT] CACHE_TEMP | blitz_id=3156556656
[2026-02-13 10:54:32,009] INFO      [HARSHIT] [TPOMS-OUTBOUND] | payload={'tradingsymbol': 'NIFTY26FEB28100CE', 'exchange': 'NFO', 'transaction_type': 'BUY', 'order_type': 'LIMIT', 'quantity': 65, 'product': 'CNC', 'price': 0.1, 'trigger_price': 0.0, 'validity': 'DAY', 'disclosed_quantity': 0}
[2026-02-13 10:54:32,180] INFO      [HARSHIT] [TPOMS-INBOUND] | payload={'status': 'error', 'message': 'Trading in NFO is not allowed using CNC product type. Try placing an order in NRML/MIS.', 'data': None, 'error_type': 'InputException'}
[2026-02-13 10:54:32,180] INFO      [HARSHIT] [BLITZ-OUTBOUND] | payload={'SequenceNumber': 0, 'Account': '', 'ExchangeClientID': 'HARSHIT', 'BlitzAppOrderID': 3156556656, 'ExchangeOrderID': '', 'ExchangeSegment': 'NSEFO', 'ExchangeInstrumentID': 65123, 'OrderSide': 'Buy', 'OrderType': 'LIMIT', 'ProductType': 'CNC', 'TimeInForce': 'GFD', 'OrderPrice': 0.1, 'OrderQuantity': 65, 'OrderStopPrice': 0.0, 'OrderStatus': 'Rejected', 'OrderAverageTradedPrice': '', 'LeavesQuantity': 0, 'CumulativeQuantity': 0, 'OrderDisclosedQuantity': 0, 'OrderGeneratedDateTime': '', 'ExchangeTransactTime': '', 'LastUpdateDateTime': '', 'CancelRejectReason': 'Trading in NFO is not allowed using CNC product type. Try placing an order in NRML/MIS.', 'LastTradedPrice': 0.0, 'LastTradedQuantity': 0, 'LastExecutionTransactTime': '', 'ExecutionID': ''}
[2026-02-13 10:57:39,953] INFO      [HARSHIT] [WEBSOCKET] Stopping WebSocket connection
[2026-02-13 10:57:39,958] INFO      [HARSHIT] [WEBSOCKET] State cleared
[2026-02-13 10:57:39,958] INFO      [HARSHIT] Adapter STOP | Zerodha adapter stopped
[2026-02-13 10:57:51,266] INFO      [HARSHIT] Starting adapter
[2026-02-13 10:57:51,267] INFO      [HARSHIT] Adapter INIT | Zerodha adapter starting
[2026-02-13 10:57:51,268] INFO      [HARSHIT] LOGIN_START | Starting Zerodha login
[2026-02-13 10:57:55,679] INFO      [HARSHIT] LOGIN_SUCCESS | Access token received: XjPgaitAptgMCHSV26DNT3K37YX4Wnsl
[2026-02-13 10:57:55,679] INFO      [HARSHIT] [INSTRUMENTS] CSV already exists
[2026-02-13 10:57:55,679] INFO      [HARSHIT] INSTRUMENTS_READY | Instruments loaded
[2026-02-13 10:57:55,679] INFO      [HARSHIT] Adapter READY | Zerodha adapter initialized
[2026-02-13 10:57:55,679] INFO      [HARSHIT] WS_START | Starting Zerodha WebSocket
[2026-02-13 10:57:55,738] INFO      [HARSHIT] Adapter connected successfully
[2026-02-13 10:58:04,412] INFO      [HARSHIT] [BLITZ-INBOUND] | action=PLACE_ORDER payload={'Account': '', 'ExchangeClientID': 'HARSHIT', 'ExchangeSegment': 'NSEFO', 'ExchangeInstrumentID': 65123, 'SymbolName': 'NIFTY', 'ExchangeInstrumentName': 'NIFTY 24FEB2026 CE 28100', 'ProductType': 'MIS', 'OrderType': 'LIMIT', 'OrderSide': 'Buy', 'TimeInForce': 'GFD', 'DisclosedQuantity': 0, 'OrderQuantity': 65, 'LimitPrice': 0.1, 'StopPrice': 0.0, 'BlitzAppOrderID': 3156556657, 'AlgoID': '123456789', 'AlgoCategory': '123654789123', 'IsFictiveOrder': 'False'}
[2026-02-13 10:58:04,415] INFO      [HARSHIT] CACHE_TEMP | blitz_id=3156556657
[2026-02-13 10:58:04,436] INFO      [HARSHIT] [TPOMS-OUTBOUND] | payload={'tradingsymbol': 'NIFTY26FEB28100CE', 'exchange': 'NFO', 'transaction_type': 'BUY', 'order_type': 'LIMIT', 'quantity': 65, 'product': 'MIS', 'price': 0.1, 'trigger_price': 0.0, 'validity': 'DAY', 'disclosed_quantity': 0}
[2026-02-13 10:58:04,635] INFO      [HARSHIT] [TPOMS-INBOUND] | payload={'status': 'success', 'data': {'order_id': '2022180954915135488'}}
[2026-02-13 10:58:04,635] INFO      [HARSHIT] ORDER_PLACED | blitz=3156556657 zerodha=2022180954915135488
