[2026-02-10 10:58:44,280] INFO      [HARSHIT] Starting adapter
[2026-02-10 10:58:44,280] INFO      [HARSHIT] Adapter INIT | Zerodha adapter starting
[2026-02-10 10:58:44,281] INFO      [HARSHIT] LOGIN_START | Starting Zerodha login
[2026-02-10 10:58:48,008] INFO      [HARSHIT] LOGIN_SUCCESS | Access token received: 1JibF4TzEEzITSEedCu9dbAG917UhEc3
[2026-02-10 10:58:48,009] INFO      [HARSHIT] [INSTRUMENTS] CSV already exists
[2026-02-10 10:58:48,130] INFO      [HARSHIT] [INSTRUMENTS] Loaded 169005 rows
[2026-02-10 10:58:48,130] INFO      [HARSHIT] INSTRUMENTS_READY | Instruments loaded
[2026-02-10 10:58:48,130] INFO      [HARSHIT] Adapter READY | Zerodha adapter initialized
[2026-02-10 10:58:48,130] INFO      [HARSHIT] WS_START | Starting Zerodha WebSocket
[2026-02-10 10:58:48,230] INFO      [HARSHIT] Adapter connected successfully
[2026-02-10 10:58:48,353] INFO      [HARSHIT] [WS] Connected to Zerodha
[2026-02-10 11:00:13,381] INFO      [HARSHIT] COMMAND | action=PLACE_ORDER payload={'Account': '', 'ExchangeClientID': 'HARSHIT', 'ExchangeSegment': 'NSECM', 'ExchangeInstrumentID': 14366, 'SymbolName': 'IDEA', 'ExchangeInstrumentName': 'IDEA', 'ProductType': 'MIS', 'OrderType': 'MARKET', 'OrderSide': 'Buy', 'TimeInForce': 'GFD', 'DisclosedQuantity': 0, 'OrderQuantity': 2, 'LimitPrice': 0.0, 'StopPrice': 0.0, 'BlitzAppOrderID': 3156569619, 'AlgoID': '123456789', 'AlgoCategory': '123654789123', 'IsFictiveOrder': 'False'}
[2026-02-10 11:00:13,383] INFO      [HARSHIT] CACHE_TEMP | blitz_id=3156569619
[2026-02-10 11:00:13,384] INFO      [HARSHIT] ZERODHA_REST_OUT | payload={'tradingsymbol': 'IDEA', 'exchange': 'NSE', 'transaction_type': 'BUY', 'order_type': 'MARKET', 'quantity': 2, 'product': 'MIS', 'price': 0.0, 'trigger_price': 0.0, 'validity': 'DAY', 'disclosed_quantity': 0}
[2026-02-10 11:00:13,546] INFO      [HARSHIT] ZERODHA_REST_IN | payload={'status': 'success', 'data': {'order_id': '260210150776196'}}
[2026-02-10 11:00:13,546] INFO      [HARSHIT] ORDER_PLACED | blitz=3156569619 zerodha=260210150776196
[2026-02-10 11:00:13,577] INFO      [HARSHIT] ZERODHA_WS_RESPONSE | payload={'account_id': 'RGZ539', 'unfilled_quantity': 0, 'checksum': '', 'placed_by': 'RGZ539', 'order_id': '260210150776196', 'exchange_order_id': '1100000031760706', 'parent_order_id': None, 'status': 'OPEN', 'status_message': None, 'status_message_raw': None, 'order_timestamp': '2026-02-10 11:00:13', 'exchange_update_timestamp': '2026-02-10 11:00:13', 'exchange_timestamp': '2026-02-10 11:00:13', 'variety': 'regular', 'exchange': 'NSE', 'tradingsymbol': 'IDEA', 'instrument_token': 3677697, 'order_type': 'MARKET', 'transaction_type': 'BUY', 'validity': 'DAY', 'product': 'MIS', 'quantity': 2, 'disclosed_quantity': 0, 'price': 0, 'trigger_price': 0, 'average_price': 0, 'filled_quantity': 0, 'pending_quantity': 2, 'cancelled_quantity': 0, 'market_protection': 0, 'meta': {}, 'tag': None, 'guid': '205871XN3deXNpgG3wd'}
[2026-02-10 11:00:13,578] INFO      [HARSHIT] BLITZ_RESPONSE | order_id=260210150776196 payload={'SequenceNumber': 0, 'Account': '', 'ExchangeClientID': 'HARSHIT', 'BlitzAppOrderID': 3156569619, 'ExchangeOrderID': '260210150776196', 'ExchangeSegment': 'NSECM', 'ExchangeInstrumentID': 14366, 'OrderSide': 'Buy', 'OrderType': 'MARKET', 'ProductType': 'MIS', 'TimeInForce': 'GFD', 'OrderPrice': 0.0, 'OrderQuantity': 2, 'OrderStopPrice': 0.0, 'OrderStatus': 'New', 'OrderAverageTradedPrice': 0, 'LeavesQuantity': 2, 'CumulativeQuantity': 0, 'OrderDisclosedQuantity': 0, 'OrderGeneratedDateTime': None, 'ExchangeTransactTime': '2026-02-10 11:00:13', 'LastUpdateDateTime': '2026-02-10 11:00:13', 'CancelRejectReason': '', 'LastTradedPrice': 0, 'LastTradedQuantity': 0, 'LastExecutionTransactTime': '2026-02-10 11:00:13', 'ExecutionID': '1100000031760706'}
[2026-02-10 11:00:13,858] INFO      [HARSHIT] [WS] NEW order published | order_id=260210150776196
[2026-02-10 11:00:13,859] INFO      [HARSHIT] ZERODHA_WS_RESPONSE | payload={'account_id': 'RGZ539', 'unfilled_quantity': 0, 'checksum': '', 'placed_by': 'RGZ539', 'order_id': '260210150776196', 'exchange_order_id': '1100000031760706', 'parent_order_id': None, 'status': 'COMPLETE', 'status_message': None, 'status_message_raw': None, 'order_timestamp': '2026-02-10 11:00:13', 'exchange_update_timestamp': '2026-02-10 11:00:13', 'exchange_timestamp': '2026-02-10 11:00:13', 'variety': 'regular', 'exchange': 'NSE', 'tradingsymbol': 'IDEA', 'instrument_token': 3677697, 'order_type': 'MARKET', 'transaction_type': 'BUY', 'validity': 'DAY', 'product': 'MIS', 'quantity': 2, 'disclosed_quantity': 0, 'price': 0, 'trigger_price': 0, 'average_price': 11.53, 'filled_quantity': 2, 'pending_quantity': 0, 'cancelled_quantity': 0, 'market_protection': 0, 'meta': {}, 'tag': None, 'guid': '205871XN3deXNpgG3wd'}
[2026-02-10 11:00:13,860] INFO      [HARSHIT] BLITZ_RESPONSE | order_id=260210150776196 payload={'SequenceNumber': 0, 'Account': '', 'ExchangeClientID': 'HARSHIT', 'BlitzAppOrderID': 3156569619, 'ExchangeOrderID': '260210150776196', 'ExchangeSegment': 'NSECM', 'ExchangeInstrumentID': 14366, 'OrderSide': 'Buy', 'OrderType': 'MARKET', 'ProductType': 'MIS', 'TimeInForce': 'GFD', 'OrderPrice': 0.0, 'OrderQuantity': 2, 'OrderStopPrice': 0.0, 'OrderStatus': 'Filled', 'OrderAverageTradedPrice': 11.53, 'LeavesQuantity': 0, 'CumulativeQuantity': 2, 'OrderDisclosedQuantity': 0, 'OrderGeneratedDateTime': None, 'ExchangeTransactTime': '2026-02-10 11:00:13', 'LastUpdateDateTime': '2026-02-10 11:00:13', 'CancelRejectReason': '', 'LastTradedPrice': 11.53, 'LastTradedQuantity': 2, 'LastExecutionTransactTime': '2026-02-10 11:00:13', 'ExecutionID': '1100000031760706'}
[2026-02-10 11:02:25,621] INFO      [HARSHIT] COMMAND | action=PLACE_ORDER payload={'Account': '', 'ExchangeClientID': 'HARSHIT', 'ExchangeSegment': 'NSECM', 'ExchangeInstrumentID': 14366, 'SymbolName': 'IDEA', 'ExchangeInstrumentName': 'IDEA', 'ProductType': 'MIS', 'OrderType': 'STOPLIMIT', 'OrderSide': 'Buy', 'TimeInForce': 'GFD', 'DisclosedQuantity': 0, 'OrderQuantity': 1, 'LimitPrice': 11.9, 'StopPrice': 11.7, 'BlitzAppOrderID': 3156569620, 'AlgoID': '123456789', 'AlgoCategory': '123654789123', 'IsFictiveOrder': 'False'}
[2026-02-10 11:02:25,623] INFO      [HARSHIT] CACHE_TEMP | blitz_id=3156569620
[2026-02-10 11:02:25,623] INFO      [HARSHIT] ZERODHA_REST_OUT | payload={'tradingsymbol': 'IDEA', 'exchange': 'NSE', 'transaction_type': 'BUY', 'order_type': 'SL', 'quantity': 1, 'product': 'MIS', 'price': 11.9, 'trigger_price': 11.7, 'validity': 'DAY', 'disclosed_quantity': 0}
[2026-02-10 11:02:25,807] INFO      [HARSHIT] ZERODHA_REST_IN | payload={'status': 'success', 'data': {'order_id': '260210150783920'}}
[2026-02-10 11:02:25,808] INFO      [HARSHIT] ZERODHA_WS_RESPONSE | payload={'account_id': 'RGZ539', 'unfilled_quantity': 0, 'checksum': '', 'placed_by': 'RGZ539', 'order_id': '260210150783920', 'exchange_order_id': '1100000032222521', 'parent_order_id': None, 'status': 'TRIGGER PENDING', 'status_message': None, 'status_message_raw': None, 'order_timestamp': '2026-02-10 11:02:25', 'exchange_update_timestamp': '2026-02-10 11:02:25', 'exchange_timestamp': '2026-02-10 11:02:25', 'variety': 'regular', 'exchange': 'NSE', 'tradingsymbol': 'IDEA', 'instrument_token': 3677697, 'order_type': 'SL', 'transaction_type': 'BUY', 'validity': 'DAY', 'product': 'MIS', 'quantity': 1, 'disclosed_quantity': 0, 'price': 11.9, 'trigger_price': 11.7, 'average_price': 0, 'filled_quantity': 0, 'pending_quantity': 1, 'cancelled_quantity': 0, 'market_protection': 0, 'meta': {}, 'tag': None, 'guid': '205871X5XfhWfNKk6fy'}
[2026-02-10 11:02:25,808] INFO      [HARSHIT] ORDER_PLACED | blitz=3156569620 zerodha=260210150783920
[2026-02-10 11:03:03,597] INFO      [HARSHIT] COMMAND | action=PLACE_ORDER payload={'Account': '', 'ExchangeClientID': 'HARSHIT', 'ExchangeSegment': 'NSEFO', 'ExchangeInstrumentID': 35481, 'SymbolName': 'NIFTY', 'ExchangeInstrumentName': 'NIFTY 29MAY2025 CE 16850', 'ProductType': 'MIS', 'OrderType': 'LIMIT', 'OrderSide': 'Buy', 'TimeInForce': 'GFD', 'DisclosedQuantity': 0, 'OrderQuantity': 75, 'LimitPrice': 0.1, 'StopPrice': 0.0, 'BlitzAppOrderID': 3156569621, 'AlgoID': '123456789', 'AlgoCategory': '123654789123', 'IsFictiveOrder': 'False'}
[2026-02-10 11:03:03,598] INFO      [HARSHIT] CACHE_TEMP | blitz_id=3156569621
[2026-02-10 11:03:03,620] ERROR     [HARSHIT] PLACE_FAILED | Failed to resolve tradingsymbol | Segment=NSEFO Token=35481
[2026-02-10 11:03:58,831] INFO      [HARSHIT] Adapter STOP | Zerodha adapter stopped
