[2026-02-13 15:17:19] INFO      [NEHA] Starting adapter
[2026-02-13 15:17:19] INFO      [NEHA] Initializing MotilalAdapter for entity 'NEHA'
[2026-02-13 15:17:19] INFO      [NEHA] [API REQUEST] Performing login for client_id=SSFS1207
[2026-02-13 15:17:19] INFO      [NEHA] [API RESPONSE]~{"status": "SUCCESS", "message": "Return Auth Token SUCCESS", "errorcode": "", "AuthToken": "9e1d6ce8b2db44d8a65968bd2b6cad71_M", "isAuthTokenVerified": "TRUE"}
[2026-02-13 15:17:19] INFO      [NEHA] Login successful! AuthToken received.
[2026-02-13 15:17:19] INFO      [NEHA] Login successful! Token received from auth API.
[2026-02-13 15:17:19] INFO      [NEHA] Order and Portfolio APIs initialized. Ready to connect.
[2026-02-13 15:17:19] INFO      [NEHA] [ADAPTER] Starting Motilal WebSocket connection...
[2026-02-13 15:17:19] INFO      [NEHA] [WEBSOCKET] Started for entity=NEHA, client_id=SSFS1207
[2026-02-13 15:17:19] INFO      [NEHA] [ADAPTER] Motilal WebSocket started successfully
[2026-02-13 15:17:19] INFO      [NEHA] Adapter connected successfully
[2026-02-13 15:17:19] INFO      [NEHA] [WEBSOCKET] Connected entity=NEHA, sending auth
[2026-02-13 15:17:19] INFO      [NEHA] [WEBSOCKET] Sending None: {"clientid": "SSFS1207", "authtoken": "9e1d6ce8b2db44d8a65968bd2b6cad71_M", "apikey": "seHmm4lPijruKWRl"}
[2026-02-13 15:17:19] INFO      [NEHA] [WEBSOCKET] Heartbeat started (interval=30s)
[2026-02-13 15:17:19] INFO      [NEHA] [WEBSOCKET] _on_message received
[2026-02-13 15:17:19] INFO      [NEHA] [TPOMS-INBOUND][WebSocket] Incoming message:{"status": "SUCCESS", "message": "Auth success", "errorcode": ""}
[2026-02-13 15:17:19] INFO      [NEHA] [WEBSOCKET] Auth success, subscribing entity=NEHA
[2026-02-13 15:17:19] INFO      [NEHA] [WEBSOCKET] Sending OrderSubscribe: {"clientid": "SSFS1207", "action": "OrderSubscribe"}
[2026-02-13 15:17:19] INFO      [NEHA] [WEBSOCKET] Sending TradeSubscribe: {"clientid": "SSFS1207", "action": "TradeSubscribe"}
[2026-02-13 15:17:19] INFO      [NEHA] [WEBSOCKET] _on_message received
[2026-02-13 15:17:19] INFO      [NEHA] [TPOMS-INBOUND][WebSocket] Incoming message:{"status": "SUCCESS", "message": "Order Subscribed Success", "errorcode": ""}
[2026-02-13 15:17:19] INFO      [NEHA] [WEBSOCKET] _on_message received
[2026-02-13 15:17:19] INFO      [NEHA] [TPOMS-INBOUND][WebSocket] Incoming message:{"status": "SUCCESS", "message": "Trade Subscribed Success", "errorcode": ""}
[2026-02-13 15:17:39] INFO      [NEHA] [BLITZ-INBOUND] Action=PLACE_ORDER, Full payload: {"Action": "PLACE_ORDER", "TPOmsName": "MOFL", "UserId": "82681be6-577f-431e-ac97-5276a8d13405", "UserName": "NEHA", "Data": {"Account": "", "ExchangeClientID": "NEHA", "ExchangeSegment": "NSECM", "ExchangeInstrumentID": 17376, "SymbolName": "EXCEL", "ExchangeInstrumentName": "EXCEL", "ProductType": "MIS", "OrderType": "LIMIT", "OrderSide": "Buy", "TimeInForce": "GFD", "DisclosedQuantity": 0, "OrderQuantity": 1, "LimitPrice": 1.18, "StopPrice": 0.0, "BlitzAppOrderID": 3156725354, "AlgoID": "0", "AlgoCategory": "0", "IsFictiveOrder": "False"}}
[2026-02-13 15:17:39] INFO      [NEHA] [BLITZ-INBOUND] PLACE_ORDER - Parameters: {"Account": "", "ExchangeClientID": "NEHA", "ExchangeSegment": "NSECM", "ExchangeInstrumentID": 17376, "SymbolName": "EXCEL", "ExchangeInstrumentName": "EXCEL", "ProductType": "MIS", "OrderType": "LIMIT", "OrderSide": "Buy", "TimeInForce": "GFD", "DisclosedQuantity": 0, "OrderQuantity": 1, "LimitPrice": 1.18, "StopPrice": 0.0, "BlitzAppOrderID": 3156725354, "AlgoID": "0", "AlgoCategory": "0", "IsFictiveOrder": "False"}
[2026-02-13 15:17:39] INFO      [NEHA] Blitz data cached: 3156725354
[2026-02-13 15:17:39] INFO      [NEHA] [TPOMS-OUTBOUND][API] PLACE_ORDER - Parameters: {"symboltoken": 17376, "exchange": "NSE", "side": "Buy", "order_type": "LIMIT", "quantity": 1, "product_type": "NORMAL", "price": 1.18, "trigger_price": 0.0, "validity": "DAY", "tag": 3156725354, "amoorder": "N"}
[2026-02-13 15:17:39] INFO      [NEHA] Using ExchangeInstrumentID as symbol token: 17376
[2026-02-13 15:17:39] INFO      [NEHA] [API REQUEST] {"exchange": "NSE", "symboltoken": 17376, "buyorsell": "BUY", "ordertype": "LIMIT", "producttype": "NORMAL", "quantityinlot": 1, "amoorder": "N", "price": 1.18, "triggerprice": 0.0, "orderduration": "DAY", "tag": "3156725354"}
[2026-02-13 15:17:40] INFO      [NEHA] [WEBSOCKET] _on_message received
[2026-02-13 15:17:40] INFO      [NEHA] [TPOMS-INBOUND][WebSocket] Incoming message:{"ordercategory": "NORMAL", "clientid": "SSFS1207", "exchange": "NSE", "symboltoken": 17376, "symbol": "EXCEL EQ", "series": "EQ", "expirydate": "0", "strikeprice": 0, "optiontype": "EQ", "orderid": "0", "orderinitiatorid": "SSFS1207", "ordertype": "Limit", "orderduration": "DAY", "producttype": "NORMAL", "error": "", "orderstatus": "SENT", "buyorsell": "BUY", "totalqtyremaining": 1, "orderqty": 1, "qtytradedtoday": 0, "disclosedqty": 0, "price": 1.18, "triggerprice": 0, "entrydatetime": "01-Jan-1980 00:00:00", "lastmodifiedtime": "01-Jan-1980 00:00:00", "vendor": "", "uniqueorderid": "1300052SSFS1207", "goodtilldate": "", "algoid": 0, "algocategory": 0, "averageprice": 0, "totalqtytraded": 0, "lotsize": 1, "tag": "3156725354"}
[2026-02-13 15:17:40] INFO      [NEHA] [WEBSOCKET] Order update received: 1300052SSFS1207, status=SENT
[2026-02-13 15:17:40] INFO      [NEHA] [WEBSOCKET] Updated cache for blitz_id=3156725354
[2026-02-13 15:17:40] INFO      [NEHA] [WEBSOCKET] Skipping unmapped status SENT for order_id=1300052SSFS1207
[2026-02-13 15:17:40] INFO      [NEHA] [WEBSOCKET] _on_message received
[2026-02-13 15:17:40] INFO      [NEHA] [TPOMS-INBOUND][WebSocket] Incoming message:{"ordercategory": "NORMAL", "clientid": "SSFS1207", "exchange": "NSE", "symboltoken": 17376, "symbol": "EXCEL EQ", "series": "EQ", "expirydate": "0", "strikeprice": 0, "optiontype": "EQ", "orderid": "0", "orderinitiatorid": "SSFS1207", "ordertype": "Limit", "orderduration": "DAY", "producttype": "NORMAL", "error": "You Are Not Authorised To Access This Product. Get Intouch With Your CSE Desk", "orderstatus": "ERROR", "buyorsell": "BUY", "totalqtyremaining": 1, "orderqty": 1, "qtytradedtoday": 0, "disclosedqty": 0, "price": 1.18, "triggerprice": 0, "entrydatetime": "01-Jan-1980 00:00:00", "lastmodifiedtime": "01-Jan-1980 00:00:00", "vendor": "", "uniqueorderid": "1300052SSFS1207", "goodtilldate": "", "algoid": 0, "algocategory": 0, "averageprice": 0, "totalqtytraded": 0, "lotsize": 1, "tag": "3156725354"}
[2026-02-13 15:17:40] INFO      [NEHA] [WEBSOCKET] Order update received: 1300052SSFS1207, status=ERROR
[2026-02-13 15:17:40] INFO      [NEHA] [WEBSOCKET] Updated cache for blitz_id=3156725354
[2026-02-13 15:17:40] INFO      [NEHA] Published BY WEBSOCKET
[2026-02-13 15:17:40] ERROR     [NEHA] [PLACE_ORDER ERROR] {"MessageType": "PLACE_ORDER", "TPOmsName": "MOFL", "UserId": "NEHA", "Data": [{"SequenceNumber": 0, "Account": "", "ExchangeClientID": "NEHA", "BlitzAppOrderID": "3156725354", "ExchangeOrderID": "0", "ExchangeSegment": "NSECM", "ExchangeInstrumentID": 17376, "OrderSide": "Buy", "OrderType": "LIMIT", "ProductType": "MIS", "TimeInForce": "GFD", "OrderPrice": 1.18, "OrderQuantity": 1, "OrderStopPrice": 0.0, "OrderStatus": "Rejected", "OrderAverageTradedPrice": "", "LeavesQuantity": 0, "CumulativeQuantity": 0, "OrderDisclosedQuantity": 0, "OrderGeneratedDateTime": "", "ExchangeTransactTime": "", "LastUpdateDateTime": "", "CancelRejectReason": "You Are Not Authorised To Access This Product. Get Intouch With Your CSE Desk", "LastTradedPrice": 0.0, "LastTradedQuantity": 0, "LastExecutionTransactTime": "", "ExecutionID": ""}]}
[2026-02-13 15:17:40] INFO      [NEHA] [BLITZ-OUTBOUND][WEBSOCKET] Publishing order update: {"MessageType": "TPOMSOrderUpdate", "TPOmsName": "MOFL", "UserId": "NEHA", "Data": {"SequenceNumber": 0, "Account": "SSFS1207", "ExchangeClientID": "NEHA", "BlitzAppOrderID": 3156725354, "ExchangeOrderID": "0", "ExchangeSegment": "NSECM", "ExchangeInstrumentID": 17376, "OrderSide": "Buy", "OrderType": "LIMIT", "ProductType": "MIS", "TimeInForce": "GFD", "OrderPrice": 0.0, "OrderQuantity": 1, "OrderStopPrice": 0.0, "OrderStatus": "Rejected", "OrderAverageTradedPrice": 0.0, "LeavesQuantity": 1, "CumulativeQuantity": 0, "OrderDisclosedQuantity": 0, "OrderGeneratedDateTime": "01-Jan-1980 00:00:00", "ExchangeTransactTime": "01-Jan-1980 00:00:00", "LastUpdateDateTime": "01-Jan-1980 00:00:00", "CancelRejectReason": "You Are Not Authorised To Access This Product. Get Intouch With Your CSE Desk", "LastTradedPrice": 0.0, "LastTradedQuantity": 0, "LastExecutionTransactTime": "01-Jan-1980 00:00:00", "ExecutionID": ""}}
[2026-02-13 15:17:49] INFO      [NEHA] [WEBSOCKET] Sending heartbeat: {"action": "heartbeat", "clientid": "SSFS1207"}
[2026-02-13 15:17:49] INFO      [NEHA] [WEBSOCKET] Heartbeat sent entity=NEHA
[2026-02-13 15:18:18] INFO      [NEHA] [BLITZ-INBOUND] Action=PLACE_ORDER, Full payload: {"Action": "PLACE_ORDER", "TPOmsName": "MOFL", "UserId": "82681be6-577f-431e-ac97-5276a8d13405", "UserName": "NEHA", "Data": {"Account": "", "ExchangeClientID": "NEHA", "ExchangeSegment": "NSECM", "ExchangeInstrumentID": 17376, "SymbolName": "EXCEL", "ExchangeInstrumentName": "EXCEL", "ProductType": "CNC", "OrderType": "LIMIT", "OrderSide": "Buy", "TimeInForce": "GFD", "DisclosedQuantity": 0, "OrderQuantity": 1, "LimitPrice": 1.18, "StopPrice": 0.0, "BlitzAppOrderID": 3156725356, "AlgoID": "0", "AlgoCategory": "0", "IsFictiveOrder": "False"}}
[2026-02-13 15:18:18] INFO      [NEHA] [BLITZ-INBOUND] PLACE_ORDER - Parameters: {"Account": "", "ExchangeClientID": "NEHA", "ExchangeSegment": "NSECM", "ExchangeInstrumentID": 17376, "SymbolName": "EXCEL", "ExchangeInstrumentName": "EXCEL", "ProductType": "CNC", "OrderType": "LIMIT", "OrderSide": "Buy", "TimeInForce": "GFD", "DisclosedQuantity": 0, "OrderQuantity": 1, "LimitPrice": 1.18, "StopPrice": 0.0, "BlitzAppOrderID": 3156725356, "AlgoID": "0", "AlgoCategory": "0", "IsFictiveOrder": "False"}
[2026-02-13 15:18:18] INFO      [NEHA] Blitz data cached: 3156725356
[2026-02-13 15:18:18] INFO      [NEHA] [TPOMS-OUTBOUND][API] PLACE_ORDER - Parameters: {"symboltoken": 17376, "exchange": "NSE", "side": "Buy", "order_type": "LIMIT", "quantity": 1, "product_type": "DELIVERY", "price": 1.18, "trigger_price": 0.0, "validity": "DAY", "tag": 3156725356, "amoorder": "N"}
[2026-02-13 15:18:18] INFO      [NEHA] Using ExchangeInstrumentID as symbol token: 17376
[2026-02-13 15:18:18] INFO      [NEHA] [API REQUEST] {"exchange": "NSE", "symboltoken": 17376, "buyorsell": "BUY", "ordertype": "LIMIT", "producttype": "DELIVERY", "quantityinlot": 1, "amoorder": "N", "price": 1.18, "triggerprice": 0.0, "orderduration": "DAY", "tag": "3156725356"}
[2026-02-13 15:18:19] INFO      [NEHA] [WEBSOCKET] _on_message received
[2026-02-13 15:18:19] INFO      [NEHA] [TPOMS-INBOUND][WebSocket] Incoming message:{"ordercategory": "DELIVERY", "clientid": "SSFS1207", "exchange": "NSE", "symboltoken": 17376, "symbol": "EXCEL EQ", "series": "EQ", "expirydate": "0", "strikeprice": 0, "optiontype": "EQ", "orderid": "0", "orderinitiatorid": "SSFS1207", "ordertype": "Limit", "orderduration": "DAY", "producttype": "DELIVERY", "error": "", "orderstatus": "SENT", "buyorsell": "BUY", "totalqtyremaining": 1, "orderqty": 1, "qtytradedtoday": 0, "disclosedqty": 0, "price": 1.18, "triggerprice": 0, "entrydatetime": "01-Jan-1980 00:00:00", "lastmodifiedtime": "01-Jan-1980 00:00:00", "vendor": "", "uniqueorderid": "1300053SSFS1207", "goodtilldate": "", "algoid": 0, "algocategory": 0, "averageprice": 0, "totalqtytraded": 0, "lotsize": 1, "tag": "3156725356"}
[2026-02-13 15:18:19] INFO      [NEHA] [WEBSOCKET] Order update received: 1300053SSFS1207, status=SENT
[2026-02-13 15:18:19] WARNING   [NEHA] [WEBSOCKET] Auto-creating mapping 1300053SSFS1207 -> 3156725356
[2026-02-13 15:18:19] INFO      [NEHA] [WEBSOCKET] Action already consumed for blitz_id=3156725356
[2026-02-13 15:18:19] INFO      [NEHA] [WEBSOCKET] Updated cache for blitz_id=3156725356
[2026-02-13 15:18:19] INFO      [NEHA] [WEBSOCKET] Skipping unmapped status SENT for order_id=1300053SSFS1207
[2026-02-13 15:18:19] INFO      [NEHA] Order placed successfully
[2026-02-13 15:18:19] INFO      [NEHA] PLACE_ORDER accepted by API
[2026-02-13 15:18:19] INFO      [NEHA] Mapped: blitz_id=3156725356 <-> uniqueorderid=1300053SSFS1207
[2026-02-13 15:18:19] INFO      [NEHA] [WEBSOCKET] _on_message received
[2026-02-13 15:18:19] INFO      [NEHA] [TPOMS-INBOUND][WebSocket] Incoming message:{"ordercategory": "DELIVERY", "clientid": "SSFS1207", "exchange": "NSE", "symboltoken": 17376, "symbol": "EXCEL EQ", "series": "EQ", "expirydate": "0", "strikeprice": 0, "optiontype": "EQ", "orderid": "1100000102877030", "orderinitiatorid": "SSFS1207", "ordertype": "Limit", "orderduration": "DAY", "producttype": "DELIVERY", "error": "", "orderstatus": "CONFIRM", "buyorsell": "BUY", "totalqtyremaining": 1, "orderqty": 1, "qtytradedtoday": 0, "disclosedqty": 0, "price": 1.18, "triggerprice": 0, "entrydatetime": "13-Feb-2026 15:18:19", "lastmodifiedtime": "13-Feb-2026 15:18:19", "vendor": "", "uniqueorderid": "1300053SSFS1207", "goodtilldate": "", "algoid": 0, "algocategory": 0, "averageprice": 0, "totalqtytraded": 0, "lotsize": 1, "tag": "3156725356"}
[2026-02-13 15:18:19] INFO      [NEHA] [WEBSOCKET] Order update received: 1300053SSFS1207, status=CONFIRM
[2026-02-13 15:18:19] INFO      [NEHA] [WEBSOCKET] Updated cache for blitz_id=3156725356
[2026-02-13 15:18:19] INFO      [NEHA] Published BY WEBSOCKET
[2026-02-13 15:18:19] INFO      [NEHA] [BLITZ-OUTBOUND][WEBSOCKET] Publishing order update: {"MessageType": "TPOMSOrderUpdate", "TPOmsName": "MOFL", "UserId": "NEHA", "Data": {"SequenceNumber": 0, "Account": "SSFS1207", "ExchangeClientID": "NEHA", "BlitzAppOrderID": 3156725356, "ExchangeOrderID": "1100000102877030", "ExchangeSegment": "NSECM", "ExchangeInstrumentID": 17376, "OrderSide": "Buy", "OrderType": "LIMIT", "ProductType": "CNC", "TimeInForce": "GFD", "OrderPrice": 0.0, "OrderQuantity": 1, "OrderStopPrice": 0.0, "OrderStatus": "New", "OrderAverageTradedPrice": 0.0, "LeavesQuantity": 1, "CumulativeQuantity": 0, "OrderDisclosedQuantity": 0, "OrderGeneratedDateTime": "13-Feb-2026 15:18:19", "ExchangeTransactTime": "13-Feb-2026 15:18:19", "LastUpdateDateTime": "13-Feb-2026 15:18:19", "CancelRejectReason": "", "LastTradedPrice": 0.0, "LastTradedQuantity": 0, "LastExecutionTransactTime": "13-Feb-2026 15:18:19", "ExecutionID": ""}}
[2026-02-13 15:18:19] INFO      [NEHA] [WEBSOCKET] Sending heartbeat: {"action": "heartbeat", "clientid": "SSFS1207"}
[2026-02-13 15:18:19] INFO      [NEHA] [WEBSOCKET] Heartbeat sent entity=NEHA
[2026-02-13 15:18:29] INFO      [NEHA] [BLITZ-INBOUND] Action=MODIFY_ORDER, Full payload: {"Action": "MODIFY_ORDER", "TPOmsName": "MOFL", "UserId": "82681be6-577f-431e-ac97-5276a8d13405", "UserName": "NEHA", "Data": {"Account": "", "ExchangeClientID": "NEHA", "ExchangeSegment": "NSECM", "ExchangeInstrumentID": 17376, "SymbolName": "EXCEL", "ExchangeInstrumentName": "EXCEL", "ModifiedProductType": "CNC", "ModifiedOrderType": "LIMIT", "ModifiedTimeInForce": "GFD", "ModifiedDisclosedQuantity": 0, "ModifiedOrderQuantity": 1, "ModifiedLimitPrice": 1.19, "ModifiedStopPrice": 0.0, "LeavesQuantity": 1, "CummulativeQuantity": 0, "LastOrderModifiedTime": 1770976099, "BlitzAppOrderID": 3156725356, "ExchangeOrderID": "1100000102877030"}}
[2026-02-13 15:18:29] INFO      [NEHA] [BLITZ-INBOUND] MODIFY_ORDER - Parameters: {"Account": "", "ExchangeClientID": "NEHA", "ExchangeSegment": "NSECM", "ExchangeInstrumentID": 17376, "SymbolName": "EXCEL", "ExchangeInstrumentName": "EXCEL", "ModifiedProductType": "CNC", "ModifiedOrderType": "LIMIT", "ModifiedTimeInForce": "GFD", "ModifiedDisclosedQuantity": 0, "ModifiedOrderQuantity": 1, "ModifiedLimitPrice": 1.19, "ModifiedStopPrice": 0.0, "LeavesQuantity": 1, "CummulativeQuantity": 0, "LastOrderModifiedTime": 1770976099, "BlitzAppOrderID": 3156725356, "ExchangeOrderID": "1100000102877030"}
[2026-02-13 15:18:29] INFO      [NEHA] [TPOMS-OUTBOUND][API] MODIFY_ORDER - Parameters: {"Account": "", "ExchangeClientID": "NEHA", "ExchangeSegment": "NSECM", "ExchangeInstrumentID": 17376, "SymbolName": "EXCEL", "ExchangeInstrumentName": "EXCEL", "ModifiedProductType": "CNC", "ModifiedOrderType": "LIMIT", "ModifiedTimeInForce": "GFD", "ModifiedDisclosedQuantity": 0, "ModifiedOrderQuantity": 1, "ModifiedLimitPrice": 1.19, "ModifiedStopPrice": 0.0, "LeavesQuantity": 1, "CummulativeQuantity": 0, "LastOrderModifiedTime": 1770976099, "BlitzAppOrderID": 3156725356, "ExchangeOrderID": "1100000102877030"}
[2026-02-13 15:18:29] INFO      [NEHA] [API REQUEST] {"uniqueorderid": "1300053SSFS1207", "newordertype": "LIMIT", "neworderduration": "DAY", "newprice": 1.19, "newquantityinlot": 1, "lastmodifiedtime": "13-Feb-2026 15:18:19", "qtytradedtoday": 0}
[2026-02-13 15:18:29] INFO      [NEHA] [WEBSOCKET] _on_message received
[2026-02-13 15:18:29] INFO      [NEHA] [TPOMS-INBOUND][WebSocket] Incoming message:{"ordercategory": "DELIVERY", "clientid": "SSFS1207", "exchange": "NSE", "symboltoken": 17376, "symbol": "EXCEL EQ", "series": "EQ", "expirydate": "0", "strikeprice": 0, "optiontype": "EQ", "orderid": "1100000102877030", "orderinitiatorid": "SSFS1207", "ordertype": "Limit", "orderduration": "DAY", "producttype": "DELIVERY", "error": "", "orderstatus": "SENT", "buyorsell": "BUY", "totalqtyremaining": 1, "orderqty": 1, "qtytradedtoday": 0, "disclosedqty": 0, "price": 1.19, "triggerprice": 0, "entrydatetime": "13-Feb-2026 15:18:19", "lastmodifiedtime": "13-Feb-2026 15:18:19", "vendor": "", "uniqueorderid": "1300053SSFS1207", "goodtilldate": "", "algoid": 0, "algocategory": 0, "averageprice": 0, "totalqtytraded": 0, "lotsize": 1, "tag": "3156725356"}
[2026-02-13 15:18:29] INFO      [NEHA] [WEBSOCKET] Order update received: 1300053SSFS1207, status=SENT
[2026-02-13 15:18:29] INFO      [NEHA] [WEBSOCKET] Updated cache for blitz_id=3156725356
[2026-02-13 15:18:29] INFO      [NEHA] [WEBSOCKET] Skipping unmapped status SENT for order_id=1300053SSFS1207
[2026-02-13 15:18:29] INFO      [NEHA] Modify accepted, waiting for WebSocket update: {'status': 'SUCCESS', 'message': 'Modify Order Request Sent Successfully', 'errorcode': ''}
[2026-02-13 15:18:29] INFO      [NEHA] [WEBSOCKET] _on_message received
[2026-02-13 15:18:29] INFO      [NEHA] [TPOMS-INBOUND][WebSocket] Incoming message:{"ordercategory": "DELIVERY", "clientid": "SSFS1207", "exchange": "NSE", "symboltoken": 17376, "symbol": "EXCEL EQ", "series": "EQ", "expirydate": "0", "strikeprice": 0, "optiontype": "EQ", "orderid": "1100000102877030", "orderinitiatorid": "SSFS1207", "ordertype": "Limit", "orderduration": "DAY", "producttype": "DELIVERY", "error": "", "orderstatus": "CONFIRM", "buyorsell": "BUY", "totalqtyremaining": 1, "orderqty": 1, "qtytradedtoday": 0, "disclosedqty": 0, "price": 1.19, "triggerprice": 0, "entrydatetime": "13-Feb-2026 15:18:29", "lastmodifiedtime": "13-Feb-2026 15:18:29", "vendor": "", "uniqueorderid": "1300053SSFS1207", "goodtilldate": "", "algoid": 0, "algocategory": 0, "averageprice": 0, "totalqtytraded": 0, "lotsize": 1, "tag": "3156725356"}
[2026-02-13 15:18:29] INFO      [NEHA] [WEBSOCKET] Order update received: 1300053SSFS1207, status=CONFIRM
[2026-02-13 15:18:29] INFO      [NEHA] [WEBSOCKET] Updated cache for blitz_id=3156725356
[2026-02-13 15:18:29] INFO      [NEHA] Published BY WEBSOCKET
[2026-02-13 15:18:29] INFO      [NEHA] [BLITZ-OUTBOUND][WEBSOCKET] Publishing order update: {"MessageType": "TPOMSOrderUpdate", "TPOmsName": "MOFL", "UserId": "NEHA", "Data": {"SequenceNumber": 0, "Account": "SSFS1207", "ExchangeClientID": "NEHA", "BlitzAppOrderID": 3156725356, "ExchangeOrderID": "1100000102877030", "ExchangeSegment": "NSECM", "ExchangeInstrumentID": 17376, "OrderSide": "Buy", "OrderType": "LIMIT", "ProductType": "CNC", "TimeInForce": "GFD", "OrderPrice": 0.0, "OrderQuantity": 1, "OrderStopPrice": 0.0, "OrderStatus": "Replaced", "OrderAverageTradedPrice": 0.0, "LeavesQuantity": 1, "CumulativeQuantity": 0, "OrderDisclosedQuantity": 0, "OrderGeneratedDateTime": "13-Feb-2026 15:18:29", "ExchangeTransactTime": "13-Feb-2026 15:18:29", "LastUpdateDateTime": "13-Feb-2026 15:18:29", "CancelRejectReason": "", "LastTradedPrice": 0.0, "LastTradedQuantity": 0, "LastExecutionTransactTime": "13-Feb-2026 15:18:29", "ExecutionID": ""}}
[2026-02-13 15:18:38] INFO      [NEHA] [BLITZ-INBOUND] Action=MODIFY_ORDER, Full payload: {"Action": "MODIFY_ORDER", "TPOmsName": "MOFL", "UserId": "82681be6-577f-431e-ac97-5276a8d13405", "UserName": "NEHA", "Data": {"Account": "", "ExchangeClientID": "NEHA", "ExchangeSegment": "NSECM", "ExchangeInstrumentID": 17376, "SymbolName": "EXCEL", "ExchangeInstrumentName": "EXCEL", "ModifiedProductType": "CNC", "ModifiedOrderType": "LIMIT", "ModifiedTimeInForce": "GFD", "ModifiedDisclosedQuantity": 0, "ModifiedOrderQuantity": 1, "ModifiedLimitPrice": 1.18, "ModifiedStopPrice": 0.0, "LeavesQuantity": 1, "CummulativeQuantity": 0, "LastOrderModifiedTime": 1770976109, "BlitzAppOrderID": 3156725356, "ExchangeOrderID": "1100000102877030"}}
[2026-02-13 15:18:38] INFO      [NEHA] [BLITZ-INBOUND] MODIFY_ORDER - Parameters: {"Account": "", "ExchangeClientID": "NEHA", "ExchangeSegment": "NSECM", "ExchangeInstrumentID": 17376, "SymbolName": "EXCEL", "ExchangeInstrumentName": "EXCEL", "ModifiedProductType": "CNC", "ModifiedOrderType": "LIMIT", "ModifiedTimeInForce": "GFD", "ModifiedDisclosedQuantity": 0, "ModifiedOrderQuantity": 1, "ModifiedLimitPrice": 1.18, "ModifiedStopPrice": 0.0, "LeavesQuantity": 1, "CummulativeQuantity": 0, "LastOrderModifiedTime": 1770976109, "BlitzAppOrderID": 3156725356, "ExchangeOrderID": "1100000102877030"}
[2026-02-13 15:18:38] INFO      [NEHA] [TPOMS-OUTBOUND][API] MODIFY_ORDER - Parameters: {"Account": "", "ExchangeClientID": "NEHA", "ExchangeSegment": "NSECM", "ExchangeInstrumentID": 17376, "SymbolName": "EXCEL", "ExchangeInstrumentName": "EXCEL", "ModifiedProductType": "CNC", "ModifiedOrderType": "LIMIT", "ModifiedTimeInForce": "GFD", "ModifiedDisclosedQuantity": 0, "ModifiedOrderQuantity": 1, "ModifiedLimitPrice": 1.18, "ModifiedStopPrice": 0.0, "LeavesQuantity": 1, "CummulativeQuantity": 0, "LastOrderModifiedTime": 1770976109, "BlitzAppOrderID": 3156725356, "ExchangeOrderID": "1100000102877030"}
[2026-02-13 15:18:38] INFO      [NEHA] [API REQUEST] {"uniqueorderid": "1300053SSFS1207", "newordertype": "LIMIT", "neworderduration": "DAY", "newprice": 1.18, "newquantityinlot": 1, "lastmodifiedtime": "13-Feb-2026 15:18:29", "qtytradedtoday": 0}
[2026-02-13 15:18:38] INFO      [NEHA] [WEBSOCKET] _on_message received
[2026-02-13 15:18:38] INFO      [NEHA] Modify accepted, waiting for WebSocket update: {'status': 'SUCCESS', 'message': 'Modify Order Request Sent Successfully', 'errorcode': ''}
[2026-02-13 15:18:38] INFO      [NEHA] [TPOMS-INBOUND][WebSocket] Incoming message:{"ordercategory": "DELIVERY", "clientid": "SSFS1207", "exchange": "NSE", "symboltoken": 17376, "symbol": "EXCEL EQ", "series": "EQ", "expirydate": "0", "strikeprice": 0, "optiontype": "EQ", "orderid": "1100000102877030", "orderinitiatorid": "SSFS1207", "ordertype": "Limit", "orderduration": "DAY", "producttype": "DELIVERY", "error": "", "orderstatus": "SENT", "buyorsell": "BUY", "totalqtyremaining": 1, "orderqty": 1, "qtytradedtoday": 0, "disclosedqty": 0, "price": 1.18, "triggerprice": 0, "entrydatetime": "13-Feb-2026 15:18:29", "lastmodifiedtime": "13-Feb-2026 15:18:29", "vendor": "", "uniqueorderid": "1300053SSFS1207", "goodtilldate": "", "algoid": 0, "algocategory": 0, "averageprice": 0, "totalqtytraded": 0, "lotsize": 1, "tag": "3156725356"}
[2026-02-13 15:18:38] INFO      [NEHA] [WEBSOCKET] Order update received: 1300053SSFS1207, status=SENT
[2026-02-13 15:18:38] INFO      [NEHA] [WEBSOCKET] Updated cache for blitz_id=3156725356
[2026-02-13 15:18:38] INFO      [NEHA] [WEBSOCKET] Skipping unmapped status SENT for order_id=1300053SSFS1207
[2026-02-13 15:18:38] INFO      [NEHA] [WEBSOCKET] _on_message received
[2026-02-13 15:18:38] INFO      [NEHA] [TPOMS-INBOUND][WebSocket] Incoming message:{"ordercategory": "DELIVERY", "clientid": "SSFS1207", "exchange": "NSE", "symboltoken": 17376, "symbol": "EXCEL EQ", "series": "EQ", "expirydate": "0", "strikeprice": 0, "optiontype": "EQ", "orderid": "1100000102877030", "orderinitiatorid": "SSFS1207", "ordertype": "Limit", "orderduration": "DAY", "producttype": "DELIVERY", "error": "", "orderstatus": "CONFIRM", "buyorsell": "BUY", "totalqtyremaining": 1, "orderqty": 1, "qtytradedtoday": 0, "disclosedqty": 0, "price": 1.18, "triggerprice": 0, "entrydatetime": "13-Feb-2026 15:18:38", "lastmodifiedtime": "13-Feb-2026 15:18:38", "vendor": "", "uniqueorderid": "1300053SSFS1207", "goodtilldate": "", "algoid": 0, "algocategory": 0, "averageprice": 0, "totalqtytraded": 0, "lotsize": 1, "tag": "3156725356"}
[2026-02-13 15:18:38] INFO      [NEHA] [WEBSOCKET] Order update received: 1300053SSFS1207, status=CONFIRM
[2026-02-13 15:18:38] INFO      [NEHA] [WEBSOCKET] Updated cache for blitz_id=3156725356
[2026-02-13 15:18:38] INFO      [NEHA] Published BY WEBSOCKET
[2026-02-13 15:18:39] INFO      [NEHA] [BLITZ-OUTBOUND][WEBSOCKET] Publishing order update: {"MessageType": "TPOMSOrderUpdate", "TPOmsName": "MOFL", "UserId": "NEHA", "Data": {"SequenceNumber": 0, "Account": "SSFS1207", "ExchangeClientID": "NEHA", "BlitzAppOrderID": 3156725356, "ExchangeOrderID": "1100000102877030", "ExchangeSegment": "NSECM", "ExchangeInstrumentID": 17376, "OrderSide": "Buy", "OrderType": "LIMIT", "ProductType": "CNC", "TimeInForce": "GFD", "OrderPrice": 0.0, "OrderQuantity": 1, "OrderStopPrice": 0.0, "OrderStatus": "Replaced", "OrderAverageTradedPrice": 0.0, "LeavesQuantity": 1, "CumulativeQuantity": 0, "OrderDisclosedQuantity": 0, "OrderGeneratedDateTime": "13-Feb-2026 15:18:38", "ExchangeTransactTime": "13-Feb-2026 15:18:38", "LastUpdateDateTime": "13-Feb-2026 15:18:38", "CancelRejectReason": "", "LastTradedPrice": 0.0, "LastTradedQuantity": 0, "LastExecutionTransactTime": "13-Feb-2026 15:18:38", "ExecutionID": ""}}
[2026-02-13 15:18:42] INFO      [NEHA] [BLITZ-INBOUND] Action=CANCEL_ORDER, Full payload: {"Action": "CANCEL_ORDER", "TPOmsName": "MOFL", "UserId": "82681be6-577f-431e-ac97-5276a8d13405", "UserName": "NEHA", "Data": {"Account": "", "ExchangeClientID": "NEHA", "ExchangeSegment": "NSECM", "ExchangeInstrumentID": 17376, "SymbolName": "EXCEL", "ExchangeInstrumentName": "EXCEL", "LeavesQuantity": 1, "CummulativeQuantity": 0, "LastOrderModifiedTime": 1770976118, "BlitzAppOrderID": 3156725356, "ExchangeOrderID": "1100000102877030"}}
[2026-02-13 15:18:42] INFO      [NEHA] [BLITZ-INBOUND] CANCEL_ORDER - Parameters: {"Account": "", "ExchangeClientID": "NEHA", "ExchangeSegment": "NSECM", "ExchangeInstrumentID": 17376, "SymbolName": "EXCEL", "ExchangeInstrumentName": "EXCEL", "LeavesQuantity": 1, "CummulativeQuantity": 0, "LastOrderModifiedTime": 1770976118, "BlitzAppOrderID": 3156725356, "ExchangeOrderID": "1100000102877030"}
[2026-02-13 15:18:42] INFO      [NEHA] [TPOMS-OUTBOUND][API] CANCEL_ORDER - {"order_id": "1300053SSFS1207"}
[2026-02-13 15:18:42] INFO      [NEHA] [API REQUEST] {"uniqueorderid": "1300053SSFS1207"}
[2026-02-13 15:18:42] INFO      [NEHA] [WEBSOCKET] _on_message received
[2026-02-13 15:18:42] INFO      [NEHA] [TPOMS-INBOUND][WebSocket] Incoming message:{"ordercategory": "DELIVERY", "clientid": "SSFS1207", "exchange": "NSE", "symboltoken": 17376, "symbol": "EXCEL EQ", "series": "EQ", "expirydate": "0", "strikeprice": 0, "optiontype": "EQ", "orderid": "1100000102877030", "orderinitiatorid": "SSFS1207", "ordertype": "Limit", "orderduration": "DAY", "producttype": "DELIVERY", "error": "", "orderstatus": "SENT", "buyorsell": "BUY", "totalqtyremaining": 1, "orderqty": 1, "qtytradedtoday": 0, "disclosedqty": 0, "price": 1.18, "triggerprice": 0, "entrydatetime": "13-Feb-2026 15:18:38", "lastmodifiedtime": "13-Feb-2026 15:18:38", "vendor": "", "uniqueorderid": "1300053SSFS1207", "goodtilldate": "", "algoid": 0, "algocategory": 0, "averageprice": 0, "totalqtytraded": 0, "lotsize": 1, "tag": "3156725356"}
[2026-02-13 15:18:42] INFO      [NEHA] [WEBSOCKET] Order update received: 1300053SSFS1207, status=SENT
[2026-02-13 15:18:42] INFO      [NEHA] [WEBSOCKET] Updated cache for blitz_id=3156725356
[2026-02-13 15:18:42] INFO      [NEHA] [WEBSOCKET] Skipping unmapped status SENT for order_id=1300053SSFS1207
[2026-02-13 15:18:42] INFO      [NEHA] Cancel accepted by API ={'status': 'success', 'orderid': '1300053SSFS1207'}, waiting for WebSocket update
[2026-02-13 15:18:42] INFO      [NEHA] [WEBSOCKET] _on_message received
[2026-02-13 15:18:42] INFO      [NEHA] [TPOMS-INBOUND][WebSocket] Incoming message:{"ordercategory": "DELIVERY", "clientid": "SSFS1207", "exchange": "NSE", "symboltoken": 17376, "symbol": "EXCEL EQ", "series": "EQ", "expirydate": "0", "strikeprice": 0, "optiontype": "EQ", "orderid": "1100000102877030", "orderinitiatorid": "SSFS1207", "ordertype": "Limit", "orderduration": "DAY", "producttype": "DELIVERY", "error": "", "orderstatus": "CANCEL", "buyorsell": "BUY", "totalqtyremaining": 1, "orderqty": 1, "qtytradedtoday": 0, "disclosedqty": 0, "price": 1.18, "triggerprice": 0, "entrydatetime": "13-Feb-2026 15:18:42", "lastmodifiedtime": "13-Feb-2026 15:18:42", "vendor": "", "uniqueorderid": "1300053SSFS1207", "goodtilldate": "", "algoid": 0, "algocategory": 0, "averageprice": 0, "totalqtytraded": 0, "lotsize": 1, "tag": "3156725356"}
[2026-02-13 15:18:42] INFO      [NEHA] [WEBSOCKET] Order update received: 1300053SSFS1207, status=CANCEL
[2026-02-13 15:18:42] INFO      [NEHA] [WEBSOCKET] Updated cache for blitz_id=3156725356
[2026-02-13 15:18:42] INFO      [NEHA] Published BY WEBSOCKET
[2026-02-13 15:18:42] INFO      [NEHA] [BLITZ-OUTBOUND][WEBSOCKET] Publishing order update: {"MessageType": "TPOMSOrderUpdate", "TPOmsName": "MOFL", "UserId": "NEHA", "Data": {"SequenceNumber": 0, "Account": "SSFS1207", "ExchangeClientID": "NEHA", "BlitzAppOrderID": 3156725356, "ExchangeOrderID": "1100000102877030", "ExchangeSegment": "NSECM", "ExchangeInstrumentID": 17376, "OrderSide": "Buy", "OrderType": "LIMIT", "ProductType": "CNC", "TimeInForce": "GFD", "OrderPrice": 0.0, "OrderQuantity": 1, "OrderStopPrice": 0.0, "OrderStatus": "Cancelled", "OrderAverageTradedPrice": 0.0, "LeavesQuantity": 1, "CumulativeQuantity": 0, "OrderDisclosedQuantity": 0, "OrderGeneratedDateTime": "13-Feb-2026 15:18:42", "ExchangeTransactTime": "13-Feb-2026 15:18:42", "LastUpdateDateTime": "13-Feb-2026 15:18:42", "CancelRejectReason": "", "LastTradedPrice": 0.0, "LastTradedQuantity": 0, "LastExecutionTransactTime": "13-Feb-2026 15:18:42", "ExecutionID": ""}}
[2026-02-13 15:18:49] INFO      [NEHA] [WEBSOCKET] Sending heartbeat: {"action": "heartbeat", "clientid": "SSFS1207"}
[2026-02-13 15:18:49] INFO      [NEHA] [WEBSOCKET] Heartbeat sent entity=NEHA
[2026-02-13 15:19:19] INFO      [NEHA] [WEBSOCKET] Sending heartbeat: {"action": "heartbeat", "clientid": "SSFS1207"}
[2026-02-13 15:19:19] INFO      [NEHA] [WEBSOCKET] Heartbeat sent entity=NEHA
[2026-02-13 15:19:29] INFO      [NEHA] [BLITZ-INBOUND] Action=PLACE_ORDER, Full payload: {"Action": "PLACE_ORDER", "TPOmsName": "MOFL", "UserId": "82681be6-577f-431e-ac97-5276a8d13405", "UserName": "NEHA", "Data": {"Account": "", "ExchangeClientID": "NEHA", "ExchangeSegment": "NSECM", "ExchangeInstrumentID": 17376, "SymbolName": "EXCEL", "ExchangeInstrumentName": "EXCEL", "ProductType": "CNC", "OrderType": "LIMIT", "OrderSide": "Buy", "TimeInForce": "GFD", "DisclosedQuantity": 0, "OrderQuantity": 1, "LimitPrice": 1.19, "StopPrice": 0.0, "BlitzAppOrderID": 3156725361, "AlgoID": "0", "AlgoCategory": "0", "IsFictiveOrder": "False"}}
[2026-02-13 15:19:29] INFO      [NEHA] [BLITZ-INBOUND] PLACE_ORDER - Parameters: {"Account": "", "ExchangeClientID": "NEHA", "ExchangeSegment": "NSECM", "ExchangeInstrumentID": 17376, "SymbolName": "EXCEL", "ExchangeInstrumentName": "EXCEL", "ProductType": "CNC", "OrderType": "LIMIT", "OrderSide": "Buy", "TimeInForce": "GFD", "DisclosedQuantity": 0, "OrderQuantity": 1, "LimitPrice": 1.19, "StopPrice": 0.0, "BlitzAppOrderID": 3156725361, "AlgoID": "0", "AlgoCategory": "0", "IsFictiveOrder": "False"}
[2026-02-13 15:19:29] INFO      [NEHA] Blitz data cached: 3156725361
[2026-02-13 15:19:29] INFO      [NEHA] [TPOMS-OUTBOUND][API] PLACE_ORDER - Parameters: {"symboltoken": 17376, "exchange": "NSE", "side": "Buy", "order_type": "LIMIT", "quantity": 1, "product_type": "DELIVERY", "price": 1.19, "trigger_price": 0.0, "validity": "DAY", "tag": 3156725361, "amoorder": "N"}
[2026-02-13 15:19:29] INFO      [NEHA] Using ExchangeInstrumentID as symbol token: 17376
[2026-02-13 15:19:29] INFO      [NEHA] [API REQUEST] {"exchange": "NSE", "symboltoken": 17376, "buyorsell": "BUY", "ordertype": "LIMIT", "producttype": "DELIVERY", "quantityinlot": 1, "amoorder": "N", "price": 1.19, "triggerprice": 0.0, "orderduration": "DAY", "tag": "3156725361"}
[2026-02-13 15:19:30] INFO      [NEHA] [WEBSOCKET] _on_message received
[2026-02-13 15:19:30] INFO      [NEHA] [TPOMS-INBOUND][WebSocket] Incoming message:{"ordercategory": "DELIVERY", "clientid": "SSFS1207", "exchange": "NSE", "symboltoken": 17376, "symbol": "EXCEL EQ", "series": "EQ", "expirydate": "0", "strikeprice": 0, "optiontype": "EQ", "orderid": "0", "orderinitiatorid": "SSFS1207", "ordertype": "Limit", "orderduration": "DAY", "producttype": "DELIVERY", "error": "", "orderstatus": "SENT", "buyorsell": "BUY", "totalqtyremaining": 1, "orderqty": 1, "qtytradedtoday": 0, "disclosedqty": 0, "price": 1.19, "triggerprice": 0, "entrydatetime": "01-Jan-1980 00:00:00", "lastmodifiedtime": "01-Jan-1980 00:00:00", "vendor": "", "uniqueorderid": "1300054SSFS1207", "goodtilldate": "", "algoid": 0, "algocategory": 0, "averageprice": 0, "totalqtytraded": 0, "lotsize": 1, "tag": "3156725361"}
[2026-02-13 15:19:30] INFO      [NEHA] [WEBSOCKET] Order update received: 1300054SSFS1207, status=SENT
[2026-02-13 15:19:30] WARNING   [NEHA] [WEBSOCKET] Auto-creating mapping 1300054SSFS1207 -> 3156725361
[2026-02-13 15:19:30] INFO      [NEHA] [WEBSOCKET] Action already consumed for blitz_id=3156725361
[2026-02-13 15:19:30] INFO      [NEHA] [WEBSOCKET] Updated cache for blitz_id=3156725361
[2026-02-13 15:19:30] INFO      [NEHA] [WEBSOCKET] Skipping unmapped status SENT for order_id=1300054SSFS1207
[2026-02-13 15:19:30] INFO      [NEHA] Order placed successfully
[2026-02-13 15:19:30] INFO      [NEHA] PLACE_ORDER accepted by API
[2026-02-13 15:19:30] INFO      [NEHA] Mapped: blitz_id=3156725361 <-> uniqueorderid=1300054SSFS1207
[2026-02-13 15:19:30] INFO      [NEHA] [WEBSOCKET] _on_message received
[2026-02-13 15:19:30] INFO      [NEHA] [TPOMS-INBOUND][WebSocket] Incoming message:{"ordercategory": "DELIVERY", "clientid": "SSFS1207", "exchange": "NSE", "symboltoken": 17376, "symbol": "EXCEL EQ", "series": "EQ", "expirydate": "0", "strikeprice": 0, "optiontype": "EQ", "orderid": "1100000103190634", "orderinitiatorid": "SSFS1207", "ordertype": "Limit", "orderduration": "DAY", "producttype": "DELIVERY", "error": "", "orderstatus": "CONFIRM", "buyorsell": "BUY", "totalqtyremaining": 1, "orderqty": 1, "qtytradedtoday": 0, "disclosedqty": 0, "price": 1.19, "triggerprice": 0, "entrydatetime": "13-Feb-2026 15:19:30", "lastmodifiedtime": "13-Feb-2026 15:19:30", "vendor": "", "uniqueorderid": "1300054SSFS1207", "goodtilldate": "", "algoid": 0, "algocategory": 0, "averageprice": 0, "totalqtytraded": 0, "lotsize": 1, "tag": "3156725361"}
[2026-02-13 15:19:30] INFO      [NEHA] [WEBSOCKET] Order update received: 1300054SSFS1207, status=CONFIRM
[2026-02-13 15:19:30] INFO      [NEHA] [WEBSOCKET] Updated cache for blitz_id=3156725361
[2026-02-13 15:19:30] INFO      [NEHA] Published BY WEBSOCKET
[2026-02-13 15:19:30] INFO      [NEHA] [BLITZ-OUTBOUND][WEBSOCKET] Publishing order update: {"MessageType": "TPOMSOrderUpdate", "TPOmsName": "MOFL", "UserId": "NEHA", "Data": {"SequenceNumber": 0, "Account": "SSFS1207", "ExchangeClientID": "NEHA", "BlitzAppOrderID": 3156725361, "ExchangeOrderID": "1100000103190634", "ExchangeSegment": "NSECM", "ExchangeInstrumentID": 17376, "OrderSide": "Buy", "OrderType": "LIMIT", "ProductType": "CNC", "TimeInForce": "GFD", "OrderPrice": 0.0, "OrderQuantity": 1, "OrderStopPrice": 0.0, "OrderStatus": "New", "OrderAverageTradedPrice": 0.0, "LeavesQuantity": 1, "CumulativeQuantity": 0, "OrderDisclosedQuantity": 0, "OrderGeneratedDateTime": "13-Feb-2026 15:19:30", "ExchangeTransactTime": "13-Feb-2026 15:19:30", "LastUpdateDateTime": "13-Feb-2026 15:19:30", "CancelRejectReason": "", "LastTradedPrice": 0.0, "LastTradedQuantity": 0, "LastExecutionTransactTime": "13-Feb-2026 15:19:30", "ExecutionID": ""}}
[2026-02-13 15:19:38] INFO      [NEHA] [BLITZ-INBOUND] Action=MODIFY_ORDER, Full payload: {"Action": "MODIFY_ORDER", "TPOmsName": "MOFL", "UserId": "82681be6-577f-431e-ac97-5276a8d13405", "UserName": "NEHA", "Data": {"Account": "", "ExchangeClientID": "NEHA", "ExchangeSegment": "NSECM", "ExchangeInstrumentID": 17376, "SymbolName": "EXCEL", "ExchangeInstrumentName": "EXCEL", "ModifiedProductType": "CNC", "ModifiedOrderType": "LIMIT", "ModifiedTimeInForce": "GFD", "ModifiedDisclosedQuantity": 0, "ModifiedOrderQuantity": 1, "ModifiedLimitPrice": 1.21, "ModifiedStopPrice": 0.0, "LeavesQuantity": 1, "CummulativeQuantity": 0, "LastOrderModifiedTime": 1770976170, "BlitzAppOrderID": 3156725361, "ExchangeOrderID": "1100000103190634"}}
[2026-02-13 15:19:38] INFO      [NEHA] [BLITZ-INBOUND] MODIFY_ORDER - Parameters: {"Account": "", "ExchangeClientID": "NEHA", "ExchangeSegment": "NSECM", "ExchangeInstrumentID": 17376, "SymbolName": "EXCEL", "ExchangeInstrumentName": "EXCEL", "ModifiedProductType": "CNC", "ModifiedOrderType": "LIMIT", "ModifiedTimeInForce": "GFD", "ModifiedDisclosedQuantity": 0, "ModifiedOrderQuantity": 1, "ModifiedLimitPrice": 1.21, "ModifiedStopPrice": 0.0, "LeavesQuantity": 1, "CummulativeQuantity": 0, "LastOrderModifiedTime": 1770976170, "BlitzAppOrderID": 3156725361, "ExchangeOrderID": "1100000103190634"}
[2026-02-13 15:19:38] INFO      [NEHA] [TPOMS-OUTBOUND][API] MODIFY_ORDER - Parameters: {"Account": "", "ExchangeClientID": "NEHA", "ExchangeSegment": "NSECM", "ExchangeInstrumentID": 17376, "SymbolName": "EXCEL", "ExchangeInstrumentName": "EXCEL", "ModifiedProductType": "CNC", "ModifiedOrderType": "LIMIT", "ModifiedTimeInForce": "GFD", "ModifiedDisclosedQuantity": 0, "ModifiedOrderQuantity": 1, "ModifiedLimitPrice": 1.21, "ModifiedStopPrice": 0.0, "LeavesQuantity": 1, "CummulativeQuantity": 0, "LastOrderModifiedTime": 1770976170, "BlitzAppOrderID": 3156725361, "ExchangeOrderID": "1100000103190634"}
[2026-02-13 15:19:38] INFO      [NEHA] [API REQUEST] {"uniqueorderid": "1300054SSFS1207", "newordertype": "LIMIT", "neworderduration": "DAY", "newprice": 1.21, "newquantityinlot": 1, "lastmodifiedtime": "13-Feb-2026 15:19:30", "qtytradedtoday": 0}
[2026-02-13 15:19:38] INFO      [NEHA] [WEBSOCKET] _on_message received
[2026-02-13 15:19:38] INFO      [NEHA] [TPOMS-INBOUND][WebSocket] Incoming message:{"ordercategory": "DELIVERY", "clientid": "SSFS1207", "exchange": "NSE", "symboltoken": 17376, "symbol": "EXCEL EQ", "series": "EQ", "expirydate": "0", "strikeprice": 0, "optiontype": "EQ", "orderid": "1100000103190634", "orderinitiatorid": "SSFS1207", "ordertype": "Limit", "orderduration": "DAY", "producttype": "DELIVERY", "error": "", "orderstatus": "SENT", "buyorsell": "BUY", "totalqtyremaining": 1, "orderqty": 1, "qtytradedtoday": 0, "disclosedqty": 0, "price": 1.21, "triggerprice": 0, "entrydatetime": "13-Feb-2026 15:19:30", "lastmodifiedtime": "13-Feb-2026 15:19:30", "vendor": "", "uniqueorderid": "1300054SSFS1207", "goodtilldate": "", "algoid": 0, "algocategory": 0, "averageprice": 0, "totalqtytraded": 0, "lotsize": 1, "tag": "3156725361"}
[2026-02-13 15:19:38] INFO      [NEHA] [WEBSOCKET] Order update received: 1300054SSFS1207, status=SENT
[2026-02-13 15:19:38] INFO      [NEHA] [WEBSOCKET] Updated cache for blitz_id=3156725361
[2026-02-13 15:19:38] INFO      [NEHA] [WEBSOCKET] Skipping unmapped status SENT for order_id=1300054SSFS1207
[2026-02-13 15:19:38] INFO      [NEHA] Modify accepted, waiting for WebSocket update: {'status': 'SUCCESS', 'message': 'Modify Order Request Sent Successfully', 'errorcode': ''}
[2026-02-13 15:19:38] INFO      [NEHA] [WEBSOCKET] _on_message received
[2026-02-13 15:19:38] INFO      [NEHA] [TPOMS-INBOUND][WebSocket] Incoming message:{"ordercategory": "DELIVERY", "clientid": "SSFS1207", "exchange": "NSE", "symboltoken": 17376, "symbol": "EXCEL EQ", "series": "EQ", "expirydate": "0", "strikeprice": 0, "optiontype": "EQ", "orderid": "1100000103190634", "orderinitiatorid": "SSFS1207", "ordertype": "Limit", "orderduration": "DAY", "producttype": "DELIVERY", "error": "", "orderstatus": "CONFIRM", "buyorsell": "BUY", "totalqtyremaining": 1, "orderqty": 1, "qtytradedtoday": 0, "disclosedqty": 0, "price": 1.21, "triggerprice": 0, "entrydatetime": "13-Feb-2026 15:19:38", "lastmodifiedtime": "13-Feb-2026 15:19:38", "vendor": "", "uniqueorderid": "1300054SSFS1207", "goodtilldate": "", "algoid": 0, "algocategory": 0, "averageprice": 0, "totalqtytraded": 0, "lotsize": 1, "tag": "3156725361"}
[2026-02-13 15:19:38] INFO      [NEHA] [WEBSOCKET] Order update received: 1300054SSFS1207, status=CONFIRM
[2026-02-13 15:19:38] INFO      [NEHA] [WEBSOCKET] Updated cache for blitz_id=3156725361
[2026-02-13 15:19:38] INFO      [NEHA] Published BY WEBSOCKET
[2026-02-13 15:19:38] INFO      [NEHA] [BLITZ-OUTBOUND][WEBSOCKET] Publishing order update: {"MessageType": "TPOMSOrderUpdate", "TPOmsName": "MOFL", "UserId": "NEHA", "Data": {"SequenceNumber": 0, "Account": "SSFS1207", "ExchangeClientID": "NEHA", "BlitzAppOrderID": 3156725361, "ExchangeOrderID": "1100000103190634", "ExchangeSegment": "NSECM", "ExchangeInstrumentID": 17376, "OrderSide": "Buy", "OrderType": "LIMIT", "ProductType": "CNC", "TimeInForce": "GFD", "OrderPrice": 0.0, "OrderQuantity": 1, "OrderStopPrice": 0.0, "OrderStatus": "Replaced", "OrderAverageTradedPrice": 0.0, "LeavesQuantity": 1, "CumulativeQuantity": 0, "OrderDisclosedQuantity": 0, "OrderGeneratedDateTime": "13-Feb-2026 15:19:38", "ExchangeTransactTime": "13-Feb-2026 15:19:38", "LastUpdateDateTime": "13-Feb-2026 15:19:38", "CancelRejectReason": "", "LastTradedPrice": 0.0, "LastTradedQuantity": 0, "LastExecutionTransactTime": "13-Feb-2026 15:19:38", "ExecutionID": ""}}
[2026-02-13 15:19:38] INFO      [NEHA] [WEBSOCKET] _on_message received
[2026-02-13 15:19:38] INFO      [NEHA] [TPOMS-INBOUND][WebSocket] Incoming message:{"ordercategory": "DELIVERY", "clientid": "SSFS1207", "exchange": "NSE", "symboltoken": 17376, "symbol": "EXCEL EQ", "series": "EQ", "expirydate": "0", "strikeprice": 0, "optiontype": "EQ", "orderid": "1100000103190634", "orderinitiatorid": "SSFS1207", "ordertype": "Limit", "orderduration": "DAY", "producttype": "DELIVERY", "error": "", "orderstatus": "TRADED", "buyorsell": "BUY", "totalqtyremaining": 0, "orderqty": 1, "qtytradedtoday": 1, "disclosedqty": 0, "price": 1.21, "triggerprice": 0, "entrydatetime": "13-Feb-2026 15:19:38", "lastmodifiedtime": "13-Feb-2026 15:19:38", "vendor": "", "uniqueorderid": "1300054SSFS1207", "goodtilldate": "", "algoid": 0, "algocategory": 0, "averageprice": 121, "totalqtytraded": 1, "lotsize": 1, "tag": "3156725361"}
[2026-02-13 15:19:38] INFO      [NEHA] [WEBSOCKET] Order update received: 1300054SSFS1207, status=TRADED
[2026-02-13 15:19:38] INFO      [NEHA] [WEBSOCKET] Action already consumed for blitz_id=3156725361
[2026-02-13 15:19:38] INFO      [NEHA] [WEBSOCKET] Updated cache for blitz_id=3156725361
[2026-02-13 15:19:38] INFO      [NEHA] Published BY WEBSOCKET
[2026-02-13 15:19:38] INFO      [NEHA] [BLITZ-OUTBOUND][WEBSOCKET] Publishing order update: {"MessageType": "TPOMSOrderUpdate", "TPOmsName": "MOFL", "UserId": "NEHA", "Data": {"SequenceNumber": 0, "Account": "SSFS1207", "ExchangeClientID": "NEHA", "BlitzAppOrderID": 3156725361, "ExchangeOrderID": "1100000103190634", "ExchangeSegment": "NSECM", "ExchangeInstrumentID": 17376, "OrderSide": "Buy", "OrderType": "LIMIT", "ProductType": "CNC", "TimeInForce": "GFD", "OrderPrice": 0.0, "OrderQuantity": 1, "OrderStopPrice": 0.0, "OrderStatus": "Filled", "OrderAverageTradedPrice": 121, "LeavesQuantity": 0, "CumulativeQuantity": 1, "OrderDisclosedQuantity": 0, "OrderGeneratedDateTime": "13-Feb-2026 15:19:38", "ExchangeTransactTime": "13-Feb-2026 15:19:38", "LastUpdateDateTime": "13-Feb-2026 15:19:38", "CancelRejectReason": "", "LastTradedPrice": 1.21, "LastTradedQuantity": 1, "LastExecutionTransactTime": "13-Feb-2026 15:19:38", "ExecutionID": ""}}
[2026-02-13 15:19:38] INFO      [NEHA] [WEBSOCKET] _on_message received
[2026-02-13 15:19:38] INFO      [NEHA] [TPOMS-INBOUND][WebSocket] Incoming message:{"clientid": "SSFS1207", "exchange": "NSE", "symboltoken": 17376, "producttype": "DELIVERY", "symbol": "EXCEL EQ", "instrumenttype": "      ", "series": "EQ", "strikeprice": 0, "optiontype": "EQ", "expirydate": "0", "lotsize": 1, "precision": 2, "multiplier": 1, "tradeprice": 1.21, "tradeqty": 1, "tradevalue": 1.21, "buyorsell": "BUY", "orderid": "1100000103190634", "tradeno": "211428654", "tradetime": "14-Feb-2026 15:19:38", "uniqueorderid": "1300054SSFS1207"}
[2026-02-13 15:19:38] INFO      [NEHA] [WEBSOCKET] Order update received: 1300054SSFS1207, status=None
[2026-02-13 15:19:38] INFO      [NEHA] [WEBSOCKET] Action already consumed for blitz_id=3156725361
[2026-02-13 15:19:38] ERROR     [NEHA] [WEBSOCKET] Message processing error: unsupported operand type(s) for /: 'NoneType' and 'int'
[2026-02-13 15:19:49] INFO      [NEHA] [WEBSOCKET] Sending heartbeat: {"action": "heartbeat", "clientid": "SSFS1207"}
[2026-02-13 15:19:49] INFO      [NEHA] [WEBSOCKET] Heartbeat sent entity=NEHA
[2026-02-13 15:19:50] INFO      [NEHA] [BLITZ-INBOUND] Action=PLACE_ORDER, Full payload: {"Action": "PLACE_ORDER", "TPOmsName": "MOFL", "UserId": "82681be6-577f-431e-ac97-5276a8d13405", "UserName": "NEHA", "Data": {"Account": "", "ExchangeClientID": "NEHA", "ExchangeSegment": "NSEFO", "ExchangeInstrumentID": 64832, "SymbolName": "NIFTY", "ExchangeInstrumentName": "NIFTY 24FEB2026 PE 25050", "ProductType": "CNC", "OrderType": "LIMIT", "OrderSide": "Buy", "TimeInForce": "GFD", "DisclosedQuantity": 0, "OrderQuantity": 65, "LimitPrice": 0.05, "StopPrice": 0.0, "BlitzAppOrderID": 3156725362, "AlgoID": "0", "AlgoCategory": "0", "IsFictiveOrder": "False"}}
[2026-02-13 15:19:50] INFO      [NEHA] [BLITZ-INBOUND] PLACE_ORDER - Parameters: {"Account": "", "ExchangeClientID": "NEHA", "ExchangeSegment": "NSEFO", "ExchangeInstrumentID": 64832, "SymbolName": "NIFTY", "ExchangeInstrumentName": "NIFTY 24FEB2026 PE 25050", "ProductType": "CNC", "OrderType": "LIMIT", "OrderSide": "Buy", "TimeInForce": "GFD", "DisclosedQuantity": 0, "OrderQuantity": 65, "LimitPrice": 0.05, "StopPrice": 0.0, "BlitzAppOrderID": 3156725362, "AlgoID": "0", "AlgoCategory": "0", "IsFictiveOrder": "False"}
[2026-02-13 15:19:50] INFO      [NEHA] Blitz data cached: 3156725362
[2026-02-13 15:19:50] INFO      [NEHA] [TPOMS-OUTBOUND][API] PLACE_ORDER - Parameters: {"symboltoken": 64832, "exchange": "NSEFO", "side": "Buy", "order_type": "LIMIT", "quantity": 1, "product_type": "DELIVERY", "price": 0.05, "trigger_price": 0.0, "validity": "DAY", "tag": 3156725362, "amoorder": "N"}
[2026-02-13 15:19:50] INFO      [NEHA] Using ExchangeInstrumentID as symbol token: 64832
[2026-02-13 15:19:50] INFO      [NEHA] [API REQUEST] {"exchange": "NSEFO", "symboltoken": 64832, "buyorsell": "BUY", "ordertype": "LIMIT", "producttype": "DELIVERY", "quantityinlot": 1, "amoorder": "N", "price": 0.05, "triggerprice": 0.0, "orderduration": "DAY", "tag": "3156725362"}
[2026-02-13 15:19:51] ERROR     [NEHA] [PLACE_ORDER ERROR] {"MessageType": "PLACE_ORDER", "TPOmsName": "MOFL", "UserId": "NEHA", "Data": [{"SequenceNumber": 0, "Account": "", "ExchangeClientID": "NEHA", "BlitzAppOrderID": "3156725362", "ExchangeOrderID": "", "ExchangeSegment": "NSEFO", "ExchangeInstrumentID": 64832, "OrderSide": "Buy", "OrderType": "LIMIT", "ProductType": "", "TimeInForce": "GFD", "OrderPrice": 0.05, "OrderQuantity": 65, "OrderStopPrice": 0.0, "OrderStatus": "Rejected", "OrderAverageTradedPrice": "", "LeavesQuantity": 0, "CumulativeQuantity": 0, "OrderDisclosedQuantity": 0, "OrderGeneratedDateTime": "", "ExchangeTransactTime": "", "LastUpdateDateTime": "", "CancelRejectReason": "Exchange and Product Type combination does not work for this order", "LastTradedPrice": 0.0, "LastTradedQuantity": 0, "LastExecutionTransactTime": "", "ExecutionID": ""}]}
[2026-02-13 15:20:07] INFO      [NEHA] [BLITZ-INBOUND] Action=PLACE_ORDER, Full payload: {"Action": "PLACE_ORDER", "TPOmsName": "MOFL", "UserId": "82681be6-577f-431e-ac97-5276a8d13405", "UserName": "NEHA", "Data": {"Account": "", "ExchangeClientID": "NEHA", "ExchangeSegment": "NSEFO", "ExchangeInstrumentID": 64832, "SymbolName": "NIFTY", "ExchangeInstrumentName": "NIFTY 24FEB2026 PE 25050", "ProductType": "MIS", "OrderType": "LIMIT", "OrderSide": "Buy", "TimeInForce": "GFD", "DisclosedQuantity": 0, "OrderQuantity": 65, "LimitPrice": 0.05, "StopPrice": 0.0, "BlitzAppOrderID": 3156725363, "AlgoID": "0", "AlgoCategory": "0", "IsFictiveOrder": "False"}}
[2026-02-13 15:20:07] INFO      [NEHA] [BLITZ-INBOUND] PLACE_ORDER - Parameters: {"Account": "", "ExchangeClientID": "NEHA", "ExchangeSegment": "NSEFO", "ExchangeInstrumentID": 64832, "SymbolName": "NIFTY", "ExchangeInstrumentName": "NIFTY 24FEB2026 PE 25050", "ProductType": "MIS", "OrderType": "LIMIT", "OrderSide": "Buy", "TimeInForce": "GFD", "DisclosedQuantity": 0, "OrderQuantity": 65, "LimitPrice": 0.05, "StopPrice": 0.0, "BlitzAppOrderID": 3156725363, "AlgoID": "0", "AlgoCategory": "0", "IsFictiveOrder": "False"}
[2026-02-13 15:20:07] INFO      [NEHA] Blitz data cached: 3156725363
[2026-02-13 15:20:07] INFO      [NEHA] [TPOMS-OUTBOUND][API] PLACE_ORDER - Parameters: {"symboltoken": 64832, "exchange": "NSEFO", "side": "Buy", "order_type": "LIMIT", "quantity": 1, "product_type": "NORMAL", "price": 0.05, "trigger_price": 0.0, "validity": "DAY", "tag": 3156725363, "amoorder": "N"}
[2026-02-13 15:20:07] INFO      [NEHA] Using ExchangeInstrumentID as symbol token: 64832
[2026-02-13 15:20:07] INFO      [NEHA] [API REQUEST] {"exchange": "NSEFO", "symboltoken": 64832, "buyorsell": "BUY", "ordertype": "LIMIT", "producttype": "NORMAL", "quantityinlot": 1, "amoorder": "N", "price": 0.05, "triggerprice": 0.0, "orderduration": "DAY", "tag": "3156725363"}
[2026-02-13 15:20:07] INFO      [NEHA] Order placed successfully
[2026-02-13 15:20:07] INFO      [NEHA] PLACE_ORDER accepted by API
[2026-02-13 15:20:07] INFO      [NEHA] Mapped: blitz_id=3156725363 <-> uniqueorderid=1300055SSFS1207
[2026-02-13 15:20:07] INFO      [NEHA] [WEBSOCKET] _on_message received
[2026-02-13 15:20:07] INFO      [NEHA] [TPOMS-INBOUND][WebSocket] Incoming message:{"ordercategory": "NORMAL", "clientid": "SSFS1207", "exchange": "NSEFO", "symboltoken": 64832, "symbol": "NIFTY 24-Feb-2026 PE 25050", "series": "PE", "expirydate": "25-Feb-2026", "strikeprice": 25050, "optiontype": "PE", "orderid": "0", "orderinitiatorid": "SSFS1207", "ordertype": "Limit", "orderduration": "DAY", "producttype": "NORMAL", "error": "", "orderstatus": "SENT", "buyorsell": "BUY", "totalqtyremaining": 65, "orderqty": 65, "qtytradedtoday": 0, "disclosedqty": 0, "price": 0.05, "triggerprice": 0, "entrydatetime": "01-Jan-1980 00:00:00", "lastmodifiedtime": "01-Jan-1980 00:00:00", "vendor": "", "uniqueorderid": "1300055SSFS1207", "goodtilldate": "", "algoid": 0, "algocategory": 0, "averageprice": 0, "totalqtytraded": 0, "lotsize": 65, "tag": "3156725363"}
[2026-02-13 15:20:07] INFO      [NEHA] [WEBSOCKET] Order update received: 1300055SSFS1207, status=SENT
[2026-02-13 15:20:07] INFO      [NEHA] [WEBSOCKET] Updated cache for blitz_id=3156725363
[2026-02-13 15:20:07] INFO      [NEHA] [WEBSOCKET] Skipping unmapped status SENT for order_id=1300055SSFS1207
[2026-02-13 15:20:08] INFO      [NEHA] [WEBSOCKET] _on_message received
[2026-02-13 15:20:08] INFO      [NEHA] [TPOMS-INBOUND][WebSocket] Incoming message:{"ordercategory": "NORMAL", "clientid": "SSFS1207", "exchange": "NSEFO", "symboltoken": 64832, "symbol": "NIFTY 24-Feb-2026 PE 25050", "series": "PE", "expirydate": "25-Feb-2026", "strikeprice": 25050, "optiontype": "PE", "orderid": "1400000217182288", "orderinitiatorid": "SSFS1207", "ordertype": "Limit", "orderduration": "DAY", "producttype": "NORMAL", "error": "", "orderstatus": "CONFIRM", "buyorsell": "BUY", "totalqtyremaining": 65, "orderqty": 65, "qtytradedtoday": 0, "disclosedqty": 0, "price": 0.05, "triggerprice": 0, "entrydatetime": "13-Feb-2026 15:20:07", "lastmodifiedtime": "13-Feb-2026 15:20:07", "vendor": "", "uniqueorderid": "1300055SSFS1207", "goodtilldate": "", "algoid": 0, "algocategory": 0, "averageprice": 0, "totalqtytraded": 0, "lotsize": 65, "tag": "3156725363"}
[2026-02-13 15:20:08] INFO      [NEHA] [WEBSOCKET] Order update received: 1300055SSFS1207, status=CONFIRM
[2026-02-13 15:20:08] INFO      [NEHA] [WEBSOCKET] Updated cache for blitz_id=3156725363
[2026-02-13 15:20:08] INFO      [NEHA] Published BY WEBSOCKET
[2026-02-13 15:20:08] INFO      [NEHA] [BLITZ-OUTBOUND][WEBSOCKET] Publishing order update: {"MessageType": "TPOMSOrderUpdate", "TPOmsName": "MOFL", "UserId": "NEHA", "Data": {"SequenceNumber": 0, "Account": "SSFS1207", "ExchangeClientID": "NEHA", "BlitzAppOrderID": 3156725363, "ExchangeOrderID": "1400000217182288", "ExchangeSegment": "NSEFO", "ExchangeInstrumentID": 64832, "OrderSide": "Buy", "OrderType": "LIMIT", "ProductType": "MIS", "TimeInForce": "GFD", "OrderPrice": 0.0, "OrderQuantity": 65, "OrderStopPrice": 0.0, "OrderStatus": "New", "OrderAverageTradedPrice": 0.0, "LeavesQuantity": 65, "CumulativeQuantity": 0, "OrderDisclosedQuantity": 0, "OrderGeneratedDateTime": "13-Feb-2026 15:20:07", "ExchangeTransactTime": "13-Feb-2026 15:20:07", "LastUpdateDateTime": "13-Feb-2026 15:20:07", "CancelRejectReason": "", "LastTradedPrice": 0.0, "LastTradedQuantity": 0, "LastExecutionTransactTime": "13-Feb-2026 15:20:07", "ExecutionID": ""}}
[2026-02-13 15:20:19] INFO      [NEHA] [WEBSOCKET] Sending heartbeat: {"action": "heartbeat", "clientid": "SSFS1207"}
[2026-02-13 15:20:19] INFO      [NEHA] [WEBSOCKET] Heartbeat sent entity=NEHA
[2026-02-13 15:20:21] INFO      [NEHA] [BLITZ-INBOUND] Action=MODIFY_ORDER, Full payload: {"Action": "MODIFY_ORDER", "TPOmsName": "MOFL", "UserId": "82681be6-577f-431e-ac97-5276a8d13405", "UserName": "NEHA", "Data": {"Account": "", "ExchangeClientID": "NEHA", "ExchangeSegment": "NSEFO", "ExchangeInstrumentID": 64832, "SymbolName": "NIFTY", "ExchangeInstrumentName": "NIFTY 24FEB2026 PE 25050", "ModifiedProductType": "MIS", "ModifiedOrderType": "LIMIT", "ModifiedTimeInForce": "GFD", "ModifiedDisclosedQuantity": 0, "ModifiedOrderQuantity": 65, "ModifiedLimitPrice": 0.1, "ModifiedStopPrice": 0.0, "LeavesQuantity": 65, "CummulativeQuantity": 0, "LastOrderModifiedTime": 1770976208, "BlitzAppOrderID": 3156725363, "ExchangeOrderID": "1400000217182288"}}
[2026-02-13 15:20:21] INFO      [NEHA] [BLITZ-INBOUND] MODIFY_ORDER - Parameters: {"Account": "", "ExchangeClientID": "NEHA", "ExchangeSegment": "NSEFO", "ExchangeInstrumentID": 64832, "SymbolName": "NIFTY", "ExchangeInstrumentName": "NIFTY 24FEB2026 PE 25050", "ModifiedProductType": "MIS", "ModifiedOrderType": "LIMIT", "ModifiedTimeInForce": "GFD", "ModifiedDisclosedQuantity": 0, "ModifiedOrderQuantity": 65, "ModifiedLimitPrice": 0.1, "ModifiedStopPrice": 0.0, "LeavesQuantity": 65, "CummulativeQuantity": 0, "LastOrderModifiedTime": 1770976208, "BlitzAppOrderID": 3156725363, "ExchangeOrderID": "1400000217182288"}
[2026-02-13 15:20:21] INFO      [NEHA] [TPOMS-OUTBOUND][API] MODIFY_ORDER - Parameters: {"Account": "", "ExchangeClientID": "NEHA", "ExchangeSegment": "NSEFO", "ExchangeInstrumentID": 64832, "SymbolName": "NIFTY", "ExchangeInstrumentName": "NIFTY 24FEB2026 PE 25050", "ModifiedProductType": "MIS", "ModifiedOrderType": "LIMIT", "ModifiedTimeInForce": "GFD", "ModifiedDisclosedQuantity": 0, "ModifiedOrderQuantity": 65, "ModifiedLimitPrice": 0.1, "ModifiedStopPrice": 0.0, "LeavesQuantity": 65, "CummulativeQuantity": 0, "LastOrderModifiedTime": 1770976208, "BlitzAppOrderID": 3156725363, "ExchangeOrderID": "1400000217182288"}
[2026-02-13 15:20:21] INFO      [NEHA] [API REQUEST] {"uniqueorderid": "1300055SSFS1207", "newordertype": "LIMIT", "neworderduration": "DAY", "newprice": 0.1, "newquantityinlot": 1, "lastmodifiedtime": "13-Feb-2026 15:20:07", "qtytradedtoday": 0}
[2026-02-13 15:20:21] INFO      [NEHA] [WEBSOCKET] _on_message received
[2026-02-13 15:20:21] INFO      [NEHA] [TPOMS-INBOUND][WebSocket] Incoming message:{"ordercategory": "NORMAL", "clientid": "SSFS1207", "exchange": "NSEFO", "symboltoken": 64832, "symbol": "NIFTY 24-Feb-2026 PE 25050", "series": "PE", "expirydate": "25-Feb-2026", "strikeprice": 25050, "optiontype": "PE", "orderid": "1400000217182288", "orderinitiatorid": "SSFS1207", "ordertype": "Limit", "orderduration": "DAY", "producttype": "NORMAL", "error": "", "orderstatus": "SENT", "buyorsell": "BUY", "totalqtyremaining": 65, "orderqty": 65, "qtytradedtoday": 0, "disclosedqty": 0, "price": 0.1, "triggerprice": 0, "entrydatetime": "13-Feb-2026 15:20:07", "lastmodifiedtime": "13-Feb-2026 15:20:07", "vendor": "", "uniqueorderid": "1300055SSFS1207", "goodtilldate": "", "algoid": 0, "algocategory": 0, "averageprice": 0, "totalqtytraded": 0, "lotsize": 65, "tag": "3156725363"}
[2026-02-13 15:20:21] INFO      [NEHA] [WEBSOCKET] Order update received: 1300055SSFS1207, status=SENT
[2026-02-13 15:20:21] INFO      [NEHA] [WEBSOCKET] Updated cache for blitz_id=3156725363
[2026-02-13 15:20:21] INFO      [NEHA] [WEBSOCKET] Skipping unmapped status SENT for order_id=1300055SSFS1207
[2026-02-13 15:20:21] INFO      [NEHA] Modify accepted, waiting for WebSocket update: {'status': 'SUCCESS', 'message': 'Modify Order Request Sent Successfully', 'errorcode': ''}
[2026-02-13 15:20:21] INFO      [NEHA] [WEBSOCKET] _on_message received
[2026-02-13 15:20:21] INFO      [NEHA] [TPOMS-INBOUND][WebSocket] Incoming message:{"ordercategory": "NORMAL", "clientid": "SSFS1207", "exchange": "NSEFO", "symboltoken": 64832, "symbol": "NIFTY 24-Feb-2026 PE 25050", "series": "PE", "expirydate": "25-Feb-2026", "strikeprice": 25050, "optiontype": "PE", "orderid": "1400000217182288", "orderinitiatorid": "SSFS1207", "ordertype": "Limit", "orderduration": "DAY", "producttype": "NORMAL", "error": "", "orderstatus": "CONFIRM", "buyorsell": "BUY", "totalqtyremaining": 65, "orderqty": 65, "qtytradedtoday": 0, "disclosedqty": 0, "price": 0.1, "triggerprice": 0, "entrydatetime": "13-Feb-2026 15:20:21", "lastmodifiedtime": "13-Feb-2026 15:20:21", "vendor": "", "uniqueorderid": "1300055SSFS1207", "goodtilldate": "", "algoid": 0, "algocategory": 0, "averageprice": 0, "totalqtytraded": 0, "lotsize": 65, "tag": "3156725363"}
[2026-02-13 15:20:21] INFO      [NEHA] [WEBSOCKET] Order update received: 1300055SSFS1207, status=CONFIRM
[2026-02-13 15:20:21] INFO      [NEHA] [WEBSOCKET] Updated cache for blitz_id=3156725363
[2026-02-13 15:20:21] INFO      [NEHA] Published BY WEBSOCKET
[2026-02-13 15:20:21] INFO      [NEHA] [BLITZ-OUTBOUND][WEBSOCKET] Publishing order update: {"MessageType": "TPOMSOrderUpdate", "TPOmsName": "MOFL", "UserId": "NEHA", "Data": {"SequenceNumber": 0, "Account": "SSFS1207", "ExchangeClientID": "NEHA", "BlitzAppOrderID": 3156725363, "ExchangeOrderID": "1400000217182288", "ExchangeSegment": "NSEFO", "ExchangeInstrumentID": 64832, "OrderSide": "Buy", "OrderType": "LIMIT", "ProductType": "MIS", "TimeInForce": "GFD", "OrderPrice": 0.0, "OrderQuantity": 65, "OrderStopPrice": 0.0, "OrderStatus": "Replaced", "OrderAverageTradedPrice": 0.0, "LeavesQuantity": 65, "CumulativeQuantity": 0, "OrderDisclosedQuantity": 0, "OrderGeneratedDateTime": "13-Feb-2026 15:20:21", "ExchangeTransactTime": "13-Feb-2026 15:20:21", "LastUpdateDateTime": "13-Feb-2026 15:20:21", "CancelRejectReason": "", "LastTradedPrice": 0.0, "LastTradedQuantity": 0, "LastExecutionTransactTime": "13-Feb-2026 15:20:21", "ExecutionID": ""}}
[2026-02-13 15:20:28] INFO      [NEHA] [BLITZ-INBOUND] Action=MODIFY_ORDER, Full payload: {"Action": "MODIFY_ORDER", "TPOmsName": "MOFL", "UserId": "82681be6-577f-431e-ac97-5276a8d13405", "UserName": "NEHA", "Data": {"Account": "", "ExchangeClientID": "NEHA", "ExchangeSegment": "NSEFO", "ExchangeInstrumentID": 64832, "SymbolName": "NIFTY", "ExchangeInstrumentName": "NIFTY 24FEB2026 PE 25050", "ModifiedProductType": "MIS", "ModifiedOrderType": "LIMIT", "ModifiedTimeInForce": "GFD", "ModifiedDisclosedQuantity": 0, "ModifiedOrderQuantity": 65, "ModifiedLimitPrice": 0.2, "ModifiedStopPrice": 0.0, "LeavesQuantity": 65, "CummulativeQuantity": 0, "LastOrderModifiedTime": 1770976221, "BlitzAppOrderID": 3156725363, "ExchangeOrderID": "1400000217182288"}}
[2026-02-13 15:20:28] INFO      [NEHA] [BLITZ-INBOUND] MODIFY_ORDER - Parameters: {"Account": "", "ExchangeClientID": "NEHA", "ExchangeSegment": "NSEFO", "ExchangeInstrumentID": 64832, "SymbolName": "NIFTY", "ExchangeInstrumentName": "NIFTY 24FEB2026 PE 25050", "ModifiedProductType": "MIS", "ModifiedOrderType": "LIMIT", "ModifiedTimeInForce": "GFD", "ModifiedDisclosedQuantity": 0, "ModifiedOrderQuantity": 65, "ModifiedLimitPrice": 0.2, "ModifiedStopPrice": 0.0, "LeavesQuantity": 65, "CummulativeQuantity": 0, "LastOrderModifiedTime": 1770976221, "BlitzAppOrderID": 3156725363, "ExchangeOrderID": "1400000217182288"}
[2026-02-13 15:20:28] INFO      [NEHA] [TPOMS-OUTBOUND][API] MODIFY_ORDER - Parameters: {"Account": "", "ExchangeClientID": "NEHA", "ExchangeSegment": "NSEFO", "ExchangeInstrumentID": 64832, "SymbolName": "NIFTY", "ExchangeInstrumentName": "NIFTY 24FEB2026 PE 25050", "ModifiedProductType": "MIS", "ModifiedOrderType": "LIMIT", "ModifiedTimeInForce": "GFD", "ModifiedDisclosedQuantity": 0, "ModifiedOrderQuantity": 65, "ModifiedLimitPrice": 0.2, "ModifiedStopPrice": 0.0, "LeavesQuantity": 65, "CummulativeQuantity": 0, "LastOrderModifiedTime": 1770976221, "BlitzAppOrderID": 3156725363, "ExchangeOrderID": "1400000217182288"}
[2026-02-13 15:20:28] INFO      [NEHA] [API REQUEST] {"uniqueorderid": "1300055SSFS1207", "newordertype": "LIMIT", "neworderduration": "DAY", "newprice": 0.2, "newquantityinlot": 1, "lastmodifiedtime": "13-Feb-2026 15:20:21", "qtytradedtoday": 0}
[2026-02-13 15:20:29] INFO      [NEHA] [WEBSOCKET] _on_message received
[2026-02-13 15:20:29] INFO      [NEHA] [TPOMS-INBOUND][WebSocket] Incoming message:{"ordercategory": "NORMAL", "clientid": "SSFS1207", "exchange": "NSEFO", "symboltoken": 64832, "symbol": "NIFTY 24-Feb-2026 PE 25050", "series": "PE", "expirydate": "25-Feb-2026", "strikeprice": 25050, "optiontype": "PE", "orderid": "1400000217182288", "orderinitiatorid": "SSFS1207", "ordertype": "Limit", "orderduration": "DAY", "producttype": "NORMAL", "error": "", "orderstatus": "SENT", "buyorsell": "BUY", "totalqtyremaining": 65, "orderqty": 65, "qtytradedtoday": 0, "disclosedqty": 0, "price": 0.2, "triggerprice": 0, "entrydatetime": "13-Feb-2026 15:20:21", "lastmodifiedtime": "13-Feb-2026 15:20:21", "vendor": "", "uniqueorderid": "1300055SSFS1207", "goodtilldate": "", "algoid": 0, "algocategory": 0, "averageprice": 0, "totalqtytraded": 0, "lotsize": 65, "tag": "3156725363"}
[2026-02-13 15:20:29] INFO      [NEHA] [WEBSOCKET] Order update received: 1300055SSFS1207, status=SENT
[2026-02-13 15:20:29] INFO      [NEHA] [WEBSOCKET] Updated cache for blitz_id=3156725363
[2026-02-13 15:20:29] INFO      [NEHA] [WEBSOCKET] Skipping unmapped status SENT for order_id=1300055SSFS1207
[2026-02-13 15:20:29] INFO      [NEHA] Modify accepted, waiting for WebSocket update: {'status': 'SUCCESS', 'message': 'Modify Order Request Sent Successfully', 'errorcode': ''}
[2026-02-13 15:20:29] INFO      [NEHA] [WEBSOCKET] _on_message received
[2026-02-13 15:20:29] INFO      [NEHA] [TPOMS-INBOUND][WebSocket] Incoming message:{"ordercategory": "NORMAL", "clientid": "SSFS1207", "exchange": "NSEFO", "symboltoken": 64832, "symbol": "NIFTY 24-Feb-2026 PE 25050", "series": "PE", "expirydate": "25-Feb-2026", "strikeprice": 25050, "optiontype": "PE", "orderid": "1400000217182288", "orderinitiatorid": "SSFS1207", "ordertype": "Limit", "orderduration": "DAY", "producttype": "NORMAL", "error": "", "orderstatus": "CONFIRM", "buyorsell": "BUY", "totalqtyremaining": 65, "orderqty": 65, "qtytradedtoday": 0, "disclosedqty": 0, "price": 0.2, "triggerprice": 0, "entrydatetime": "13-Feb-2026 15:20:29", "lastmodifiedtime": "13-Feb-2026 15:20:29", "vendor": "", "uniqueorderid": "1300055SSFS1207", "goodtilldate": "", "algoid": 0, "algocategory": 0, "averageprice": 0, "totalqtytraded": 0, "lotsize": 65, "tag": "3156725363"}
[2026-02-13 15:20:29] INFO      [NEHA] [WEBSOCKET] Order update received: 1300055SSFS1207, status=CONFIRM
[2026-02-13 15:20:29] INFO      [NEHA] [WEBSOCKET] Updated cache for blitz_id=3156725363
[2026-02-13 15:20:29] INFO      [NEHA] Published BY WEBSOCKET
[2026-02-13 15:20:29] INFO      [NEHA] [BLITZ-OUTBOUND][WEBSOCKET] Publishing order update: {"MessageType": "TPOMSOrderUpdate", "TPOmsName": "MOFL", "UserId": "NEHA", "Data": {"SequenceNumber": 0, "Account": "SSFS1207", "ExchangeClientID": "NEHA", "BlitzAppOrderID": 3156725363, "ExchangeOrderID": "1400000217182288", "ExchangeSegment": "NSEFO", "ExchangeInstrumentID": 64832, "OrderSide": "Buy", "OrderType": "LIMIT", "ProductType": "MIS", "TimeInForce": "GFD", "OrderPrice": 0.0, "OrderQuantity": 65, "OrderStopPrice": 0.0, "OrderStatus": "Replaced", "OrderAverageTradedPrice": 0.0, "LeavesQuantity": 65, "CumulativeQuantity": 0, "OrderDisclosedQuantity": 0, "OrderGeneratedDateTime": "13-Feb-2026 15:20:29", "ExchangeTransactTime": "13-Feb-2026 15:20:29", "LastUpdateDateTime": "13-Feb-2026 15:20:29", "CancelRejectReason": "", "LastTradedPrice": 0.0, "LastTradedQuantity": 0, "LastExecutionTransactTime": "13-Feb-2026 15:20:29", "ExecutionID": ""}}
[2026-02-13 15:20:31] INFO      [NEHA] [BLITZ-INBOUND] Action=CANCEL_ORDER, Full payload: {"Action": "CANCEL_ORDER", "TPOmsName": "MOFL", "UserId": "82681be6-577f-431e-ac97-5276a8d13405", "UserName": "NEHA", "Data": {"Account": "", "ExchangeClientID": "NEHA", "ExchangeSegment": "NSEFO", "ExchangeInstrumentID": 64832, "SymbolName": "NIFTY", "ExchangeInstrumentName": "NIFTY 24FEB2026 PE 25050", "LeavesQuantity": 65, "CummulativeQuantity": 0, "LastOrderModifiedTime": 1770976229, "BlitzAppOrderID": 3156725363, "ExchangeOrderID": "1400000217182288"}}
[2026-02-13 15:20:31] INFO      [NEHA] [BLITZ-INBOUND] CANCEL_ORDER - Parameters: {"Account": "", "ExchangeClientID": "NEHA", "ExchangeSegment": "NSEFO", "ExchangeInstrumentID": 64832, "SymbolName": "NIFTY", "ExchangeInstrumentName": "NIFTY 24FEB2026 PE 25050", "LeavesQuantity": 65, "CummulativeQuantity": 0, "LastOrderModifiedTime": 1770976229, "BlitzAppOrderID": 3156725363, "ExchangeOrderID": "1400000217182288"}
[2026-02-13 15:20:31] INFO      [NEHA] [TPOMS-OUTBOUND][API] CANCEL_ORDER - {"order_id": "1300055SSFS1207"}
[2026-02-13 15:20:31] INFO      [NEHA] [API REQUEST] {"uniqueorderid": "1300055SSFS1207"}
[2026-02-13 15:20:32] INFO      [NEHA] Cancel accepted by API ={'status': 'success', 'orderid': '1300055SSFS1207'}, waiting for WebSocket update
[2026-02-13 15:20:32] INFO      [NEHA] [WEBSOCKET] _on_message received
[2026-02-13 15:20:32] INFO      [NEHA] [TPOMS-INBOUND][WebSocket] Incoming message:{"ordercategory": "NORMAL", "clientid": "SSFS1207", "exchange": "NSEFO", "symboltoken": 64832, "symbol": "NIFTY 24-Feb-2026 PE 25050", "series": "PE", "expirydate": "25-Feb-2026", "strikeprice": 25050, "optiontype": "PE", "orderid": "1400000217182288", "orderinitiatorid": "SSFS1207", "ordertype": "Limit", "orderduration": "DAY", "producttype": "NORMAL", "error": "", "orderstatus": "SENT", "buyorsell": "BUY", "totalqtyremaining": 65, "orderqty": 65, "qtytradedtoday": 0, "disclosedqty": 0, "price": 0.2, "triggerprice": 0, "entrydatetime": "13-Feb-2026 15:20:29", "lastmodifiedtime": "13-Feb-2026 15:20:29", "vendor": "", "uniqueorderid": "1300055SSFS1207", "goodtilldate": "", "algoid": 0, "algocategory": 0, "averageprice": 0, "totalqtytraded": 0, "lotsize": 65, "tag": "3156725363"}
[2026-02-13 15:20:32] INFO      [NEHA] [WEBSOCKET] Order update received: 1300055SSFS1207, status=SENT
[2026-02-13 15:20:32] INFO      [NEHA] [WEBSOCKET] Updated cache for blitz_id=3156725363
[2026-02-13 15:20:32] INFO      [NEHA] [WEBSOCKET] Skipping unmapped status SENT for order_id=1300055SSFS1207
[2026-02-13 15:20:32] INFO      [NEHA] [WEBSOCKET] _on_message received
[2026-02-13 15:20:32] INFO      [NEHA] [TPOMS-INBOUND][WebSocket] Incoming message:{"ordercategory": "NORMAL", "clientid": "SSFS1207", "exchange": "NSEFO", "symboltoken": 64832, "symbol": "NIFTY 24-Feb-2026 PE 25050", "series": "PE", "expirydate": "25-Feb-2026", "strikeprice": 25050, "optiontype": "PE", "orderid": "1400000217182288", "orderinitiatorid": "SSFS1207", "ordertype": "Limit", "orderduration": "DAY", "producttype": "NORMAL", "error": "", "orderstatus": "CANCEL", "buyorsell": "BUY", "totalqtyremaining": 65, "orderqty": 65, "qtytradedtoday": 0, "disclosedqty": 0, "price": 0.2, "triggerprice": 0, "entrydatetime": "13-Feb-2026 15:20:29", "lastmodifiedtime": "13-Feb-2026 15:20:32", "vendor": "", "uniqueorderid": "1300055SSFS1207", "goodtilldate": "", "algoid": 0, "algocategory": 0, "averageprice": 0, "totalqtytraded": 0, "lotsize": 65, "tag": "3156725363"}
[2026-02-13 15:20:32] INFO      [NEHA] [WEBSOCKET] Order update received: 1300055SSFS1207, status=CANCEL
[2026-02-13 15:20:32] INFO      [NEHA] [WEBSOCKET] Updated cache for blitz_id=3156725363
[2026-02-13 15:20:32] INFO      [NEHA] Published BY WEBSOCKET
[2026-02-13 15:20:32] INFO      [NEHA] [BLITZ-OUTBOUND][WEBSOCKET] Publishing order update: {"MessageType": "TPOMSOrderUpdate", "TPOmsName": "MOFL", "UserId": "NEHA", "Data": {"SequenceNumber": 0, "Account": "SSFS1207", "ExchangeClientID": "NEHA", "BlitzAppOrderID": 3156725363, "ExchangeOrderID": "1400000217182288", "ExchangeSegment": "NSEFO", "ExchangeInstrumentID": 64832, "OrderSide": "Buy", "OrderType": "LIMIT", "ProductType": "MIS", "TimeInForce": "GFD", "OrderPrice": 0.0, "OrderQuantity": 65, "OrderStopPrice": 0.0, "OrderStatus": "Cancelled", "OrderAverageTradedPrice": 0.0, "LeavesQuantity": 65, "CumulativeQuantity": 0, "OrderDisclosedQuantity": 0, "OrderGeneratedDateTime": "13-Feb-2026 15:20:29", "ExchangeTransactTime": "13-Feb-2026 15:20:29", "LastUpdateDateTime": "13-Feb-2026 15:20:32", "CancelRejectReason": "", "LastTradedPrice": 0.0, "LastTradedQuantity": 0, "LastExecutionTransactTime": "13-Feb-2026 15:20:32", "ExecutionID": ""}}
[2026-02-13 15:20:49] INFO      [NEHA] [WEBSOCKET] Sending heartbeat: {"action": "heartbeat", "clientid": "SSFS1207"}
[2026-02-13 15:20:49] INFO      [NEHA] [WEBSOCKET] Heartbeat sent entity=NEHA
[2026-02-13 15:21:19] INFO      [NEHA] [WEBSOCKET] Sending heartbeat: {"action": "heartbeat", "clientid": "SSFS1207"}
[2026-02-13 15:21:19] INFO      [NEHA] [WEBSOCKET] Heartbeat sent entity=NEHA
[2026-02-13 15:21:49] INFO      [NEHA] [WEBSOCKET] Sending heartbeat: {"action": "heartbeat", "clientid": "SSFS1207"}
[2026-02-13 15:21:49] INFO      [NEHA] [WEBSOCKET] Heartbeat sent entity=NEHA
[2026-02-13 15:22:19] INFO      [NEHA] [WEBSOCKET] Sending heartbeat: {"action": "heartbeat", "clientid": "SSFS1207"}
[2026-02-13 15:22:19] INFO      [NEHA] [WEBSOCKET] Heartbeat sent entity=NEHA
[2026-02-13 15:22:49] INFO      [NEHA] [WEBSOCKET] Sending heartbeat: {"action": "heartbeat", "clientid": "SSFS1207"}
[2026-02-13 15:22:49] INFO      [NEHA] [WEBSOCKET] Heartbeat sent entity=NEHA
[2026-02-13 15:23:19] INFO      [NEHA] [WEBSOCKET] Sending heartbeat: {"action": "heartbeat", "clientid": "SSFS1207"}
[2026-02-13 15:23:19] INFO      [NEHA] [WEBSOCKET] Heartbeat sent entity=NEHA
[2026-02-13 15:23:50] INFO      [NEHA] [WEBSOCKET] Sending heartbeat: {"action": "heartbeat", "clientid": "SSFS1207"}
[2026-02-13 15:23:50] INFO      [NEHA] [WEBSOCKET] Heartbeat sent entity=NEHA
[2026-02-13 15:24:20] INFO      [NEHA] [WEBSOCKET] Sending heartbeat: {"action": "heartbeat", "clientid": "SSFS1207"}
[2026-02-13 15:24:20] INFO      [NEHA] [WEBSOCKET] Heartbeat sent entity=NEHA
[2026-02-13 15:24:20] INFO      [NEHA] [BLITZ-INBOUND] Action=PLACE_ORDER, Full payload: {"Action": "PLACE_ORDER", "TPOmsName": "MOFL", "UserId": "82681be6-577f-431e-ac97-5276a8d13405", "UserName": "NEHA", "Data": {"Account": "", "ExchangeClientID": "NEHA", "ExchangeSegment": "NSECM", "ExchangeInstrumentID": 14366, "SymbolName": "IDEA", "ExchangeInstrumentName": "IDEA", "ProductType": "CNC", "OrderType": "LIMIT", "OrderSide": "Buy", "TimeInForce": "GFD", "DisclosedQuantity": 0, "OrderQuantity": 1, "LimitPrice": 11.56, "StopPrice": 0.0, "BlitzAppOrderID": 3156725370, "AlgoID": "0", "AlgoCategory": "0", "IsFictiveOrder": "False"}}
[2026-02-13 15:24:20] INFO      [NEHA] [BLITZ-INBOUND] PLACE_ORDER - Parameters: {"Account": "", "ExchangeClientID": "NEHA", "ExchangeSegment": "NSECM", "ExchangeInstrumentID": 14366, "SymbolName": "IDEA", "ExchangeInstrumentName": "IDEA", "ProductType": "CNC", "OrderType": "LIMIT", "OrderSide": "Buy", "TimeInForce": "GFD", "DisclosedQuantity": 0, "OrderQuantity": 1, "LimitPrice": 11.56, "StopPrice": 0.0, "BlitzAppOrderID": 3156725370, "AlgoID": "0", "AlgoCategory": "0", "IsFictiveOrder": "False"}
[2026-02-13 15:24:20] INFO      [NEHA] Blitz data cached: 3156725370
[2026-02-13 15:24:20] INFO      [NEHA] [TPOMS-OUTBOUND][API] PLACE_ORDER - Parameters: {"symboltoken": 14366, "exchange": "NSE", "side": "Buy", "order_type": "LIMIT", "quantity": 1, "product_type": "DELIVERY", "price": 11.56, "trigger_price": 0.0, "validity": "DAY", "tag": 3156725370, "amoorder": "N"}
[2026-02-13 15:24:20] INFO      [NEHA] Using ExchangeInstrumentID as symbol token: 14366
[2026-02-13 15:24:20] INFO      [NEHA] [API REQUEST] {"exchange": "NSE", "symboltoken": 14366, "buyorsell": "BUY", "ordertype": "LIMIT", "producttype": "DELIVERY", "quantityinlot": 1, "amoorder": "N", "price": 11.56, "triggerprice": 0.0, "orderduration": "DAY", "tag": "3156725370"}
[2026-02-13 15:24:22] INFO      [NEHA] [WEBSOCKET] _on_message received
[2026-02-13 15:24:22] INFO      [NEHA] [TPOMS-INBOUND][WebSocket] Incoming message:{"ordercategory": "DELIVERY", "clientid": "SSFS1207", "exchange": "NSE", "symboltoken": 14366, "symbol": "IDEA EQ", "series": "EQ", "expirydate": "0", "strikeprice": 0, "optiontype": "EQ", "orderid": "0", "orderinitiatorid": "SSFS1207", "ordertype": "Limit", "orderduration": "DAY", "producttype": "DELIVERY", "error": "", "orderstatus": "SENT", "buyorsell": "BUY", "totalqtyremaining": 1, "orderqty": 1, "qtytradedtoday": 0, "disclosedqty": 0, "price": 11.56, "triggerprice": 0, "entrydatetime": "01-Jan-1980 00:00:00", "lastmodifiedtime": "01-Jan-1980 00:00:00", "vendor": "", "uniqueorderid": "1300056SSFS1207", "goodtilldate": "", "algoid": 0, "algocategory": 0, "averageprice": 0, "totalqtytraded": 0, "lotsize": 1, "tag": "3156725370"}
[2026-02-13 15:24:22] INFO      [NEHA] [WEBSOCKET] Order update received: 1300056SSFS1207, status=SENT
[2026-02-13 15:24:22] WARNING   [NEHA] [WEBSOCKET] Auto-creating mapping 1300056SSFS1207 -> 3156725370
[2026-02-13 15:24:22] INFO      [NEHA] [WEBSOCKET] Action already consumed for blitz_id=3156725370
[2026-02-13 15:24:22] INFO      [NEHA] [WEBSOCKET] Updated cache for blitz_id=3156725370
[2026-02-13 15:24:22] INFO      [NEHA] [WEBSOCKET] Skipping unmapped status SENT for order_id=1300056SSFS1207
[2026-02-13 15:24:22] INFO      [NEHA] Order placed successfully
[2026-02-13 15:24:22] INFO      [NEHA] PLACE_ORDER accepted by API
[2026-02-13 15:24:22] INFO      [NEHA] Mapped: blitz_id=3156725370 <-> uniqueorderid=1300056SSFS1207
[2026-02-13 15:24:22] INFO      [NEHA] [WEBSOCKET] _on_message received
[2026-02-13 15:24:22] INFO      [NEHA] [TPOMS-INBOUND][WebSocket] Incoming message:{"ordercategory": "DELIVERY", "clientid": "SSFS1207", "exchange": "NSE", "symboltoken": 14366, "symbol": "IDEA EQ", "series": "EQ", "expirydate": "0", "strikeprice": 0, "optiontype": "EQ", "orderid": "1100000104220000", "orderinitiatorid": "SSFS1207", "ordertype": "Limit", "orderduration": "DAY", "producttype": "DELIVERY", "error": "", "orderstatus": "CONFIRM", "buyorsell": "BUY", "totalqtyremaining": 1, "orderqty": 1, "qtytradedtoday": 0, "disclosedqty": 0, "price": 11.56, "triggerprice": 0, "entrydatetime": "13-Feb-2026 15:24:22", "lastmodifiedtime": "13-Feb-2026 15:24:22", "vendor": "", "uniqueorderid": "1300056SSFS1207", "goodtilldate": "", "algoid": 0, "algocategory": 0, "averageprice": 0, "totalqtytraded": 0, "lotsize": 1, "tag": "3156725370"}
[2026-02-13 15:24:22] INFO      [NEHA] [WEBSOCKET] Order update received: 1300056SSFS1207, status=CONFIRM
[2026-02-13 15:24:22] INFO      [NEHA] [WEBSOCKET] Updated cache for blitz_id=3156725370
[2026-02-13 15:24:22] INFO      [NEHA] Published BY WEBSOCKET
[2026-02-13 15:24:22] INFO      [NEHA] [BLITZ-OUTBOUND][WEBSOCKET] Publishing order update: {"MessageType": "TPOMSOrderUpdate", "TPOmsName": "MOFL", "UserId": "NEHA", "Data": {"SequenceNumber": 0, "Account": "SSFS1207", "ExchangeClientID": "NEHA", "BlitzAppOrderID": 3156725370, "ExchangeOrderID": "1100000104220000", "ExchangeSegment": "NSECM", "ExchangeInstrumentID": 14366, "OrderSide": "Buy", "OrderType": "LIMIT", "ProductType": "CNC", "TimeInForce": "GFD", "OrderPrice": 0.0, "OrderQuantity": 1, "OrderStopPrice": 0.0, "OrderStatus": "New", "OrderAverageTradedPrice": 0.0, "LeavesQuantity": 1, "CumulativeQuantity": 0, "OrderDisclosedQuantity": 0, "OrderGeneratedDateTime": "13-Feb-2026 15:24:22", "ExchangeTransactTime": "13-Feb-2026 15:24:22", "LastUpdateDateTime": "13-Feb-2026 15:24:22", "CancelRejectReason": "", "LastTradedPrice": 0.0, "LastTradedQuantity": 0, "LastExecutionTransactTime": "13-Feb-2026 15:24:22", "ExecutionID": ""}}
[2026-02-13 15:24:22] INFO      [NEHA] [WEBSOCKET] _on_message received
[2026-02-13 15:24:22] INFO      [NEHA] [TPOMS-INBOUND][WebSocket] Incoming message:{"ordercategory": "DELIVERY", "clientid": "SSFS1207", "exchange": "NSE", "symboltoken": 14366, "symbol": "IDEA EQ", "series": "EQ", "expirydate": "0", "strikeprice": 0, "optiontype": "EQ", "orderid": "1100000104220000", "orderinitiatorid": "SSFS1207", "ordertype": "Limit", "orderduration": "DAY", "producttype": "DELIVERY", "error": "", "orderstatus": "TRADED", "buyorsell": "BUY", "totalqtyremaining": 0, "orderqty": 1, "qtytradedtoday": 1, "disclosedqty": 0, "price": 11.56, "triggerprice": 0, "entrydatetime": "13-Feb-2026 15:24:22", "lastmodifiedtime": "13-Feb-2026 15:24:22", "vendor": "", "uniqueorderid": "1300056SSFS1207", "goodtilldate": "", "algoid": 0, "algocategory": 0, "averageprice": 1129, "totalqtytraded": 1, "lotsize": 1, "tag": "3156725370"}
[2026-02-13 15:24:22] INFO      [NEHA] [WEBSOCKET] Order update received: 1300056SSFS1207, status=TRADED
[2026-02-13 15:24:22] INFO      [NEHA] [WEBSOCKET] Action already consumed for blitz_id=3156725370
[2026-02-13 15:24:22] INFO      [NEHA] [WEBSOCKET] Updated cache for blitz_id=3156725370
[2026-02-13 15:24:22] INFO      [NEHA] Published BY WEBSOCKET
[2026-02-13 15:24:23] INFO      [NEHA] [BLITZ-OUTBOUND][WEBSOCKET] Publishing order update: {"MessageType": "TPOMSOrderUpdate", "TPOmsName": "MOFL", "UserId": "NEHA", "Data": {"SequenceNumber": 0, "Account": "SSFS1207", "ExchangeClientID": "NEHA", "BlitzAppOrderID": 3156725370, "ExchangeOrderID": "1100000104220000", "ExchangeSegment": "NSECM", "ExchangeInstrumentID": 14366, "OrderSide": "Buy", "OrderType": "LIMIT", "ProductType": "CNC", "TimeInForce": "GFD", "OrderPrice": 0.0, "OrderQuantity": 1, "OrderStopPrice": 0.0, "OrderStatus": "Filled", "OrderAverageTradedPrice": 1129, "LeavesQuantity": 0, "CumulativeQuantity": 1, "OrderDisclosedQuantity": 0, "OrderGeneratedDateTime": "13-Feb-2026 15:24:22", "ExchangeTransactTime": "13-Feb-2026 15:24:22", "LastUpdateDateTime": "13-Feb-2026 15:24:22", "CancelRejectReason": "", "LastTradedPrice": 11.29, "LastTradedQuantity": 1, "LastExecutionTransactTime": "13-Feb-2026 15:24:22", "ExecutionID": ""}}
[2026-02-13 15:24:23] INFO      [NEHA] [WEBSOCKET] _on_message received
[2026-02-13 15:24:23] INFO      [NEHA] [TPOMS-INBOUND][WebSocket] Incoming message:{"clientid": "SSFS1207", "exchange": "NSE", "symboltoken": 14366, "producttype": "DELIVERY", "symbol": "IDEA EQ", "instrumenttype": "      ", "series": "EQ", "strikeprice": 0, "optiontype": "EQ", "expirydate": "0", "lotsize": 1, "precision": 2, "multiplier": 1, "tradeprice": 11.29, "tradeqty": 1, "tradevalue": 11.29, "buyorsell": "BUY", "orderid": "1100000104220000", "tradeno": "211687811", "tradetime": "14-Feb-2026 15:24:22", "uniqueorderid": "1300056SSFS1207"}
[2026-02-13 15:24:23] INFO      [NEHA] [WEBSOCKET] Order update received: 1300056SSFS1207, status=None
[2026-02-13 15:24:23] INFO      [NEHA] [WEBSOCKET] Action already consumed for blitz_id=3156725370
[2026-02-13 15:24:23] ERROR     [NEHA] [WEBSOCKET] Message processing error: unsupported operand type(s) for /: 'NoneType' and 'int'
[2026-02-13 15:24:50] INFO      [NEHA] [WEBSOCKET] Sending heartbeat: {"action": "heartbeat", "clientid": "SSFS1207"}
[2026-02-13 15:24:50] INFO      [NEHA] [WEBSOCKET] Heartbeat sent entity=NEHA
[2026-02-13 15:25:20] INFO      [NEHA] [WEBSOCKET] Sending heartbeat: {"action": "heartbeat", "clientid": "SSFS1207"}
[2026-02-13 15:25:20] INFO      [NEHA] [WEBSOCKET] Heartbeat sent entity=NEHA
[2026-02-13 15:25:50] INFO      [NEHA] [WEBSOCKET] Sending heartbeat: {"action": "heartbeat", "clientid": "SSFS1207"}
[2026-02-13 15:25:50] INFO      [NEHA] [WEBSOCKET] Heartbeat sent entity=NEHA
[2026-02-13 15:26:20] INFO      [NEHA] [WEBSOCKET] Sending heartbeat: {"action": "heartbeat", "clientid": "SSFS1207"}
[2026-02-13 15:26:20] INFO      [NEHA] [WEBSOCKET] Heartbeat sent entity=NEHA
[2026-02-13 15:26:50] INFO      [NEHA] [WEBSOCKET] Sending heartbeat: {"action": "heartbeat", "clientid": "SSFS1207"}
[2026-02-13 15:26:50] INFO      [NEHA] [WEBSOCKET] Heartbeat sent entity=NEHA
[2026-02-13 15:27:20] INFO      [NEHA] [WEBSOCKET] Sending heartbeat: {"action": "heartbeat", "clientid": "SSFS1207"}
[2026-02-13 15:27:20] INFO      [NEHA] [WEBSOCKET] Heartbeat sent entity=NEHA
[2026-02-13 15:27:50] INFO      [NEHA] [WEBSOCKET] Sending heartbeat: {"action": "heartbeat", "clientid": "SSFS1207"}
[2026-02-13 15:27:50] INFO      [NEHA] [WEBSOCKET] Heartbeat sent entity=NEHA
[2026-02-13 15:28:20] INFO      [NEHA] [WEBSOCKET] Sending heartbeat: {"action": "heartbeat", "clientid": "SSFS1207"}
[2026-02-13 15:28:20] INFO      [NEHA] [WEBSOCKET] Heartbeat sent entity=NEHA
[2026-02-13 15:28:50] INFO      [NEHA] [WEBSOCKET] Sending heartbeat: {"action": "heartbeat", "clientid": "SSFS1207"}
[2026-02-13 15:28:50] INFO      [NEHA] [WEBSOCKET] Heartbeat sent entity=NEHA
[2026-02-13 15:29:20] INFO      [NEHA] [WEBSOCKET] Sending heartbeat: {"action": "heartbeat", "clientid": "SSFS1207"}
[2026-02-13 15:29:20] INFO      [NEHA] [WEBSOCKET] Heartbeat sent entity=NEHA
[2026-02-13 15:29:50] INFO      [NEHA] [WEBSOCKET] Sending heartbeat: {"action": "heartbeat", "clientid": "SSFS1207"}
[2026-02-13 15:29:50] INFO      [NEHA] [WEBSOCKET] Heartbeat sent entity=NEHA
[2026-02-13 15:30:20] INFO      [NEHA] [WEBSOCKET] Sending heartbeat: {"action": "heartbeat", "clientid": "SSFS1207"}
[2026-02-13 15:30:20] INFO      [NEHA] [WEBSOCKET] Heartbeat sent entity=NEHA
[2026-02-13 15:30:50] INFO      [NEHA] [WEBSOCKET] Sending heartbeat: {"action": "heartbeat", "clientid": "SSFS1207"}
[2026-02-13 15:30:50] INFO      [NEHA] [WEBSOCKET] Heartbeat sent entity=NEHA
[2026-02-13 15:31:20] INFO      [NEHA] [WEBSOCKET] Sending heartbeat: {"action": "heartbeat", "clientid": "SSFS1207"}
[2026-02-13 15:31:20] INFO      [NEHA] [WEBSOCKET] Heartbeat sent entity=NEHA
[2026-02-13 15:31:50] INFO      [NEHA] [WEBSOCKET] Sending heartbeat: {"action": "heartbeat", "clientid": "SSFS1207"}
[2026-02-13 15:31:50] INFO      [NEHA] [WEBSOCKET] Heartbeat sent entity=NEHA
[2026-02-13 15:32:20] INFO      [NEHA] [WEBSOCKET] Sending heartbeat: {"action": "heartbeat", "clientid": "SSFS1207"}
[2026-02-13 15:32:20] INFO      [NEHA] [WEBSOCKET] Heartbeat sent entity=NEHA
[2026-02-13 15:32:50] INFO      [NEHA] [WEBSOCKET] Sending heartbeat: {"action": "heartbeat", "clientid": "SSFS1207"}
[2026-02-13 15:32:50] INFO      [NEHA] [WEBSOCKET] Heartbeat sent entity=NEHA
[2026-02-13 15:33:20] INFO      [NEHA] [WEBSOCKET] Sending heartbeat: {"action": "heartbeat", "clientid": "SSFS1207"}
[2026-02-13 15:33:20] INFO      [NEHA] [WEBSOCKET] Heartbeat sent entity=NEHA
[2026-02-13 15:33:50] INFO      [NEHA] [WEBSOCKET] Sending heartbeat: {"action": "heartbeat", "clientid": "SSFS1207"}
[2026-02-13 15:33:50] INFO      [NEHA] [WEBSOCKET] Heartbeat sent entity=NEHA
[2026-02-13 15:34:20] INFO      [NEHA] [WEBSOCKET] Sending heartbeat: {"action": "heartbeat", "clientid": "SSFS1207"}
[2026-02-13 15:34:20] INFO      [NEHA] [WEBSOCKET] Heartbeat sent entity=NEHA
[2026-02-13 15:34:50] INFO      [NEHA] [WEBSOCKET] Sending heartbeat: {"action": "heartbeat", "clientid": "SSFS1207"}
[2026-02-13 15:34:50] INFO      [NEHA] [WEBSOCKET] Heartbeat sent entity=NEHA
