[2026-02-12 15:40:19,339] INFO      [NEHA] Starting adapter
[2026-02-12 15:40:19,339] INFO      [NEHA] Initializing MotilalAdapter for entity 'NEHA'
[2026-02-12 15:40:19,339] INFO      [NEHA] [API REQUEST] Performing login for client_id=SSFS1207
[2026-02-12 15:40:19,599] INFO      [NEHA] [API RESPONSE]~{"status": "SUCCESS", "message": "Return Auth Token SUCCESS", "errorcode": "", "AuthToken": "6a36dec612c441d18c0370cab31874c8_M", "isAuthTokenVerified": "TRUE"}
[2026-02-12 15:40:19,599] INFO      [NEHA] Login successful! AuthToken received.
[2026-02-12 15:40:19,601] INFO      [NEHA] Login successful! Token received from auth API.
[2026-02-12 15:40:19,602] INFO      [NEHA] Order and Portfolio APIs initialized. Ready to connect.
[2026-02-12 15:40:19,602] INFO      [NEHA] [ADAPTER] Starting Motilal WebSocket connection...
[2026-02-12 15:40:19,603] INFO      [NEHA] [WEBSOCKET] Started for entity=NEHA, client_id=SSFS1207
[2026-02-12 15:40:19,603] INFO      [NEHA] [ADAPTER] Motilal WebSocket started successfully
[2026-02-12 15:40:19,652] INFO      [NEHA] Adapter connected successfully
[2026-02-12 15:40:19,795] INFO      [NEHA] [WEBSOCKET] Connected entity=NEHA, sending auth
[2026-02-12 15:40:19,795] INFO      [NEHA] [WEBSOCKET] Heartbeat started (interval=30s)
[2026-02-12 15:40:49,807] INFO      [NEHA] [WEBSOCKET] Sending heartbeat: {"action": "heartbeat", "clientid": "SSFS1207"}
[2026-02-12 15:40:49,808] INFO      [NEHA] [WEBSOCKET] Heartbeat sent entity=NEHA
[2026-02-12 15:40:49,843] ERROR     [NEHA] [WEBSOCKET] Error: Connection to remote host was lost. (entity=NEHA)
[2026-02-12 15:40:49,843] WARNING   [NEHA] [WEBSOCKET] Closed: code=None, reason=None, entity=NEHA
[2026-02-12 15:40:49,844] INFO      [NEHA] [WEBSOCKET] Reconnecting in 3s (attempt 1)
[2026-02-12 15:40:53,021] INFO      [NEHA] [WEBSOCKET] Connected entity=NEHA, sending auth
[2026-02-12 15:41:19,811] INFO      [NEHA] [WEBSOCKET] Sending heartbeat: {"action": "heartbeat", "clientid": "SSFS1207"}
[2026-02-12 15:41:19,813] INFO      [NEHA] [WEBSOCKET] Heartbeat sent entity=NEHA
[2026-02-12 15:41:19,857] ERROR     [NEHA] [WEBSOCKET] Error: Connection to remote host was lost. (entity=NEHA)
[2026-02-12 15:41:19,857] WARNING   [NEHA] [WEBSOCKET] Closed: code=None, reason=None, entity=NEHA
[2026-02-12 15:41:19,858] INFO      [NEHA] [WEBSOCKET] Reconnecting in 3s (attempt 1)
[2026-02-12 15:41:23,055] INFO      [NEHA] [WEBSOCKET] Connected entity=NEHA, sending auth
[2026-02-12 15:41:49,818] INFO      [NEHA] [WEBSOCKET] Sending heartbeat: {"action": "heartbeat", "clientid": "SSFS1207"}
[2026-02-12 15:41:49,821] INFO      [NEHA] [WEBSOCKET] Heartbeat sent entity=NEHA
[2026-02-12 15:41:49,867] ERROR     [NEHA] [WEBSOCKET] Error: Connection to remote host was lost. (entity=NEHA)
[2026-02-12 15:41:49,869] WARNING   [NEHA] [WEBSOCKET] Closed: code=None, reason=None, entity=NEHA
[2026-02-12 15:41:49,870] INFO      [NEHA] [WEBSOCKET] Reconnecting in 3s (attempt 1)
[2026-02-12 15:41:53,054] INFO      [NEHA] [WEBSOCKET] Connected entity=NEHA, sending auth
[2026-02-12 15:42:19,827] INFO      [NEHA] [WEBSOCKET] Sending heartbeat: {"action": "heartbeat", "clientid": "SSFS1207"}
[2026-02-12 15:42:19,829] INFO      [NEHA] [WEBSOCKET] Heartbeat sent entity=NEHA
[2026-02-12 15:42:19,860] ERROR     [NEHA] [WEBSOCKET] Error: Connection to remote host was lost. (entity=NEHA)
[2026-02-12 15:42:19,861] WARNING   [NEHA] [WEBSOCKET] Closed: code=None, reason=None, entity=NEHA
[2026-02-12 15:42:19,861] INFO      [NEHA] [WEBSOCKET] Reconnecting in 3s (attempt 1)
[2026-02-12 15:42:23,053] INFO      [NEHA] [WEBSOCKET] Connected entity=NEHA, sending auth
