[2026-02-12 16:38:29,214] INFO      [NEHA] Starting adapter
[2026-02-12 16:38:29,216] INFO      [NEHA] Initializing MotilalAdapter for entity 'NEHA'
[2026-02-12 16:38:29,216] INFO      [NEHA] [API REQUEST] Performing login for client_id=SSFS1207
[2026-02-12 16:38:29,470] INFO      [NEHA] [API RESPONSE]~{"status": "SUCCESS", "message": "Return Auth Token SUCCESS", "errorcode": "", "AuthToken": "6a36dec612c441d18c0370cab31874c8_M", "isAuthTokenVerified": "TRUE"}
[2026-02-12 16:38:29,470] INFO      [NEHA] Login successful! AuthToken received.
[2026-02-12 16:38:29,472] INFO      [NEHA] Login successful! Token received from auth API.
[2026-02-12 16:38:29,472] INFO      [NEHA] Order and Portfolio APIs initialized. Ready to connect.
[2026-02-12 16:38:29,472] INFO      [NEHA] [ADAPTER] Starting Motilal WebSocket connection...
[2026-02-12 16:38:29,473] INFO      [NEHA] [WEBSOCKET] Started for entity=NEHA, client_id=SSFS1207
[2026-02-12 16:38:29,473] INFO      [NEHA] [ADAPTER] Motilal WebSocket started successfully
[2026-02-12 16:38:29,539] INFO      [NEHA] Adapter connected successfully
[2026-02-12 16:38:29,661] INFO      [NEHA] [WEBSOCKET] Connected entity=NEHA, sending auth
[2026-02-12 16:38:29,662] INFO      [NEHA] [WEBSOCKET] Sending None: {"clientid": "SSFS1207", "authtoken": "6a36dec612c441d18c0370cab31874c8_M", "apikey": "seHmm4lPijruKWRl"}
[2026-02-12 16:38:29,662] INFO      [NEHA] [WEBSOCKET] Heartbeat started (interval=30s)
[2026-02-12 16:38:29,704] INFO      [NEHA] [WEBSOCKET] _on_message received
[2026-02-12 16:38:29,704] INFO      [NEHA] [TPOMS-INBOUND][WebSocket] Incoming message:{"status": "SUCCESS", "message": "Auth success", "errorcode": ""}
[2026-02-12 16:38:29,705] INFO      [NEHA] [WEBSOCKET] Auth success, subscribing entity=NEHA
[2026-02-12 16:38:29,705] INFO      [NEHA] [WEBSOCKET] Sending OrderSubscribe: {"clientid": "SSFS1207", "action": "OrderSubscribe"}
[2026-02-12 16:38:29,705] INFO      [NEHA] [WEBSOCKET] Sending TradeSubscribe: {"clientid": "SSFS1207", "action": "TradeSubscribe"}
[2026-02-12 16:38:29,741] INFO      [NEHA] [WEBSOCKET] _on_message received
[2026-02-12 16:38:29,741] INFO      [NEHA] [TPOMS-INBOUND][WebSocket] Incoming message:{"status": "SUCCESS", "message": "Order Subscribed Success", "errorcode": ""}
[2026-02-12 16:38:29,742] INFO      [NEHA] [WEBSOCKET] _on_message received
[2026-02-12 16:38:29,742] INFO      [NEHA] [TPOMS-INBOUND][WebSocket] Incoming message:{"status": "SUCCESS", "message": "Trade Subscribed Success", "errorcode": ""}
[2026-02-12 16:38:37,084] INFO      [NEHA] [BLITZ-INBOUND] Action=PLACE_ORDER, Full payload: {"Action": "PLACE_ORDER", "TPOmsName": "MOFL", "UserId": "82681be6-577f-431e-ac97-5276a8d13405", "UserName": "NEHA", "Data": {"Account": "", "ExchangeClientID": "NEHA", "ExchangeSegment": "NSECM", "ExchangeInstrumentID": 17376, "SymbolName": "EXCEL", "ExchangeInstrumentName": "EXCEL", "ProductType": "MIS", "OrderType": "LIMIT", "OrderSide": "Buy", "TimeInForce": "GFD", "DisclosedQuantity": 0, "OrderQuantity": 1, "LimitPrice": 1.22, "StopPrice": 0.0, "BlitzAppOrderID": 3156655029, "AlgoID": "0", "AlgoCategory": "0", "IsFictiveOrder": "False"}}
[2026-02-12 16:38:37,085] INFO      [NEHA] [BLITZ-INBOUND] PLACE_ORDER - Parameters: {"Account": "", "ExchangeClientID": "NEHA", "ExchangeSegment": "NSECM", "ExchangeInstrumentID": 17376, "SymbolName": "EXCEL", "ExchangeInstrumentName": "EXCEL", "ProductType": "MIS", "OrderType": "LIMIT", "OrderSide": "Buy", "TimeInForce": "GFD", "DisclosedQuantity": 0, "OrderQuantity": 1, "LimitPrice": 1.22, "StopPrice": 0.0, "BlitzAppOrderID": 3156655029, "AlgoID": "0", "AlgoCategory": "0", "IsFictiveOrder": "False"}
[2026-02-12 16:38:37,085] INFO      [NEHA] Blitz data cached: 3156655029
[2026-02-12 16:38:37,085] INFO      [NEHA] [TPOMS-OUTBOUND][API] PLACE_ORDER - Parameters: {"symboltoken": 17376, "exchange": "NSE", "side": "Buy", "order_type": "LIMIT", "quantity": 1, "product_type": "NORMAL", "price": 1.22, "trigger_price": 0.0, "validity": "DAY", "tag": 3156655029, "amoorder": "N"}
[2026-02-12 16:38:37,086] INFO      [NEHA] Using ExchangeInstrumentID as symbol token: 17376
[2026-02-12 16:38:37,086] INFO      [NEHA] [API REQUEST] {"exchange": "NSE", "symboltoken": 17376, "buyorsell": "BUY", "ordertype": "LIMIT", "producttype": "NORMAL", "quantityinlot": 1, "amoorder": "N", "price": 1.22, "triggerprice": 0.0, "orderduration": "DAY", "tag": "3156655029"}
[2026-02-12 16:38:37,361] INFO      [NEHA] [WEBSOCKET] _on_message received
[2026-02-12 16:38:37,364] INFO      [NEHA] [TPOMS-INBOUND][WebSocket] Incoming message:{"ordercategory": "NORMAL", "clientid": "SSFS1207", "exchange": "NSE", "symboltoken": 17376, "symbol": "EXCEL EQ", "series": "EQ", "expirydate": "0", "strikeprice": 0, "optiontype": "EQ", "orderid": "0", "orderinitiatorid": "SSFS1207", "ordertype": "Limit", "orderduration": "DAY", "producttype": "NORMAL", "error": "", "orderstatus": "SENT", "buyorsell": "BUY", "totalqtyremaining": 1, "orderqty": 1, "qtytradedtoday": 0, "disclosedqty": 0, "price": 1.22, "triggerprice": 0, "entrydatetime": "01-Jan-1980 00:00:00", "lastmodifiedtime": "01-Jan-1980 00:00:00", "vendor": "", "uniqueorderid": "1200055SSFS1207", "goodtilldate": "", "algoid": 0, "algocategory": 0, "averageprice": 0, "totalqtytraded": 0, "lotsize": 1, "tag": "3156655029"}
[2026-02-12 16:38:37,364] INFO      [NEHA] [WEBSOCKET] Order update received: 1200055SSFS1207, status=SENT
[2026-02-12 16:38:37,364] WARNING   [NEHA] [WEBSOCKET] No Blitz mapping for order_id=1200055SSFS1207
[2026-02-12 16:38:37,365] INFO      [NEHA] [WEBSOCKET] _on_message received
[2026-02-12 16:38:37,365] INFO      [NEHA] [TPOMS-INBOUND][WebSocket] Incoming message:{"ordercategory": "NORMAL", "clientid": "SSFS1207", "exchange": "NSE", "symboltoken": 17376, "symbol": "EXCEL EQ", "series": "EQ", "expirydate": "0", "strikeprice": 0, "optiontype": "EQ", "orderid": "0", "orderinitiatorid": "SSFS1207", "ordertype": "Limit", "orderduration": "DAY", "producttype": "NORMAL", "error": "You Are Not Authorised To Access This Product. Get Intouch With Your CSE Desk", "orderstatus": "ERROR", "buyorsell": "BUY", "totalqtyremaining": 1, "orderqty": 1, "qtytradedtoday": 0, "disclosedqty": 0, "price": 1.22, "triggerprice": 0, "entrydatetime": "01-Jan-1980 00:00:00", "lastmodifiedtime": "01-Jan-1980 00:00:00", "vendor": "", "uniqueorderid": "1200055SSFS1207", "goodtilldate": "", "algoid": 0, "algocategory": 0, "averageprice": 0, "totalqtytraded": 0, "lotsize": 1, "tag": "3156655029"}
[2026-02-12 16:38:37,365] INFO      [NEHA] [WEBSOCKET] Order update received: 1200055SSFS1207, status=ERROR
[2026-02-12 16:38:37,365] WARNING   [NEHA] [WEBSOCKET] No Blitz mapping for order_id=1200055SSFS1207
[2026-02-12 16:38:37,388] INFO      [NEHA] [WEBSOCKET] _on_message received
[2026-02-12 16:38:37,388] INFO      [NEHA] [TPOMS-INBOUND][WebSocket] Incoming message:{"ordercategory": "NORMAL", "clientid": "SSFS1207", "exchange": "NSE", "symboltoken": 17376, "symbol": "EXCEL EQ", "series": "EQ", "expirydate": "0", "strikeprice": 0, "optiontype": "EQ", "orderid": "0", "orderinitiatorid": "SSFS1207", "ordertype": "Limit", "orderduration": "DAY", "producttype": "NORMAL", "error": "", "orderstatus": "SENT", "buyorsell": "BUY", "totalqtyremaining": 1, "orderqty": 1, "qtytradedtoday": 0, "disclosedqty": 0, "price": 1.22, "triggerprice": 0, "entrydatetime": "01-Jan-1980 00:00:00", "lastmodifiedtime": "01-Jan-1980 00:00:00", "vendor": "", "uniqueorderid": "1200056SSFS1207", "goodtilldate": "", "algoid": 0, "algocategory": 0, "averageprice": 0, "totalqtytraded": 0, "lotsize": 1, "tag": "3156655029"}
[2026-02-12 16:38:37,388] INFO      [NEHA] [WEBSOCKET] Order update received: 1200056SSFS1207, status=SENT
[2026-02-12 16:38:37,388] WARNING   [NEHA] [WEBSOCKET] No Blitz mapping for order_id=1200056SSFS1207
[2026-02-12 16:38:37,388] INFO      [NEHA] [WEBSOCKET] _on_message received
[2026-02-12 16:38:37,388] INFO      [NEHA] [TPOMS-INBOUND][WebSocket] Incoming message:{"ordercategory": "NORMAL", "clientid": "SSFS1207", "exchange": "NSE", "symboltoken": 17376, "symbol": "EXCEL EQ", "series": "EQ", "expirydate": "0", "strikeprice": 0, "optiontype": "EQ", "orderid": "0", "orderinitiatorid": "SSFS1207", "ordertype": "Limit", "orderduration": "DAY", "producttype": "NORMAL", "error": "", "orderstatus": "SENT", "buyorsell": "BUY", "totalqtyremaining": 1, "orderqty": 1, "qtytradedtoday": 0, "disclosedqty": 0, "price": 1.22, "triggerprice": 0, "entrydatetime": "01-Jan-1980 00:00:00", "lastmodifiedtime": "01-Jan-1980 00:00:00", "vendor": "", "uniqueorderid": "1200057SSFS1207", "goodtilldate": "", "algoid": 0, "algocategory": 0, "averageprice": 0, "totalqtytraded": 0, "lotsize": 1, "tag": "3156655029"}
[2026-02-12 16:38:37,388] INFO      [NEHA] [WEBSOCKET] Order update received: 1200057SSFS1207, status=SENT
[2026-02-12 16:38:37,388] INFO      [NEHA] [WEBSOCKET] Updated cache for blitz_id=3156655029
[2026-02-12 16:38:37,388] INFO      [NEHA] [WEBSOCKET] Skipping unmapped status SENT for order_id=1200057SSFS1207
[2026-02-12 16:38:37,420] INFO      [NEHA] [WEBSOCKET] _on_message received
[2026-02-12 16:38:37,420] INFO      [NEHA] [TPOMS-INBOUND][WebSocket] Incoming message:{"ordercategory": "NORMAL", "clientid": "SSFS1207", "exchange": "NSE", "symboltoken": 17376, "symbol": "EXCEL EQ", "series": "EQ", "expirydate": "0", "strikeprice": 0, "optiontype": "EQ", "orderid": "0", "orderinitiatorid": "SSFS1207", "ordertype": "Limit", "orderduration": "DAY", "producttype": "NORMAL", "error": "You Are Not Authorised To Access This Product. Get Intouch With Your CSE Desk", "orderstatus": "ERROR", "buyorsell": "BUY", "totalqtyremaining": 1, "orderqty": 1, "qtytradedtoday": 0, "disclosedqty": 0, "price": 1.22, "triggerprice": 0, "entrydatetime": "01-Jan-1980 00:00:00", "lastmodifiedtime": "01-Jan-1980 00:00:00", "vendor": "", "uniqueorderid": "1200056SSFS1207", "goodtilldate": "", "algoid": 0, "algocategory": 0, "averageprice": 0, "totalqtytraded": 0, "lotsize": 1, "tag": "3156655029"}
[2026-02-12 16:38:37,420] INFO      [NEHA] [WEBSOCKET] Order update received: 1200056SSFS1207, status=ERROR
[2026-02-12 16:38:37,420] WARNING   [NEHA] [WEBSOCKET] No Blitz mapping for order_id=1200056SSFS1207
[2026-02-12 16:38:37,420] INFO      [NEHA] [WEBSOCKET] _on_message received
[2026-02-12 16:38:37,421] INFO      [NEHA] [TPOMS-INBOUND][WebSocket] Incoming message:{"ordercategory": "NORMAL", "clientid": "SSFS1207", "exchange": "NSE", "symboltoken": 17376, "symbol": "EXCEL EQ", "series": "EQ", "expirydate": "0", "strikeprice": 0, "optiontype": "EQ", "orderid": "0", "orderinitiatorid": "SSFS1207", "ordertype": "Limit", "orderduration": "DAY", "producttype": "NORMAL", "error": "You Are Not Authorised To Access This Product. Get Intouch With Your CSE Desk", "orderstatus": "ERROR", "buyorsell": "BUY", "totalqtyremaining": 1, "orderqty": 1, "qtytradedtoday": 0, "disclosedqty": 0, "price": 1.22, "triggerprice": 0, "entrydatetime": "01-Jan-1980 00:00:00", "lastmodifiedtime": "01-Jan-1980 00:00:00", "vendor": "", "uniqueorderid": "1200057SSFS1207", "goodtilldate": "", "algoid": 0, "algocategory": 0, "averageprice": 0, "totalqtytraded": 0, "lotsize": 1, "tag": "3156655029"}
[2026-02-12 16:38:37,421] INFO      [NEHA] [WEBSOCKET] Order update received: 1200057SSFS1207, status=ERROR
[2026-02-12 16:38:37,421] INFO      [NEHA] [WEBSOCKET] Updated cache for blitz_id=3156655029
[2026-02-12 16:38:37,421] INFO      [NEHA] Published BY WEBSOCKET
[2026-02-12 16:38:37,576] ERROR     [NEHA] [PLACE_ORDER ERROR] {"MessageType": "PLACE_ORDER", "TPOmsName": "MOFL", "UserId": "NEHA", "Data": [{"SequenceNumber": 0, "Account": "", "ExchangeClientID": "NEHA", "BlitzAppOrderID": "3156655029", "ExchangeOrderID": "0", "ExchangeSegment": "NSECM", "ExchangeInstrumentID": 17376, "OrderSide": "Buy", "OrderType": "LIMIT", "ProductType": "MIS", "TimeInForce": "GFD", "OrderPrice": 1.22, "OrderQuantity": 1, "OrderStopPrice": 0.0, "OrderStatus": "Rejected", "OrderAverageTradedPrice": "", "LeavesQuantity": 0, "CumulativeQuantity": 0, "OrderDisclosedQuantity": 0, "OrderGeneratedDateTime": "", "ExchangeTransactTime": "", "LastUpdateDateTime": "", "CancelRejectReason": "You Are Not Authorised To Access This Product. Get Intouch With Your CSE Desk", "LastTradedPrice": 0.0, "LastTradedQuantity": 0, "LastExecutionTransactTime": "", "ExecutionID": ""}]}
[2026-02-12 16:38:37,669] INFO      [NEHA] [BLITZ-OUTBOUND][WEBSOCKET] Publishing order update: {"SequenceNumber": 0, "Account": "SSFS1207", "ExchangeClientID": "NEHA", "BlitzAppOrderID": 3156655029, "ExchangeOrderID": "0", "ExchangeSegment": "NSECM", "ExchangeInstrumentID": 17376, "OrderSide": "Buy", "OrderType": "LIMIT", "ProductType": "MIS", "TimeInForce": "GFD", "OrderPrice": 0.0, "OrderQuantity": 1, "OrderStopPrice": 0.0, "OrderStatus": "Rejected", "OrderAverageTradedPrice": 0.0, "LeavesQuantity": 1, "CumulativeQuantity": 0, "OrderDisclosedQuantity": 0, "OrderGeneratedDateTime": "01-Jan-1980 00:00:00", "ExchangeTransactTime": "01-Jan-1980 00:00:00", "LastUpdateDateTime": "01-Jan-1980 00:00:00", "CancelRejectReason": "You Are Not Authorised To Access This Product. Get Intouch With Your CSE Desk", "LastTradedPrice": 0.0, "LastTradedQuantity": 0, "LastExecutionTransactTime": "01-Jan-1980 00:00:00", "ExecutionID": ""}
[2026-02-12 16:38:59,667] INFO      [NEHA] [WEBSOCKET] Sending heartbeat: {"action": "heartbeat", "clientid": "SSFS1207"}
[2026-02-12 16:38:59,671] INFO      [NEHA] [WEBSOCKET] Heartbeat sent entity=NEHA
[2026-02-12 16:39:00,038] INFO      [NEHA] [BLITZ-INBOUND] Action=PLACE_ORDER, Full payload: {"Action": "PLACE_ORDER", "TPOmsName": "MOFL", "UserId": "82681be6-577f-431e-ac97-5276a8d13405", "UserName": "NEHA", "Data": {"Account": "", "ExchangeClientID": "NEHA", "ExchangeSegment": "NSECM", "ExchangeInstrumentID": 17376, "SymbolName": "EXCEL", "ExchangeInstrumentName": "EXCEL", "ProductType": "MIS", "OrderType": "LIMIT", "OrderSide": "Buy", "TimeInForce": "GFD", "DisclosedQuantity": 0, "OrderQuantity": 1, "LimitPrice": 1.22, "StopPrice": 0.0, "BlitzAppOrderID": 3156655030, "AlgoID": "0", "AlgoCategory": "0", "IsFictiveOrder": "False"}}
[2026-02-12 16:39:00,039] INFO      [NEHA] [BLITZ-INBOUND] PLACE_ORDER - Parameters: {"Account": "", "ExchangeClientID": "NEHA", "ExchangeSegment": "NSECM", "ExchangeInstrumentID": 17376, "SymbolName": "EXCEL", "ExchangeInstrumentName": "EXCEL", "ProductType": "MIS", "OrderType": "LIMIT", "OrderSide": "Buy", "TimeInForce": "GFD", "DisclosedQuantity": 0, "OrderQuantity": 1, "LimitPrice": 1.22, "StopPrice": 0.0, "BlitzAppOrderID": 3156655030, "AlgoID": "0", "AlgoCategory": "0", "IsFictiveOrder": "False"}
[2026-02-12 16:39:00,039] INFO      [NEHA] Blitz data cached: 3156655030
[2026-02-12 16:39:00,039] INFO      [NEHA] [TPOMS-OUTBOUND][API] PLACE_ORDER - Parameters: {"symboltoken": 17376, "exchange": "NSE", "side": "Buy", "order_type": "LIMIT", "quantity": 1, "product_type": "NORMAL", "price": 1.22, "trigger_price": 0.0, "validity": "DAY", "tag": 3156655030, "amoorder": "N"}
[2026-02-12 16:39:00,039] INFO      [NEHA] Using ExchangeInstrumentID as symbol token: 17376
[2026-02-12 16:39:00,039] INFO      [NEHA] [API REQUEST] {"exchange": "NSE", "symboltoken": 17376, "buyorsell": "BUY", "ordertype": "LIMIT", "producttype": "NORMAL", "quantityinlot": 1, "amoorder": "N", "price": 1.22, "triggerprice": 0.0, "orderduration": "DAY", "tag": "3156655030"}
[2026-02-12 16:39:00,368] INFO      [NEHA] [WEBSOCKET] _on_message received
[2026-02-12 16:39:00,368] INFO      [NEHA] [TPOMS-INBOUND][WebSocket] Incoming message:{"ordercategory": "NORMAL", "clientid": "SSFS1207", "exchange": "NSE", "symboltoken": 17376, "symbol": "EXCEL EQ", "series": "EQ", "expirydate": "0", "strikeprice": 0, "optiontype": "EQ", "orderid": "0", "orderinitiatorid": "SSFS1207", "ordertype": "Limit", "orderduration": "DAY", "producttype": "NORMAL", "error": "", "orderstatus": "SENT", "buyorsell": "BUY", "totalqtyremaining": 1, "orderqty": 1, "qtytradedtoday": 0, "disclosedqty": 0, "price": 1.22, "triggerprice": 0, "entrydatetime": "01-Jan-1980 00:00:00", "lastmodifiedtime": "01-Jan-1980 00:00:00", "vendor": "", "uniqueorderid": "1200058SSFS1207", "goodtilldate": "", "algoid": 0, "algocategory": 0, "averageprice": 0, "totalqtytraded": 0, "lotsize": 1, "tag": "3156655030"}
[2026-02-12 16:39:00,368] INFO      [NEHA] [WEBSOCKET] Order update received: 1200058SSFS1207, status=SENT
[2026-02-12 16:39:00,368] WARNING   [NEHA] [WEBSOCKET] No Blitz mapping for order_id=1200058SSFS1207
[2026-02-12 16:39:00,368] INFO      [NEHA] [WEBSOCKET] _on_message received
[2026-02-12 16:39:00,369] INFO      [NEHA] [TPOMS-INBOUND][WebSocket] Incoming message:{"ordercategory": "NORMAL", "clientid": "SSFS1207", "exchange": "NSE", "symboltoken": 17376, "symbol": "EXCEL EQ", "series": "EQ", "expirydate": "0", "strikeprice": 0, "optiontype": "EQ", "orderid": "0", "orderinitiatorid": "SSFS1207", "ordertype": "Limit", "orderduration": "DAY", "producttype": "NORMAL", "error": "You Are Not Authorised To Access This Product. Get Intouch With Your CSE Desk", "orderstatus": "ERROR", "buyorsell": "BUY", "totalqtyremaining": 1, "orderqty": 1, "qtytradedtoday": 0, "disclosedqty": 0, "price": 1.22, "triggerprice": 0, "entrydatetime": "01-Jan-1980 00:00:00", "lastmodifiedtime": "01-Jan-1980 00:00:00", "vendor": "", "uniqueorderid": "1200058SSFS1207", "goodtilldate": "", "algoid": 0, "algocategory": 0, "averageprice": 0, "totalqtytraded": 0, "lotsize": 1, "tag": "3156655030"}
[2026-02-12 16:39:00,369] INFO      [NEHA] [WEBSOCKET] Order update received: 1200058SSFS1207, status=ERROR
[2026-02-12 16:39:00,369] WARNING   [NEHA] [WEBSOCKET] No Blitz mapping for order_id=1200058SSFS1207
[2026-02-12 16:39:00,572] INFO      [NEHA] [WEBSOCKET] _on_message received
[2026-02-12 16:39:00,572] INFO      [NEHA] [TPOMS-INBOUND][WebSocket] Incoming message:{"ordercategory": "NORMAL", "clientid": "SSFS1207", "exchange": "NSE", "symboltoken": 17376, "symbol": "EXCEL EQ", "series": "EQ", "expirydate": "0", "strikeprice": 0, "optiontype": "EQ", "orderid": "0", "orderinitiatorid": "SSFS1207", "ordertype": "Limit", "orderduration": "DAY", "producttype": "NORMAL", "error": "", "orderstatus": "SENT", "buyorsell": "BUY", "totalqtyremaining": 1, "orderqty": 1, "qtytradedtoday": 0, "disclosedqty": 0, "price": 1.22, "triggerprice": 0, "entrydatetime": "01-Jan-1980 00:00:00", "lastmodifiedtime": "01-Jan-1980 00:00:00", "vendor": "", "uniqueorderid": "1200059SSFS1207", "goodtilldate": "", "algoid": 0, "algocategory": 0, "averageprice": 0, "totalqtytraded": 0, "lotsize": 1, "tag": "3156655030"}
[2026-02-12 16:39:00,573] INFO      [NEHA] [WEBSOCKET] Order update received: 1200059SSFS1207, status=SENT
[2026-02-12 16:39:00,573] INFO      [NEHA] [WEBSOCKET] Updated cache for blitz_id=3156655030
[2026-02-12 16:39:00,573] INFO      [NEHA] [WEBSOCKET] Skipping unmapped status SENT for order_id=1200059SSFS1207
[2026-02-12 16:39:00,573] INFO      [NEHA] [WEBSOCKET] _on_message received
[2026-02-12 16:39:00,573] INFO      [NEHA] [TPOMS-INBOUND][WebSocket] Incoming message:{"ordercategory": "NORMAL", "clientid": "SSFS1207", "exchange": "NSE", "symboltoken": 17376, "symbol": "EXCEL EQ", "series": "EQ", "expirydate": "0", "strikeprice": 0, "optiontype": "EQ", "orderid": "0", "orderinitiatorid": "SSFS1207", "ordertype": "Limit", "orderduration": "DAY", "producttype": "NORMAL", "error": "", "orderstatus": "SENT", "buyorsell": "BUY", "totalqtyremaining": 1, "orderqty": 1, "qtytradedtoday": 0, "disclosedqty": 0, "price": 1.22, "triggerprice": 0, "entrydatetime": "01-Jan-1980 00:00:00", "lastmodifiedtime": "01-Jan-1980 00:00:00", "vendor": "", "uniqueorderid": "1200060SSFS1207", "goodtilldate": "", "algoid": 0, "algocategory": 0, "averageprice": 0, "totalqtytraded": 0, "lotsize": 1, "tag": "3156655030"}
[2026-02-12 16:39:00,573] INFO      [NEHA] [WEBSOCKET] Order update received: 1200060SSFS1207, status=SENT
[2026-02-12 16:39:00,573] WARNING   [NEHA] [WEBSOCKET] No Blitz mapping for order_id=1200060SSFS1207
[2026-02-12 16:39:00,597] ERROR     [NEHA] [PLACE_ORDER ERROR] {"MessageType": "PLACE_ORDER", "TPOmsName": "MOFL", "UserId": "NEHA", "Data": [{"SequenceNumber": 0, "Account": "", "ExchangeClientID": "NEHA", "BlitzAppOrderID": "3156655030", "ExchangeOrderID": "0", "ExchangeSegment": "NSECM", "ExchangeInstrumentID": 17376, "OrderSide": "Buy", "OrderType": "LIMIT", "ProductType": "MIS", "TimeInForce": "GFD", "OrderPrice": 1.22, "OrderQuantity": 1, "OrderStopPrice": 0.0, "OrderStatus": "Rejected", "OrderAverageTradedPrice": "", "LeavesQuantity": 0, "CumulativeQuantity": 0, "OrderDisclosedQuantity": 0, "OrderGeneratedDateTime": "", "ExchangeTransactTime": "", "LastUpdateDateTime": "", "CancelRejectReason": "You Are Not Authorised To Access This Product. Get Intouch With Your CSE Desk", "LastTradedPrice": 0.0, "LastTradedQuantity": 0, "LastExecutionTransactTime": "", "ExecutionID": ""}]}
[2026-02-12 16:39:00,597] INFO      [NEHA] [WEBSOCKET] _on_message received
[2026-02-12 16:39:00,598] INFO      [NEHA] [TPOMS-INBOUND][WebSocket] Incoming message:{"ordercategory": "NORMAL", "clientid": "SSFS1207", "exchange": "NSE", "symboltoken": 17376, "symbol": "EXCEL EQ", "series": "EQ", "expirydate": "0", "strikeprice": 0, "optiontype": "EQ", "orderid": "0", "orderinitiatorid": "SSFS1207", "ordertype": "Limit", "orderduration": "DAY", "producttype": "NORMAL", "error": "You Are Not Authorised To Access This Product. Get Intouch With Your CSE Desk", "orderstatus": "ERROR", "buyorsell": "BUY", "totalqtyremaining": 1, "orderqty": 1, "qtytradedtoday": 0, "disclosedqty": 0, "price": 1.22, "triggerprice": 0, "entrydatetime": "01-Jan-1980 00:00:00", "lastmodifiedtime": "01-Jan-1980 00:00:00", "vendor": "", "uniqueorderid": "1200059SSFS1207", "goodtilldate": "", "algoid": 0, "algocategory": 0, "averageprice": 0, "totalqtytraded": 0, "lotsize": 1, "tag": "3156655030"}
[2026-02-12 16:39:00,599] INFO      [NEHA] [WEBSOCKET] Order update received: 1200059SSFS1207, status=ERROR
[2026-02-12 16:39:00,599] INFO      [NEHA] [WEBSOCKET] Action already consumed for blitz_id=3156655030
[2026-02-12 16:39:00,599] INFO      [NEHA] [WEBSOCKET] Updated cache for blitz_id=3156655030
[2026-02-12 16:39:00,599] INFO      [NEHA] [WEBSOCKET] Skipping unmapped status ERROR for order_id=1200059SSFS1207
[2026-02-12 16:39:00,600] INFO      [NEHA] [WEBSOCKET] _on_message received
[2026-02-12 16:39:00,600] INFO      [NEHA] [TPOMS-INBOUND][WebSocket] Incoming message:{"ordercategory": "NORMAL", "clientid": "SSFS1207", "exchange": "NSE", "symboltoken": 17376, "symbol": "EXCEL EQ", "series": "EQ", "expirydate": "0", "strikeprice": 0, "optiontype": "EQ", "orderid": "0", "orderinitiatorid": "SSFS1207", "ordertype": "Limit", "orderduration": "DAY", "producttype": "NORMAL", "error": "You Are Not Authorised To Access This Product. Get Intouch With Your CSE Desk", "orderstatus": "ERROR", "buyorsell": "BUY", "totalqtyremaining": 1, "orderqty": 1, "qtytradedtoday": 0, "disclosedqty": 0, "price": 1.22, "triggerprice": 0, "entrydatetime": "01-Jan-1980 00:00:00", "lastmodifiedtime": "01-Jan-1980 00:00:00", "vendor": "", "uniqueorderid": "1200060SSFS1207", "goodtilldate": "", "algoid": 0, "algocategory": 0, "averageprice": 0, "totalqtytraded": 0, "lotsize": 1, "tag": "3156655030"}
[2026-02-12 16:39:00,600] INFO      [NEHA] [WEBSOCKET] Order update received: 1200060SSFS1207, status=ERROR
[2026-02-12 16:39:00,600] WARNING   [NEHA] [WEBSOCKET] No Blitz mapping for order_id=1200060SSFS1207
[2026-02-12 16:39:12,331] INFO      [NEHA] [BLITZ-INBOUND] Action=PLACE_ORDER, Full payload: {"Action": "PLACE_ORDER", "TPOmsName": "MOFL", "UserId": "82681be6-577f-431e-ac97-5276a8d13405", "UserName": "NEHA", "Data": {"Account": "", "ExchangeClientID": "NEHA", "ExchangeSegment": "NSECM", "ExchangeInstrumentID": 17376, "SymbolName": "EXCEL", "ExchangeInstrumentName": "EXCEL", "ProductType": "CNC", "OrderType": "LIMIT", "OrderSide": "Buy", "TimeInForce": "GFD", "DisclosedQuantity": 0, "OrderQuantity": 1, "LimitPrice": 1.22, "StopPrice": 0.0, "BlitzAppOrderID": 3156655032, "AlgoID": "0", "AlgoCategory": "0", "IsFictiveOrder": "False"}}
[2026-02-12 16:39:12,333] INFO      [NEHA] [BLITZ-INBOUND] PLACE_ORDER - Parameters: {"Account": "", "ExchangeClientID": "NEHA", "ExchangeSegment": "NSECM", "ExchangeInstrumentID": 17376, "SymbolName": "EXCEL", "ExchangeInstrumentName": "EXCEL", "ProductType": "CNC", "OrderType": "LIMIT", "OrderSide": "Buy", "TimeInForce": "GFD", "DisclosedQuantity": 0, "OrderQuantity": 1, "LimitPrice": 1.22, "StopPrice": 0.0, "BlitzAppOrderID": 3156655032, "AlgoID": "0", "AlgoCategory": "0", "IsFictiveOrder": "False"}
[2026-02-12 16:39:12,333] INFO      [NEHA] Blitz data cached: 3156655032
[2026-02-12 16:39:12,333] INFO      [NEHA] [TPOMS-OUTBOUND][API] PLACE_ORDER - Parameters: {"symboltoken": 17376, "exchange": "NSE", "side": "Buy", "order_type": "LIMIT", "quantity": 1, "product_type": "DELIVERY", "price": 1.22, "trigger_price": 0.0, "validity": "DAY", "tag": 3156655032, "amoorder": "N"}
[2026-02-12 16:39:12,333] INFO      [NEHA] Using ExchangeInstrumentID as symbol token: 17376
[2026-02-12 16:39:12,334] INFO      [NEHA] [API REQUEST] {"exchange": "NSE", "symboltoken": 17376, "buyorsell": "BUY", "ordertype": "LIMIT", "producttype": "DELIVERY", "quantityinlot": 1, "amoorder": "N", "price": 1.22, "triggerprice": 0.0, "orderduration": "DAY", "tag": "3156655032"}
[2026-02-12 16:39:12,592] INFO      [NEHA] [WEBSOCKET] _on_message received
[2026-02-12 16:39:12,592] INFO      [NEHA] [TPOMS-INBOUND][WebSocket] Incoming message:{"ordercategory": "DELIVERY", "clientid": "SSFS1207", "exchange": "NSE", "symboltoken": 17376, "symbol": "EXCEL EQ", "series": "EQ", "expirydate": "0", "strikeprice": 0, "optiontype": "EQ", "orderid": "0", "orderinitiatorid": "SSFS1207", "ordertype": "Limit", "orderduration": "DAY", "producttype": "DELIVERY", "error": "", "orderstatus": "SENT", "buyorsell": "BUY", "totalqtyremaining": 1, "orderqty": 1, "qtytradedtoday": 0, "disclosedqty": 0, "price": 1.22, "triggerprice": 0, "entrydatetime": "01-Jan-1980 00:00:00", "lastmodifiedtime": "01-Jan-1980 00:00:00", "vendor": "", "uniqueorderid": "1200061SSFS1207", "goodtilldate": "", "algoid": 0, "algocategory": 0, "averageprice": 0, "totalqtytraded": 0, "lotsize": 1, "tag": "3156655032"}
[2026-02-12 16:39:12,592] INFO      [NEHA] [WEBSOCKET] Order update received: 1200061SSFS1207, status=SENT
[2026-02-12 16:39:12,592] WARNING   [NEHA] [WEBSOCKET] No Blitz mapping for order_id=1200061SSFS1207
[2026-02-12 16:39:12,593] INFO      [NEHA] [WEBSOCKET] _on_message received
[2026-02-12 16:39:12,593] INFO      [NEHA] [TPOMS-INBOUND][WebSocket] Incoming message:{"ordercategory": "DELIVERY", "clientid": "SSFS1207", "exchange": "NSE", "symboltoken": 17376, "symbol": "EXCEL EQ", "series": "EQ", "expirydate": "0", "strikeprice": 0, "optiontype": "EQ", "orderid": "0", "orderinitiatorid": "SSFS1207", "ordertype": "Limit", "orderduration": "DAY", "producttype": "DELIVERY", "error": "", "orderstatus": "SENT", "buyorsell": "BUY", "totalqtyremaining": 1, "orderqty": 1, "qtytradedtoday": 0, "disclosedqty": 0, "price": 1.22, "triggerprice": 0, "entrydatetime": "01-Jan-1980 00:00:00", "lastmodifiedtime": "01-Jan-1980 00:00:00", "vendor": "", "uniqueorderid": "1200062SSFS1207", "goodtilldate": "", "algoid": 0, "algocategory": 0, "averageprice": 0, "totalqtytraded": 0, "lotsize": 1, "tag": "3156655032"}
[2026-02-12 16:39:12,593] INFO      [NEHA] [WEBSOCKET] Order update received: 1200062SSFS1207, status=SENT
[2026-02-12 16:39:12,593] WARNING   [NEHA] [WEBSOCKET] No Blitz mapping for order_id=1200062SSFS1207
[2026-02-12 16:39:12,656] ERROR     [NEHA] [PLACE_ORDER ERROR] {"MessageType": "PLACE_ORDER", "TPOmsName": "MOFL", "UserId": "NEHA", "Data": [{"SequenceNumber": 0, "Account": "", "ExchangeClientID": "NEHA", "BlitzAppOrderID": "3156655032", "ExchangeOrderID": "0", "ExchangeSegment": "NSECM", "ExchangeInstrumentID": 17376, "OrderSide": "Buy", "OrderType": "LIMIT", "ProductType": "CNC", "TimeInForce": "GFD", "OrderPrice": 1.22, "OrderQuantity": 1, "OrderStopPrice": 0.0, "OrderStatus": "Rejected", "OrderAverageTradedPrice": "", "LeavesQuantity": 0, "CumulativeQuantity": 0, "OrderDisclosedQuantity": 0, "OrderGeneratedDateTime": "", "ExchangeTransactTime": "", "LastUpdateDateTime": "", "CancelRejectReason": "Security is not allowed to trade in this market.", "LastTradedPrice": 0.0, "LastTradedQuantity": 0, "LastExecutionTransactTime": "", "ExecutionID": ""}]}
[2026-02-12 16:39:12,682] INFO      [NEHA] [WEBSOCKET] _on_message received
[2026-02-12 16:39:12,682] INFO      [NEHA] [TPOMS-INBOUND][WebSocket] Incoming message:{"ordercategory": "DELIVERY", "clientid": "SSFS1207", "exchange": "NSE", "symboltoken": 17376, "symbol": "EXCEL EQ", "series": "EQ", "expirydate": "0", "strikeprice": 0, "optiontype": "EQ", "orderid": "0", "orderinitiatorid": "SSFS1207", "ordertype": "Limit", "orderduration": "DAY", "producttype": "DELIVERY", "error": "", "orderstatus": "SENT", "buyorsell": "BUY", "totalqtyremaining": 1, "orderqty": 1, "qtytradedtoday": 0, "disclosedqty": 0, "price": 1.22, "triggerprice": 0, "entrydatetime": "01-Jan-1980 00:00:00", "lastmodifiedtime": "01-Jan-1980 00:00:00", "vendor": "", "uniqueorderid": "1200063SSFS1207", "goodtilldate": "", "algoid": 0, "algocategory": 0, "averageprice": 0, "totalqtytraded": 0, "lotsize": 1, "tag": "3156655032"}
[2026-02-12 16:39:12,682] INFO      [NEHA] [WEBSOCKET] Order update received: 1200063SSFS1207, status=SENT
[2026-02-12 16:39:12,682] WARNING   [NEHA] [WEBSOCKET] No Blitz mapping for order_id=1200063SSFS1207
[2026-02-12 16:39:12,683] INFO      [NEHA] [WEBSOCKET] _on_message received
[2026-02-12 16:39:12,683] INFO      [NEHA] [TPOMS-INBOUND][WebSocket] Incoming message:{"ordercategory": "DELIVERY", "clientid": "SSFS1207", "exchange": "NSE", "symboltoken": 17376, "symbol": "EXCEL EQ", "series": "EQ", "expirydate": "0", "strikeprice": 0, "optiontype": "EQ", "orderid": "1100000084752212", "orderinitiatorid": "SSFS1207", "ordertype": "Limit", "orderduration": "DAY", "producttype": "DELIVERY", "error": "Security is not allowed to trade in this market.", "orderstatus": "REJECTED", "buyorsell": "BUY", "totalqtyremaining": 1, "orderqty": 1, "qtytradedtoday": 0, "disclosedqty": 0, "price": 1.22, "triggerprice": 0, "entrydatetime": "12-Feb-2026 16:39:12", "lastmodifiedtime": "01-Jan-1980 00:00:00", "vendor": "", "uniqueorderid": "1200062SSFS1207", "goodtilldate": "", "algoid": 0, "algocategory": 0, "averageprice": 0, "totalqtytraded": 0, "lotsize": 1, "tag": "3156655032"}
[2026-02-12 16:39:12,683] INFO      [NEHA] [WEBSOCKET] Order update received: 1200062SSFS1207, status=REJECTED
[2026-02-12 16:39:12,683] INFO      [NEHA] [WEBSOCKET] Action already consumed for blitz_id=3156655032
[2026-02-12 16:39:12,683] INFO      [NEHA] [WEBSOCKET] Updated cache for blitz_id=3156655032
[2026-02-12 16:39:12,683] INFO      [NEHA] [WEBSOCKET] Skipping unmapped status REJECTED for order_id=1200062SSFS1207
[2026-02-12 16:39:12,684] INFO      [NEHA] [WEBSOCKET] _on_message received
[2026-02-12 16:39:12,684] INFO      [NEHA] [TPOMS-INBOUND][WebSocket] Incoming message:{"ordercategory": "DELIVERY", "clientid": "SSFS1207", "exchange": "NSE", "symboltoken": 17376, "symbol": "EXCEL EQ", "series": "EQ", "expirydate": "0", "strikeprice": 0, "optiontype": "EQ", "orderid": "1100000084752213", "orderinitiatorid": "SSFS1207", "ordertype": "Limit", "orderduration": "DAY", "producttype": "DELIVERY", "error": "Security is not allowed to trade in this market.", "orderstatus": "REJECTED", "buyorsell": "BUY", "totalqtyremaining": 1, "orderqty": 1, "qtytradedtoday": 0, "disclosedqty": 0, "price": 1.22, "triggerprice": 0, "entrydatetime": "12-Feb-2026 16:39:12", "lastmodifiedtime": "01-Jan-1980 00:00:00", "vendor": "", "uniqueorderid": "1200061SSFS1207", "goodtilldate": "", "algoid": 0, "algocategory": 0, "averageprice": 0, "totalqtytraded": 0, "lotsize": 1, "tag": "3156655032"}
[2026-02-12 16:39:12,684] INFO      [NEHA] [WEBSOCKET] Order update received: 1200061SSFS1207, status=REJECTED
[2026-02-12 16:39:12,684] WARNING   [NEHA] [WEBSOCKET] No Blitz mapping for order_id=1200061SSFS1207
[2026-02-12 16:39:12,777] INFO      [NEHA] [WEBSOCKET] _on_message received
[2026-02-12 16:39:12,778] INFO      [NEHA] [TPOMS-INBOUND][WebSocket] Incoming message:{"ordercategory": "DELIVERY", "clientid": "SSFS1207", "exchange": "NSE", "symboltoken": 17376, "symbol": "EXCEL EQ", "series": "EQ", "expirydate": "0", "strikeprice": 0, "optiontype": "EQ", "orderid": "1100000084752214", "orderinitiatorid": "SSFS1207", "ordertype": "Limit", "orderduration": "DAY", "producttype": "DELIVERY", "error": "Security is not allowed to trade in this market.", "orderstatus": "REJECTED", "buyorsell": "BUY", "totalqtyremaining": 1, "orderqty": 1, "qtytradedtoday": 0, "disclosedqty": 0, "price": 1.22, "triggerprice": 0, "entrydatetime": "12-Feb-2026 16:39:12", "lastmodifiedtime": "01-Jan-1980 00:00:00", "vendor": "", "uniqueorderid": "1200063SSFS1207", "goodtilldate": "", "algoid": 0, "algocategory": 0, "averageprice": 0, "totalqtytraded": 0, "lotsize": 1, "tag": "3156655032"}
[2026-02-12 16:39:12,778] INFO      [NEHA] [WEBSOCKET] Order update received: 1200063SSFS1207, status=REJECTED
[2026-02-12 16:39:12,778] WARNING   [NEHA] [WEBSOCKET] No Blitz mapping for order_id=1200063SSFS1207
[2026-02-12 16:39:29,676] INFO      [NEHA] [WEBSOCKET] Sending heartbeat: {"action": "heartbeat", "clientid": "SSFS1207"}
[2026-02-12 16:39:29,677] INFO      [NEHA] [WEBSOCKET] Heartbeat sent entity=NEHA
[2026-02-12 16:39:59,682] INFO      [NEHA] [WEBSOCKET] Sending heartbeat: {"action": "heartbeat", "clientid": "SSFS1207"}
[2026-02-12 16:39:59,685] INFO      [NEHA] [WEBSOCKET] Heartbeat sent entity=NEHA
[2026-02-12 16:40:16,275] INFO      [NEHA] [BLITZ-INBOUND] Action=PLACE_ORDER, Full payload: {"Action": "PLACE_ORDER", "TPOmsName": "MOFL", "UserId": "82681be6-577f-431e-ac97-5276a8d13405", "UserName": "NEHA", "Data": {"Account": "", "ExchangeClientID": "NEHA", "ExchangeSegment": "NSECM", "ExchangeInstrumentID": 17376, "SymbolName": "EXCEL", "ExchangeInstrumentName": "EXCEL", "ProductType": "CNC", "OrderType": "LIMIT", "OrderSide": "Buy", "TimeInForce": "GFD", "DisclosedQuantity": 0, "OrderQuantity": 1, "LimitPrice": 1.22, "StopPrice": 0.0, "BlitzAppOrderID": 3156655055, "AlgoID": "0", "AlgoCategory": "0", "IsFictiveOrder": "False"}}
[2026-02-12 16:40:16,276] INFO      [NEHA] [BLITZ-INBOUND] PLACE_ORDER - Parameters: {"Account": "", "ExchangeClientID": "NEHA", "ExchangeSegment": "NSECM", "ExchangeInstrumentID": 17376, "SymbolName": "EXCEL", "ExchangeInstrumentName": "EXCEL", "ProductType": "CNC", "OrderType": "LIMIT", "OrderSide": "Buy", "TimeInForce": "GFD", "DisclosedQuantity": 0, "OrderQuantity": 1, "LimitPrice": 1.22, "StopPrice": 0.0, "BlitzAppOrderID": 3156655055, "AlgoID": "0", "AlgoCategory": "0", "IsFictiveOrder": "False"}
[2026-02-12 16:40:16,276] INFO      [NEHA] Blitz data cached: 3156655055
[2026-02-12 16:40:16,276] INFO      [NEHA] [TPOMS-OUTBOUND][API] PLACE_ORDER - Parameters: {"symboltoken": 17376, "exchange": "NSE", "side": "Buy", "order_type": "LIMIT", "quantity": 1, "product_type": "DELIVERY", "price": 1.22, "trigger_price": 0.0, "validity": "DAY", "tag": 3156655055, "amoorder": "N"}
[2026-02-12 16:40:16,276] INFO      [NEHA] Using ExchangeInstrumentID as symbol token: 17376
[2026-02-12 16:40:16,277] INFO      [NEHA] [API REQUEST] {"exchange": "NSE", "symboltoken": 17376, "buyorsell": "BUY", "ordertype": "LIMIT", "producttype": "DELIVERY", "quantityinlot": 1, "amoorder": "N", "price": 1.22, "triggerprice": 0.0, "orderduration": "DAY", "tag": "3156655055"}
[2026-02-12 16:40:16,540] INFO      [NEHA] [WEBSOCKET] _on_message received
[2026-02-12 16:40:16,540] INFO      [NEHA] [TPOMS-INBOUND][WebSocket] Incoming message:{"ordercategory": "DELIVERY", "clientid": "SSFS1207", "exchange": "NSE", "symboltoken": 17376, "symbol": "EXCEL EQ", "series": "EQ", "expirydate": "0", "strikeprice": 0, "optiontype": "EQ", "orderid": "0", "orderinitiatorid": "SSFS1207", "ordertype": "Limit", "orderduration": "DAY", "producttype": "DELIVERY", "error": "", "orderstatus": "SENT", "buyorsell": "BUY", "totalqtyremaining": 1, "orderqty": 1, "qtytradedtoday": 0, "disclosedqty": 0, "price": 1.22, "triggerprice": 0, "entrydatetime": "01-Jan-1980 00:00:00", "lastmodifiedtime": "01-Jan-1980 00:00:00", "vendor": "", "uniqueorderid": "1200064SSFS1207", "goodtilldate": "", "algoid": 0, "algocategory": 0, "averageprice": 0, "totalqtytraded": 0, "lotsize": 1, "tag": "3156655055"}
[2026-02-12 16:40:16,541] INFO      [NEHA] [WEBSOCKET] Order update received: 1200064SSFS1207, status=SENT
[2026-02-12 16:40:16,541] WARNING   [NEHA] [WEBSOCKET] No Blitz mapping for order_id=1200064SSFS1207
[2026-02-12 16:40:16,541] INFO      [NEHA] [WEBSOCKET] _on_message received
[2026-02-12 16:40:16,541] INFO      [NEHA] [TPOMS-INBOUND][WebSocket] Incoming message:{"ordercategory": "DELIVERY", "clientid": "SSFS1207", "exchange": "NSE", "symboltoken": 17376, "symbol": "EXCEL EQ", "series": "EQ", "expirydate": "0", "strikeprice": 0, "optiontype": "EQ", "orderid": "0", "orderinitiatorid": "SSFS1207", "ordertype": "Limit", "orderduration": "DAY", "producttype": "DELIVERY", "error": "", "orderstatus": "SENT", "buyorsell": "BUY", "totalqtyremaining": 1, "orderqty": 1, "qtytradedtoday": 0, "disclosedqty": 0, "price": 1.22, "triggerprice": 0, "entrydatetime": "01-Jan-1980 00:00:00", "lastmodifiedtime": "01-Jan-1980 00:00:00", "vendor": "", "uniqueorderid": "1200065SSFS1207", "goodtilldate": "", "algoid": 0, "algocategory": 0, "averageprice": 0, "totalqtytraded": 0, "lotsize": 1, "tag": "3156655055"}
[2026-02-12 16:40:16,541] INFO      [NEHA] [WEBSOCKET] Order update received: 1200065SSFS1207, status=SENT
[2026-02-12 16:40:16,541] WARNING   [NEHA] [WEBSOCKET] No Blitz mapping for order_id=1200065SSFS1207
[2026-02-12 16:40:16,621] ERROR     [NEHA] [PLACE_ORDER ERROR] {"MessageType": "PLACE_ORDER", "TPOmsName": "MOFL", "UserId": "NEHA", "Data": [{"SequenceNumber": 0, "Account": "", "ExchangeClientID": "NEHA", "BlitzAppOrderID": "3156655055", "ExchangeOrderID": "0", "ExchangeSegment": "NSECM", "ExchangeInstrumentID": 17376, "OrderSide": "Buy", "OrderType": "LIMIT", "ProductType": "CNC", "TimeInForce": "GFD", "OrderPrice": 1.22, "OrderQuantity": 1, "OrderStopPrice": 0.0, "OrderStatus": "Rejected", "OrderAverageTradedPrice": "", "LeavesQuantity": 0, "CumulativeQuantity": 0, "OrderDisclosedQuantity": 0, "OrderGeneratedDateTime": "", "ExchangeTransactTime": "", "LastUpdateDateTime": "", "CancelRejectReason": "Security is not allowed to trade in this market.", "LastTradedPrice": 0.0, "LastTradedQuantity": 0, "LastExecutionTransactTime": "", "ExecutionID": ""}]}
[2026-02-12 16:40:16,634] INFO      [NEHA] [WEBSOCKET] _on_message received
[2026-02-12 16:40:16,634] INFO      [NEHA] [TPOMS-INBOUND][WebSocket] Incoming message:{"ordercategory": "DELIVERY", "clientid": "SSFS1207", "exchange": "NSE", "symboltoken": 17376, "symbol": "EXCEL EQ", "series": "EQ", "expirydate": "0", "strikeprice": 0, "optiontype": "EQ", "orderid": "1100000084752856", "orderinitiatorid": "SSFS1207", "ordertype": "Limit", "orderduration": "DAY", "producttype": "DELIVERY", "error": "Security is not allowed to trade in this market.", "orderstatus": "REJECTED", "buyorsell": "BUY", "totalqtyremaining": 1, "orderqty": 1, "qtytradedtoday": 0, "disclosedqty": 0, "price": 1.22, "triggerprice": 0, "entrydatetime": "12-Feb-2026 16:40:16", "lastmodifiedtime": "01-Jan-1980 00:00:00", "vendor": "", "uniqueorderid": "1200065SSFS1207", "goodtilldate": "", "algoid": 0, "algocategory": 0, "averageprice": 0, "totalqtytraded": 0, "lotsize": 1, "tag": "3156655055"}
[2026-02-12 16:40:16,634] INFO      [NEHA] [WEBSOCKET] Order update received: 1200065SSFS1207, status=REJECTED
[2026-02-12 16:40:16,634] WARNING   [NEHA] [WEBSOCKET] No Blitz mapping for order_id=1200065SSFS1207
[2026-02-12 16:40:16,635] INFO      [NEHA] [WEBSOCKET] _on_message received
[2026-02-12 16:40:16,635] INFO      [NEHA] [TPOMS-INBOUND][WebSocket] Incoming message:{"ordercategory": "DELIVERY", "clientid": "SSFS1207", "exchange": "NSE", "symboltoken": 17376, "symbol": "EXCEL EQ", "series": "EQ", "expirydate": "0", "strikeprice": 0, "optiontype": "EQ", "orderid": "1100000084752857", "orderinitiatorid": "SSFS1207", "ordertype": "Limit", "orderduration": "DAY", "producttype": "DELIVERY", "error": "Security is not allowed to trade in this market.", "orderstatus": "REJECTED", "buyorsell": "BUY", "totalqtyremaining": 1, "orderqty": 1, "qtytradedtoday": 0, "disclosedqty": 0, "price": 1.22, "triggerprice": 0, "entrydatetime": "12-Feb-2026 16:40:16", "lastmodifiedtime": "01-Jan-1980 00:00:00", "vendor": "", "uniqueorderid": "1200064SSFS1207", "goodtilldate": "", "algoid": 0, "algocategory": 0, "averageprice": 0, "totalqtytraded": 0, "lotsize": 1, "tag": "3156655055"}
[2026-02-12 16:40:16,635] INFO      [NEHA] [WEBSOCKET] Order update received: 1200064SSFS1207, status=REJECTED
[2026-02-12 16:40:16,635] INFO      [NEHA] [WEBSOCKET] Action already consumed for blitz_id=3156655055
[2026-02-12 16:40:16,635] INFO      [NEHA] [WEBSOCKET] Updated cache for blitz_id=3156655055
[2026-02-12 16:40:16,635] INFO      [NEHA] [WEBSOCKET] Skipping unmapped status REJECTED for order_id=1200064SSFS1207
[2026-02-12 16:40:29,690] INFO      [NEHA] [WEBSOCKET] Sending heartbeat: {"action": "heartbeat", "clientid": "SSFS1207"}
[2026-02-12 16:40:29,690] INFO      [NEHA] [WEBSOCKET] Heartbeat sent entity=NEHA
[2026-02-12 16:40:31,686] INFO      [NEHA] [WEBSOCKET] _on_message received
[2026-02-12 16:40:31,686] INFO      [NEHA] [TPOMS-INBOUND][WebSocket] Incoming message:{"ordercategory": "DELIVERY", "clientid": "SSFS1207", "exchange": "NSE", "symboltoken": 17376, "symbol": "EXCEL EQ", "series": "EQ", "expirydate": "0", "strikeprice": 0, "optiontype": "EQ", "orderid": "0", "orderinitiatorid": "SSFS1207", "ordertype": "Limit", "orderduration": "DAY", "producttype": "DELIVERY", "error": "", "orderstatus": "SENT", "buyorsell": "BUY", "totalqtyremaining": 1, "orderqty": 1, "qtytradedtoday": 0, "disclosedqty": 0, "price": 1.22, "triggerprice": 0, "entrydatetime": "01-Jan-1980 00:00:00", "lastmodifiedtime": "01-Jan-1980 00:00:00", "vendor": "", "uniqueorderid": "1200066SSFS1207", "goodtilldate": "", "algoid": 0, "algocategory": 0, "averageprice": 0, "totalqtytraded": 0, "lotsize": 1, "tag": "3156655055"}
[2026-02-12 16:40:31,686] INFO      [NEHA] [WEBSOCKET] Order update received: 1200066SSFS1207, status=SENT
[2026-02-12 16:40:31,687] WARNING   [NEHA] [WEBSOCKET] No Blitz mapping for order_id=1200066SSFS1207
[2026-02-12 16:40:31,754] INFO      [NEHA] [WEBSOCKET] _on_message received
[2026-02-12 16:40:31,754] INFO      [NEHA] [TPOMS-INBOUND][WebSocket] Incoming message:{"ordercategory": "DELIVERY", "clientid": "SSFS1207", "exchange": "NSE", "symboltoken": 17376, "symbol": "EXCEL EQ", "series": "EQ", "expirydate": "0", "strikeprice": 0, "optiontype": "EQ", "orderid": "1100000084753009", "orderinitiatorid": "SSFS1207", "ordertype": "Limit", "orderduration": "DAY", "producttype": "DELIVERY", "error": "Security is not allowed to trade in this market.", "orderstatus": "REJECTED", "buyorsell": "BUY", "totalqtyremaining": 1, "orderqty": 1, "qtytradedtoday": 0, "disclosedqty": 0, "price": 1.22, "triggerprice": 0, "entrydatetime": "12-Feb-2026 16:40:31", "lastmodifiedtime": "01-Jan-1980 00:00:00", "vendor": "", "uniqueorderid": "1200066SSFS1207", "goodtilldate": "", "algoid": 0, "algocategory": 0, "averageprice": 0, "totalqtytraded": 0, "lotsize": 1, "tag": "3156655055"}
[2026-02-12 16:40:31,754] INFO      [NEHA] [WEBSOCKET] Order update received: 1200066SSFS1207, status=REJECTED
[2026-02-12 16:40:31,754] WARNING   [NEHA] [WEBSOCKET] No Blitz mapping for order_id=1200066SSFS1207
[2026-02-12 16:40:59,440] INFO      [NEHA] [BLITZ-INBOUND] Action=PLACE_ORDER, Full payload: {"Action": "PLACE_ORDER", "TPOmsName": "MOFL", "UserId": "82681be6-577f-431e-ac97-5276a8d13405", "UserName": "NEHA", "Data": {"Account": "", "ExchangeClientID": "NEHA", "ExchangeSegment": "NSECM", "ExchangeInstrumentID": 17376, "SymbolName": "EXCEL", "ExchangeInstrumentName": "EXCEL", "ProductType": "CNC", "OrderType": "LIMIT", "OrderSide": "Buy", "TimeInForce": "GFD", "DisclosedQuantity": 0, "OrderQuantity": 1, "LimitPrice": 1.23, "StopPrice": 0.0, "BlitzAppOrderID": 3156655056, "AlgoID": "0", "AlgoCategory": "0", "IsFictiveOrder": "False"}}
[2026-02-12 16:40:59,443] INFO      [NEHA] [BLITZ-INBOUND] PLACE_ORDER - Parameters: {"Account": "", "ExchangeClientID": "NEHA", "ExchangeSegment": "NSECM", "ExchangeInstrumentID": 17376, "SymbolName": "EXCEL", "ExchangeInstrumentName": "EXCEL", "ProductType": "CNC", "OrderType": "LIMIT", "OrderSide": "Buy", "TimeInForce": "GFD", "DisclosedQuantity": 0, "OrderQuantity": 1, "LimitPrice": 1.23, "StopPrice": 0.0, "BlitzAppOrderID": 3156655056, "AlgoID": "0", "AlgoCategory": "0", "IsFictiveOrder": "False"}
[2026-02-12 16:40:59,443] INFO      [NEHA] Blitz data cached: 3156655056
[2026-02-12 16:40:59,444] INFO      [NEHA] [TPOMS-OUTBOUND][API] PLACE_ORDER - Parameters: {"symboltoken": 17376, "exchange": "NSE", "side": "Buy", "order_type": "LIMIT", "quantity": 1, "product_type": "DELIVERY", "price": 1.23, "trigger_price": 0.0, "validity": "DAY", "tag": 3156655056, "amoorder": "N"}
[2026-02-12 16:40:59,444] INFO      [NEHA] Using ExchangeInstrumentID as symbol token: 17376
[2026-02-12 16:40:59,444] INFO      [NEHA] [API REQUEST] {"exchange": "NSE", "symboltoken": 17376, "buyorsell": "BUY", "ordertype": "LIMIT", "producttype": "DELIVERY", "quantityinlot": 1, "amoorder": "N", "price": 1.23, "triggerprice": 0.0, "orderduration": "DAY", "tag": "3156655056"}
[2026-02-12 16:40:59,692] INFO      [NEHA] [WEBSOCKET] Sending heartbeat: {"action": "heartbeat", "clientid": "SSFS1207"}
[2026-02-12 16:40:59,692] INFO      [NEHA] [WEBSOCKET] Heartbeat sent entity=NEHA
[2026-02-12 16:40:59,730] INFO      [NEHA] [WEBSOCKET] _on_message received
[2026-02-12 16:40:59,731] INFO      [NEHA] [TPOMS-INBOUND][WebSocket] Incoming message:{"ordercategory": "DELIVERY", "clientid": "SSFS1207", "exchange": "NSE", "symboltoken": 17376, "symbol": "EXCEL EQ", "series": "EQ", "expirydate": "0", "strikeprice": 0, "optiontype": "EQ", "orderid": "0", "orderinitiatorid": "SSFS1207", "ordertype": "Limit", "orderduration": "DAY", "producttype": "DELIVERY", "error": "", "orderstatus": "SENT", "buyorsell": "BUY", "totalqtyremaining": 1, "orderqty": 1, "qtytradedtoday": 0, "disclosedqty": 0, "price": 1.23, "triggerprice": 0, "entrydatetime": "01-Jan-1980 00:00:00", "lastmodifiedtime": "01-Jan-1980 00:00:00", "vendor": "", "uniqueorderid": "1200067SSFS1207", "goodtilldate": "", "algoid": 0, "algocategory": 0, "averageprice": 0, "totalqtytraded": 0, "lotsize": 1, "tag": "3156655056"}
[2026-02-12 16:40:59,731] INFO      [NEHA] [WEBSOCKET] Order update received: 1200067SSFS1207, status=SENT
[2026-02-12 16:40:59,731] WARNING   [NEHA] [WEBSOCKET] No Blitz mapping for order_id=1200067SSFS1207
[2026-02-12 16:40:59,731] INFO      [NEHA] [WEBSOCKET] _on_message received
[2026-02-12 16:40:59,731] INFO      [NEHA] [TPOMS-INBOUND][WebSocket] Incoming message:{"ordercategory": "DELIVERY", "clientid": "SSFS1207", "exchange": "NSE", "symboltoken": 17376, "symbol": "EXCEL EQ", "series": "EQ", "expirydate": "0", "strikeprice": 0, "optiontype": "EQ", "orderid": "0", "orderinitiatorid": "SSFS1207", "ordertype": "Limit", "orderduration": "DAY", "producttype": "DELIVERY", "error": "", "orderstatus": "SENT", "buyorsell": "BUY", "totalqtyremaining": 1, "orderqty": 1, "qtytradedtoday": 0, "disclosedqty": 0, "price": 1.23, "triggerprice": 0, "entrydatetime": "01-Jan-1980 00:00:00", "lastmodifiedtime": "01-Jan-1980 00:00:00", "vendor": "", "uniqueorderid": "1200068SSFS1207", "goodtilldate": "", "algoid": 0, "algocategory": 0, "averageprice": 0, "totalqtytraded": 0, "lotsize": 1, "tag": "3156655056"}
[2026-02-12 16:40:59,731] INFO      [NEHA] [WEBSOCKET] Order update received: 1200068SSFS1207, status=SENT
[2026-02-12 16:40:59,731] WARNING   [NEHA] [WEBSOCKET] No Blitz mapping for order_id=1200068SSFS1207
[2026-02-12 16:40:59,812] ERROR     [NEHA] [PLACE_ORDER ERROR] {"MessageType": "PLACE_ORDER", "TPOmsName": "MOFL", "UserId": "NEHA", "Data": [{"SequenceNumber": 0, "Account": "", "ExchangeClientID": "NEHA", "BlitzAppOrderID": "3156655056", "ExchangeOrderID": "0", "ExchangeSegment": "NSECM", "ExchangeInstrumentID": 17376, "OrderSide": "Buy", "OrderType": "LIMIT", "ProductType": "CNC", "TimeInForce": "GFD", "OrderPrice": 1.23, "OrderQuantity": 1, "OrderStopPrice": 0.0, "OrderStatus": "Rejected", "OrderAverageTradedPrice": "", "LeavesQuantity": 0, "CumulativeQuantity": 0, "OrderDisclosedQuantity": 0, "OrderGeneratedDateTime": "", "ExchangeTransactTime": "", "LastUpdateDateTime": "", "CancelRejectReason": "Security is not allowed to trade in this market.", "LastTradedPrice": 0.0, "LastTradedQuantity": 0, "LastExecutionTransactTime": "", "ExecutionID": ""}]}
[2026-02-12 16:40:59,838] INFO      [NEHA] [WEBSOCKET] _on_message received
[2026-02-12 16:40:59,838] INFO      [NEHA] [TPOMS-INBOUND][WebSocket] Incoming message:{"ordercategory": "DELIVERY", "clientid": "SSFS1207", "exchange": "NSE", "symboltoken": 17376, "symbol": "EXCEL EQ", "series": "EQ", "expirydate": "0", "strikeprice": 0, "optiontype": "EQ", "orderid": "1100000084753292", "orderinitiatorid": "SSFS1207", "ordertype": "Limit", "orderduration": "DAY", "producttype": "DELIVERY", "error": "Security is not allowed to trade in this market.", "orderstatus": "REJECTED", "buyorsell": "BUY", "totalqtyremaining": 1, "orderqty": 1, "qtytradedtoday": 0, "disclosedqty": 0, "price": 1.23, "triggerprice": 0, "entrydatetime": "12-Feb-2026 16:40:59", "lastmodifiedtime": "01-Jan-1980 00:00:00", "vendor": "", "uniqueorderid": "1200068SSFS1207", "goodtilldate": "", "algoid": 0, "algocategory": 0, "averageprice": 0, "totalqtytraded": 0, "lotsize": 1, "tag": "3156655056"}
[2026-02-12 16:40:59,838] INFO      [NEHA] [WEBSOCKET] Order update received: 1200068SSFS1207, status=REJECTED
[2026-02-12 16:40:59,838] INFO      [NEHA] [WEBSOCKET] Action already consumed for blitz_id=3156655056
[2026-02-12 16:40:59,838] INFO      [NEHA] [WEBSOCKET] Updated cache for blitz_id=3156655056
[2026-02-12 16:40:59,838] INFO      [NEHA] [WEBSOCKET] Skipping unmapped status REJECTED for order_id=1200068SSFS1207
[2026-02-12 16:40:59,839] INFO      [NEHA] [WEBSOCKET] _on_message received
[2026-02-12 16:40:59,839] INFO      [NEHA] [TPOMS-INBOUND][WebSocket] Incoming message:{"ordercategory": "DELIVERY", "clientid": "SSFS1207", "exchange": "NSE", "symboltoken": 17376, "symbol": "EXCEL EQ", "series": "EQ", "expirydate": "0", "strikeprice": 0, "optiontype": "EQ", "orderid": "1100000084753293", "orderinitiatorid": "SSFS1207", "ordertype": "Limit", "orderduration": "DAY", "producttype": "DELIVERY", "error": "Security is not allowed to trade in this market.", "orderstatus": "REJECTED", "buyorsell": "BUY", "totalqtyremaining": 1, "orderqty": 1, "qtytradedtoday": 0, "disclosedqty": 0, "price": 1.23, "triggerprice": 0, "entrydatetime": "12-Feb-2026 16:40:59", "lastmodifiedtime": "01-Jan-1980 00:00:00", "vendor": "", "uniqueorderid": "1200067SSFS1207", "goodtilldate": "", "algoid": 0, "algocategory": 0, "averageprice": 0, "totalqtytraded": 0, "lotsize": 1, "tag": "3156655056"}
[2026-02-12 16:40:59,839] INFO      [NEHA] [WEBSOCKET] Order update received: 1200067SSFS1207, status=REJECTED
[2026-02-12 16:40:59,839] WARNING   [NEHA] [WEBSOCKET] No Blitz mapping for order_id=1200067SSFS1207
[2026-02-12 16:41:03,305] INFO      [NEHA] [WEBSOCKET] _on_message received
[2026-02-12 16:41:03,306] INFO      [NEHA] [TPOMS-INBOUND][WebSocket] Incoming message:{"ordercategory": "DELIVERY", "clientid": "SSFS1207", "exchange": "NSE", "symboltoken": 17376, "symbol": "EXCEL EQ", "series": "EQ", "expirydate": "0", "strikeprice": 0, "optiontype": "EQ", "orderid": "0", "orderinitiatorid": "SSFS1207", "ordertype": "Limit", "orderduration": "DAY", "producttype": "DELIVERY", "error": "", "orderstatus": "SENT", "buyorsell": "BUY", "totalqtyremaining": 1, "orderqty": 1, "qtytradedtoday": 0, "disclosedqty": 0, "price": 1.23, "triggerprice": 0, "entrydatetime": "01-Jan-1980 00:00:00", "lastmodifiedtime": "01-Jan-1980 00:00:00", "vendor": "", "uniqueorderid": "1200069SSFS1207", "goodtilldate": "", "algoid": 0, "algocategory": 0, "averageprice": 0, "totalqtytraded": 0, "lotsize": 1, "tag": "3156655056"}
[2026-02-12 16:41:03,306] INFO      [NEHA] [WEBSOCKET] Order update received: 1200069SSFS1207, status=SENT
[2026-02-12 16:41:03,307] WARNING   [NEHA] [WEBSOCKET] No Blitz mapping for order_id=1200069SSFS1207
[2026-02-12 16:41:03,365] INFO      [NEHA] [WEBSOCKET] _on_message received
[2026-02-12 16:41:03,365] INFO      [NEHA] [TPOMS-INBOUND][WebSocket] Incoming message:{"ordercategory": "DELIVERY", "clientid": "SSFS1207", "exchange": "NSE", "symboltoken": 17376, "symbol": "EXCEL EQ", "series": "EQ", "expirydate": "0", "strikeprice": 0, "optiontype": "EQ", "orderid": "1100000084753330", "orderinitiatorid": "SSFS1207", "ordertype": "Limit", "orderduration": "DAY", "producttype": "DELIVERY", "error": "Security is not allowed to trade in this market.", "orderstatus": "REJECTED", "buyorsell": "BUY", "totalqtyremaining": 1, "orderqty": 1, "qtytradedtoday": 0, "disclosedqty": 0, "price": 1.23, "triggerprice": 0, "entrydatetime": "12-Feb-2026 16:41:03", "lastmodifiedtime": "01-Jan-1980 00:00:00", "vendor": "", "uniqueorderid": "1200069SSFS1207", "goodtilldate": "", "algoid": 0, "algocategory": 0, "averageprice": 0, "totalqtytraded": 0, "lotsize": 1, "tag": "3156655056"}
[2026-02-12 16:41:03,365] INFO      [NEHA] [WEBSOCKET] Order update received: 1200069SSFS1207, status=REJECTED
[2026-02-12 16:41:03,367] WARNING   [NEHA] [WEBSOCKET] No Blitz mapping for order_id=1200069SSFS1207
[2026-02-12 16:41:24,142] INFO      [NEHA] [BLITZ-INBOUND] Action=PLACE_ORDER, Full payload: {"Action": "PLACE_ORDER", "TPOmsName": "MOFL", "UserId": "82681be6-577f-431e-ac97-5276a8d13405", "UserName": "NEHA", "Data": {"Account": "", "ExchangeClientID": "NEHA", "ExchangeSegment": "NSECM", "ExchangeInstrumentID": 17376, "SymbolName": "EXCEL", "ExchangeInstrumentName": "EXCEL", "ProductType": "CNC", "OrderType": "LIMIT", "OrderSide": "Buy", "TimeInForce": "GFD", "DisclosedQuantity": 0, "OrderQuantity": 1, "LimitPrice": 1.23, "StopPrice": 0.0, "BlitzAppOrderID": 3156655057, "AlgoID": "0", "AlgoCategory": "0", "IsFictiveOrder": "False"}}
[2026-02-12 16:41:24,147] INFO      [NEHA] [BLITZ-INBOUND] PLACE_ORDER - Parameters: {"Account": "", "ExchangeClientID": "NEHA", "ExchangeSegment": "NSECM", "ExchangeInstrumentID": 17376, "SymbolName": "EXCEL", "ExchangeInstrumentName": "EXCEL", "ProductType": "CNC", "OrderType": "LIMIT", "OrderSide": "Buy", "TimeInForce": "GFD", "DisclosedQuantity": 0, "OrderQuantity": 1, "LimitPrice": 1.23, "StopPrice": 0.0, "BlitzAppOrderID": 3156655057, "AlgoID": "0", "AlgoCategory": "0", "IsFictiveOrder": "False"}
[2026-02-12 16:41:24,148] INFO      [NEHA] Blitz data cached: 3156655057
[2026-02-12 16:41:24,148] INFO      [NEHA] [TPOMS-OUTBOUND][API] PLACE_ORDER - Parameters: {"symboltoken": 17376, "exchange": "NSE", "side": "Buy", "order_type": "LIMIT", "quantity": 1, "product_type": "DELIVERY", "price": 1.23, "trigger_price": 0.0, "validity": "DAY", "tag": 3156655057, "amoorder": "N"}
[2026-02-12 16:41:24,149] INFO      [NEHA] Using ExchangeInstrumentID as symbol token: 17376
[2026-02-12 16:41:24,149] INFO      [NEHA] [API REQUEST] {"exchange": "NSE", "symboltoken": 17376, "buyorsell": "BUY", "ordertype": "LIMIT", "producttype": "DELIVERY", "quantityinlot": 1, "amoorder": "N", "price": 1.23, "triggerprice": 0.0, "orderduration": "DAY", "tag": "3156655057"}
[2026-02-12 16:41:24,442] INFO      [NEHA] [WEBSOCKET] _on_message received
[2026-02-12 16:41:24,443] INFO      [NEHA] [TPOMS-INBOUND][WebSocket] Incoming message:{"ordercategory": "DELIVERY", "clientid": "SSFS1207", "exchange": "NSE", "symboltoken": 17376, "symbol": "EXCEL EQ", "series": "EQ", "expirydate": "0", "strikeprice": 0, "optiontype": "EQ", "orderid": "0", "orderinitiatorid": "SSFS1207", "ordertype": "Limit", "orderduration": "DAY", "producttype": "DELIVERY", "error": "", "orderstatus": "SENT", "buyorsell": "BUY", "totalqtyremaining": 1, "orderqty": 1, "qtytradedtoday": 0, "disclosedqty": 0, "price": 1.23, "triggerprice": 0, "entrydatetime": "01-Jan-1980 00:00:00", "lastmodifiedtime": "01-Jan-1980 00:00:00", "vendor": "", "uniqueorderid": "1200070SSFS1207", "goodtilldate": "", "algoid": 0, "algocategory": 0, "averageprice": 0, "totalqtytraded": 0, "lotsize": 1, "tag": "3156655057"}
[2026-02-12 16:41:24,443] INFO      [NEHA] [WEBSOCKET] Order update received: 1200070SSFS1207, status=SENT
[2026-02-12 16:41:24,443] INFO      [NEHA] [WEBSOCKET] Updated cache for blitz_id=3156655057
[2026-02-12 16:41:24,443] INFO      [NEHA] [WEBSOCKET] Skipping unmapped status SENT for order_id=1200070SSFS1207
[2026-02-12 16:41:24,444] INFO      [NEHA] [WEBSOCKET] _on_message received
[2026-02-12 16:41:24,444] INFO      [NEHA] [TPOMS-INBOUND][WebSocket] Incoming message:{"ordercategory": "DELIVERY", "clientid": "SSFS1207", "exchange": "NSE", "symboltoken": 17376, "symbol": "EXCEL EQ", "series": "EQ", "expirydate": "0", "strikeprice": 0, "optiontype": "EQ", "orderid": "0", "orderinitiatorid": "SSFS1207", "ordertype": "Limit", "orderduration": "DAY", "producttype": "DELIVERY", "error": "", "orderstatus": "SENT", "buyorsell": "BUY", "totalqtyremaining": 1, "orderqty": 1, "qtytradedtoday": 0, "disclosedqty": 0, "price": 1.23, "triggerprice": 0, "entrydatetime": "01-Jan-1980 00:00:00", "lastmodifiedtime": "01-Jan-1980 00:00:00", "vendor": "", "uniqueorderid": "1200071SSFS1207", "goodtilldate": "", "algoid": 0, "algocategory": 0, "averageprice": 0, "totalqtytraded": 0, "lotsize": 1, "tag": "3156655057"}
[2026-02-12 16:41:24,444] INFO      [NEHA] [WEBSOCKET] Order update received: 1200071SSFS1207, status=SENT
[2026-02-12 16:41:24,444] WARNING   [NEHA] [WEBSOCKET] No Blitz mapping for order_id=1200071SSFS1207
[2026-02-12 16:41:24,494] ERROR     [NEHA] [PLACE_ORDER ERROR] {"MessageType": "PLACE_ORDER", "TPOmsName": "MOFL", "UserId": "NEHA", "Data": [{"SequenceNumber": 0, "Account": "", "ExchangeClientID": "NEHA", "BlitzAppOrderID": "3156655057", "ExchangeOrderID": "0", "ExchangeSegment": "NSECM", "ExchangeInstrumentID": 17376, "OrderSide": "Buy", "OrderType": "LIMIT", "ProductType": "CNC", "TimeInForce": "GFD", "OrderPrice": 1.23, "OrderQuantity": 1, "OrderStopPrice": 0.0, "OrderStatus": "Rejected", "OrderAverageTradedPrice": "", "LeavesQuantity": 0, "CumulativeQuantity": 0, "OrderDisclosedQuantity": 0, "OrderGeneratedDateTime": "", "ExchangeTransactTime": "", "LastUpdateDateTime": "", "CancelRejectReason": "Security is not allowed to trade in this market.", "LastTradedPrice": 0.0, "LastTradedQuantity": 0, "LastExecutionTransactTime": "", "ExecutionID": ""}]}
[2026-02-12 16:41:24,520] INFO      [NEHA] [WEBSOCKET] _on_message received
[2026-02-12 16:41:24,526] INFO      [NEHA] [TPOMS-INBOUND][WebSocket] Incoming message:{"ordercategory": "DELIVERY", "clientid": "SSFS1207", "exchange": "NSE", "symboltoken": 17376, "symbol": "EXCEL EQ", "series": "EQ", "expirydate": "0", "strikeprice": 0, "optiontype": "EQ", "orderid": "1100000084753543", "orderinitiatorid": "SSFS1207", "ordertype": "Limit", "orderduration": "DAY", "producttype": "DELIVERY", "error": "Security is not allowed to trade in this market.", "orderstatus": "REJECTED", "buyorsell": "BUY", "totalqtyremaining": 1, "orderqty": 1, "qtytradedtoday": 0, "disclosedqty": 0, "price": 1.23, "triggerprice": 0, "entrydatetime": "12-Feb-2026 16:41:24", "lastmodifiedtime": "01-Jan-1980 00:00:00", "vendor": "", "uniqueorderid": "1200070SSFS1207", "goodtilldate": "", "algoid": 0, "algocategory": 0, "averageprice": 0, "totalqtytraded": 0, "lotsize": 1, "tag": "3156655057"}
[2026-02-12 16:41:24,526] INFO      [NEHA] [WEBSOCKET] Order update received: 1200070SSFS1207, status=REJECTED
[2026-02-12 16:41:24,526] INFO      [NEHA] [WEBSOCKET] Action already consumed for blitz_id=3156655057
[2026-02-12 16:41:24,526] INFO      [NEHA] [WEBSOCKET] Updated cache for blitz_id=3156655057
[2026-02-12 16:41:24,526] INFO      [NEHA] [WEBSOCKET] Skipping unmapped status REJECTED for order_id=1200070SSFS1207
[2026-02-12 16:41:24,526] INFO      [NEHA] [WEBSOCKET] _on_message received
[2026-02-12 16:41:24,526] INFO      [NEHA] [TPOMS-INBOUND][WebSocket] Incoming message:{"ordercategory": "DELIVERY", "clientid": "SSFS1207", "exchange": "NSE", "symboltoken": 17376, "symbol": "EXCEL EQ", "series": "EQ", "expirydate": "0", "strikeprice": 0, "optiontype": "EQ", "orderid": "1100000084753544", "orderinitiatorid": "SSFS1207", "ordertype": "Limit", "orderduration": "DAY", "producttype": "DELIVERY", "error": "Security is not allowed to trade in this market.", "orderstatus": "REJECTED", "buyorsell": "BUY", "totalqtyremaining": 1, "orderqty": 1, "qtytradedtoday": 0, "disclosedqty": 0, "price": 1.23, "triggerprice": 0, "entrydatetime": "12-Feb-2026 16:41:24", "lastmodifiedtime": "01-Jan-1980 00:00:00", "vendor": "", "uniqueorderid": "1200071SSFS1207", "goodtilldate": "", "algoid": 0, "algocategory": 0, "averageprice": 0, "totalqtytraded": 0, "lotsize": 1, "tag": "3156655057"}
[2026-02-12 16:41:24,527] INFO      [NEHA] [WEBSOCKET] Order update received: 1200071SSFS1207, status=REJECTED
[2026-02-12 16:41:24,527] WARNING   [NEHA] [WEBSOCKET] No Blitz mapping for order_id=1200071SSFS1207
[2026-02-12 16:41:27,734] INFO      [NEHA] [WEBSOCKET] _on_message received
[2026-02-12 16:41:27,735] INFO      [NEHA] [TPOMS-INBOUND][WebSocket] Incoming message:{"ordercategory": "DELIVERY", "clientid": "SSFS1207", "exchange": "NSE", "symboltoken": 17376, "symbol": "EXCEL EQ", "series": "EQ", "expirydate": "0", "strikeprice": 0, "optiontype": "EQ", "orderid": "0", "orderinitiatorid": "SSFS1207", "ordertype": "Limit", "orderduration": "DAY", "producttype": "DELIVERY", "error": "", "orderstatus": "SENT", "buyorsell": "BUY", "totalqtyremaining": 1, "orderqty": 1, "qtytradedtoday": 0, "disclosedqty": 0, "price": 1.23, "triggerprice": 0, "entrydatetime": "01-Jan-1980 00:00:00", "lastmodifiedtime": "01-Jan-1980 00:00:00", "vendor": "", "uniqueorderid": "1200072SSFS1207", "goodtilldate": "", "algoid": 0, "algocategory": 0, "averageprice": 0, "totalqtytraded": 0, "lotsize": 1, "tag": "3156655057"}
[2026-02-12 16:41:27,735] INFO      [NEHA] [WEBSOCKET] Order update received: 1200072SSFS1207, status=SENT
[2026-02-12 16:41:27,735] WARNING   [NEHA] [WEBSOCKET] No Blitz mapping for order_id=1200072SSFS1207
[2026-02-12 16:41:27,825] INFO      [NEHA] [WEBSOCKET] _on_message received
[2026-02-12 16:41:27,826] INFO      [NEHA] [TPOMS-INBOUND][WebSocket] Incoming message:{"ordercategory": "DELIVERY", "clientid": "SSFS1207", "exchange": "NSE", "symboltoken": 17376, "symbol": "EXCEL EQ", "series": "EQ", "expirydate": "0", "strikeprice": 0, "optiontype": "EQ", "orderid": "1100000084753596", "orderinitiatorid": "SSFS1207", "ordertype": "Limit", "orderduration": "DAY", "producttype": "DELIVERY", "error": "Security is not allowed to trade in this market.", "orderstatus": "REJECTED", "buyorsell": "BUY", "totalqtyremaining": 1, "orderqty": 1, "qtytradedtoday": 0, "disclosedqty": 0, "price": 1.23, "triggerprice": 0, "entrydatetime": "12-Feb-2026 16:41:27", "lastmodifiedtime": "01-Jan-1980 00:00:00", "vendor": "", "uniqueorderid": "1200072SSFS1207", "goodtilldate": "", "algoid": 0, "algocategory": 0, "averageprice": 0, "totalqtytraded": 0, "lotsize": 1, "tag": "3156655057"}
[2026-02-12 16:41:27,826] INFO      [NEHA] [WEBSOCKET] Order update received: 1200072SSFS1207, status=REJECTED
[2026-02-12 16:41:27,826] WARNING   [NEHA] [WEBSOCKET] No Blitz mapping for order_id=1200072SSFS1207
[2026-02-12 16:41:29,697] INFO      [NEHA] [WEBSOCKET] Sending heartbeat: {"action": "heartbeat", "clientid": "SSFS1207"}
[2026-02-12 16:41:29,698] INFO      [NEHA] [WEBSOCKET] Heartbeat sent entity=NEHA
[2026-02-12 16:41:59,698] INFO      [NEHA] [WEBSOCKET] Sending heartbeat: {"action": "heartbeat", "clientid": "SSFS1207"}
[2026-02-12 16:41:59,700] INFO      [NEHA] [WEBSOCKET] Heartbeat sent entity=NEHA
[2026-02-12 16:42:28,478] WARNING   [NEHA] Logout API call failed: MotilalAuthAPI.logout() got an unexpected keyword argument 'access_token'
[2026-02-12 16:42:28,479] INFO      [NEHA] [WEBSOCKET] Heartbeat stopping entity=NEHA
[2026-02-12 16:42:28,520] INFO      [NEHA] Stopped MotilalAdapter for entity 'NEHA'
[2026-02-12 16:42:28,520] WARNING   [NEHA] [WEBSOCKET] Closed: code=None, reason=None, entity=NEHA
[2026-02-12 16:42:28,520] ERROR     [NEHA] [WEBSOCKET] Reconnect stopped due to auth failure
